This is LuaHBTeX, Version 1.12.0 (MiKTeX 2.9.7400 64-bit)  (format=lualatex 2020.5.5)  26 MAY 2021 14:18
 restricted system commands enabled.
**slides.tex
(./slides.tex
LaTeX2e <2020-02-02> patch level 5
Lua module: luaotfload-main 2020-02-02 3.12 luaotfload entry point
Lua module: luaotfload-init 2020-02-02 3.12 luaotfload submodule / initializatio
n
Lua module: lualibs 2020-02-02 2.70 ConTeXt Lua standard libraries.
Lua module: lualibs-extended 2020-02-02 2.70 ConTeXt Lua libraries -- extended c
ollection.
Lua module: luaotfload-log 2020-02-02 3.12 luaotfload submodule / logging
Lua module: luaotfload-parsers 2020-02-02 3.12 luaotfload submodule / filelist
Lua module: luaotfload-configuration 2020-02-02 3.12 luaotfload submodule / conf
ig file reader
luaotfload | conf : Root cache directory is C:/Users/tarob/AppData/Local/MiKTeX/
2.9/luatex-cache/generic-dev/names.
luaotfload | init : Loading fontloader “fontloader-2020-01-26.lua” from kpse
-resolved path “C:/Program Files/MiKTeX 2.9/tex/luatex/luaotfload/fontloader-2
020-01-26.lua”.
Lua-only attribute luaotfload@state = 2
Lua-only attribute luaotfload@noligature = 3
Lua-only attribute luaotfload@syllabe = 4
luaotfload | init : Context OpenType loader version “3.11”
Inserting `luaotfload.node_processor' at position 1 in `pre_linebreak_filter'.
Inserting `luaotfload.node_processor' at position 1 in `hpack_filter'.
Lua module: luaotfload-loaders 2020-02-02 3.12 luaotfload submodule / callback h
andling
Inserting `luaotfload.define_font' at position 1 in `define_font'.
Lua module: luaotfload-database 2020-02-02 3.12 luaotfload submodule / database
Lua module: luaotfload-unicode 2020-02-02 3.12 luaotfload submodule / Unicode he
lpers
Lua module: luaotfload-colors 2020-02-02 3.12 luaotfload submodule / color
Lua-only attribute luaotfload_color_attribute = 5
Lua module: luaotfload-resolvers 2020-02-02 3.12 luaotfload submodule / resolver
s
luaotfload | conf : Root cache directory is C:/Users/tarob/AppData/Local/MiKTeX/
2.9/luatex-cache/generic-dev/names.
Lua module: luaotfload-features 2020-02-02 3.12 luaotfload submodule / features
Lua module: luaotfload-letterspace 2020-02-02 3.12 luaotfload submodule / color
Lua module: luaotfload-embolden 2020-02-02 3.12 luaotfload submodule / color
Lua module: luaotfload-notdef 2020-02-02 3.12 luaotfload submodule / color
Lua module: luaotfload-harf-define 2020-02-02 3.12 luaotfload submodule / databa
se
Lua module: luaotfload-script 2020-02-02 3.12 luaotfload submodule / Script help
ers
Inserting `luaotfload.harf.strip_prefix' at position 1 in `find_opentype_file'.
Inserting `luaotfload.harf.strip_prefix' at position 1 in `find_truetype_file'.
Lua module: luaotfload-harf-plug 2020-02-02 3.12 luaotfload submodule / database
Inserting `Harf pre_output_filter callback' at position 1 in `pre_output_filter'
.
Inserting `Harf wrapup_run callback' at position 1 in `wrapup_run'.
Inserting `Harf finish_pdffile callback' at position 1 in `finish_pdffile'.
Inserting `Harf glyph_info callback' at position 1 in `glyph_info'.
Lua module: luaotfload-auxiliary 2020-02-02 3.12 luaotfload submodule / auxiliar
y functions
Inserting `luaotfload.aux.set_sscale_dimens' at position 1 in `luaotfload.patch_
font'.
Inserting `luaotfload.aux.set_font_index' at position 2 in `luaotfload.patch_fon
t'.
Inserting `luaotfload.aux.patch_cambria_domh' at position 3 in `luaotfload.patch
_font'.
Inserting `luaotfload.aux.fixup_fontdata' at position 1 in `luaotfload.patch_fon
t_unsafe'.
Inserting `luaotfload.aux.set_capheight' at position 4 in `luaotfload.patch_font
'.
Inserting `luaotfload.aux.set_xheight' at position 5 in `luaotfload.patch_font'.
Lua module: luaotfload-fallback 2020-02-02 3.12 luaotfload submodule / fallback
Lua module: luaotfload-multiscript 2020-02-02 3.12 luaotfload submodule / multis
cript
Lua module: luaotfload-tounicode 2020-02-02 3.12 luaotfload submodule / tounicod
e
Inserting `luaotfload.rewrite_fontname' at position 6 in `luaotfload.patch_font'
. L3 programming layer <2020-04-06>
(C:/Users/tarob/AppData/Roaming/MiKTeX/2.9/tex/latex/beamer/beamer.cls
Document Class: beamer 2020/07/22 v3.59 A class for typesetting presentations

(C:/Users/tarob/AppData/Roaming/MiKTeX/2.9/tex/latex/beamer/beamerbasemodes.sty
(C:/Users/tarob/AppData/Roaming/MiKTeX/2.9/tex/latex/etoolbox/etoolbox.sty
Package: etoolbox 2019/09/21 v2.5h e-TeX tools for LaTeX (JAW)
\etb@tempcnta=\count163
)
\beamer@tempbox=\box45
\beamer@tempcount=\count164
\c@beamerpauses=\count165

(C:/Users/tarob/AppData/Roaming/MiKTeX/2.9/tex/latex/beamer/beamerbasedecode.st
y
\beamer@slideinframe=\count166
\beamer@minimum=\count167
\beamer@decode@box=\box46
)
\beamer@commentbox=\box47
\beamer@modecount=\count168
) (C:/Users/tarob/AppData/Roaming/MiKTeX/2.9/tex/generic/iftex/ifpdf.sty
Package: ifpdf 2019/10/25 v3.4 ifpdf legacy package. Use iftex instead.

(C:/Users/tarob/AppData/Roaming/MiKTeX/2.9/tex/generic/iftex/iftex.sty
Package: iftex 2020/03/06 v1.0d TeX engine tests
))
\headdp=\dimen134
\footheight=\dimen135
\sidebarheight=\dimen136
\beamer@tempdim=\dimen137
\beamer@finalheight=\dimen138
\beamer@animht=\dimen139
\beamer@animdp=\dimen140
\beamer@animwd=\dimen141
\beamer@leftmargin=\dimen142
\beamer@rightmargin=\dimen143
\beamer@leftsidebar=\dimen144
\beamer@rightsidebar=\dimen145
\beamer@boxsize=\dimen146
\beamer@vboxoffset=\dimen147
\beamer@descdefault=\dimen148
\beamer@descriptionwidth=\dimen149
\beamer@lastskip=\skip47
\beamer@areabox=\box48
\beamer@animcurrent=\box49
\beamer@animshowbox=\box50
\beamer@sectionbox=\box51
\beamer@logobox=\box52
\beamer@linebox=\box53
\beamer@sectioncount=\count169
\beamer@subsubsectionmax=\count170
\beamer@subsectionmax=\count171
\beamer@sectionmax=\count172
\beamer@totalheads=\count173
\beamer@headcounter=\count174
\beamer@partstartpage=\count175
\beamer@sectionstartpage=\count176
\beamer@subsectionstartpage=\count177
\beamer@animationtempa=\count178
\beamer@animationtempb=\count179
\beamer@xpos=\count180
\beamer@ypos=\count181
\beamer@ypos@offset=\count182
\beamer@showpartnumber=\count183
\beamer@currentsubsection=\count184
\beamer@coveringdepth=\count185
\beamer@sectionadjust=\count186
\beamer@tocsectionnumber=\count187

(C:/Users/tarob/AppData/Roaming/MiKTeX/2.9/tex/latex/beamer/beamerbaseoptions.s
ty ("C:/Program Files/MiKTeX 2.9/tex/latex/graphics/keyval.sty"
Package: keyval 2014/10/28 v1.15 key=value parser (DPC)
\KV@toks@=\toks15
))
\beamer@paperwidth=\skip48
\beamer@paperheight=\skip49

("C:/Program Files/MiKTeX 2.9/tex/latex/geometry/geometry.sty"
Package: geometry 2020/01/02 v5.9 Page Geometry

(C:/Users/tarob/AppData/Roaming/MiKTeX/2.9/tex/generic/iftex/ifvtex.sty
Package: ifvtex 2019/10/25 v1.7 ifvtex legacy package. Use iftex instead.
)
\Gm@cnth=\count188
\Gm@cntv=\count189
\c@Gm@tempcnt=\count190
\Gm@bindingoffset=\dimen150
\Gm@wd@mp=\dimen151
\Gm@odd@mp=\dimen152
\Gm@even@mp=\dimen153
\Gm@layoutwidth=\dimen154
\Gm@layoutheight=\dimen155
\Gm@layouthoffset=\dimen156
\Gm@layoutvoffset=\dimen157
\Gm@dimlist=\toks16

("C:/Program Files/MiKTeX 2.9/tex/latex/geometry/geometry.cfg"))
("C:/Program Files/MiKTeX 2.9/tex/latex/base/size11.clo"
File: size11.clo 2019/12/20 v1.4l Standard LaTeX file (size option)
luaotfload | db : Font names database loaded from C:/Users/tarob/AppData/Local/M
iKTeX/2.9/luatex-cache/generic-dev/names/luaotfload-names.luc)
(C:/Users/tarob/AppData/Roaming/MiKTeX/2.9/tex/latex/pgf/basiclayer/pgfcore.sty
("C:/Program Files/MiKTeX 2.9/tex/latex/graphics/graphicx.sty"
Package: graphicx 2019/11/30 v1.2a Enhanced LaTeX Graphics (DPC,SPQR)

("C:/Program Files/MiKTeX 2.9/tex/latex/graphics/graphics.sty"
Package: graphics 2019/11/30 v1.4a Standard LaTeX Graphics (DPC,SPQR)

("C:/Program Files/MiKTeX 2.9/tex/latex/graphics/trig.sty"
Package: trig 2016/01/03 v1.10 sin cos tan (DPC)
)
("C:/Program Files/MiKTeX 2.9/tex/latex/graphics-cfg/graphics.cfg"
File: graphics.cfg 2016/06/04 v1.11 sample graphics configuration
)
Package graphics Info: Driver file: luatex.def on input line 105.

("C:/Program Files/MiKTeX 2.9/tex/latex/graphics-def/luatex.def"
File: luatex.def 2018/01/08 v1.0l Graphics/color driver for luatex
))
\Gin@req@height=\dimen158
\Gin@req@width=\dimen159
)
(C:/Users/tarob/AppData/Roaming/MiKTeX/2.9/tex/latex/pgf/systemlayer/pgfsys.sty
(C:/Users/tarob/AppData/Roaming/MiKTeX/2.9/tex/latex/pgf/utilities/pgfrcs.sty
(C:/Users/tarob/AppData/Roaming/MiKTeX/2.9/tex/generic/pgf/utilities/pgfutil-co
mmon.tex
\pgfutil@everybye=\toks17
\pgfutil@tempdima=\dimen160
\pgfutil@tempdimb=\dimen161

(C:/Users/tarob/AppData/Roaming/MiKTeX/2.9/tex/generic/pgf/utilities/pgfutil-co
mmon-lists.tex))
(C:/Users/tarob/AppData/Roaming/MiKTeX/2.9/tex/generic/pgf/utilities/pgfutil-la
tex.def
\pgfutil@abb=\box54
 (C:/Users/tarob/AppData/Roaming/MiKTeX/2.9/tex/latex/ms/everyshi.sty
Package: everyshi 2001/05/15 v3.00 EveryShipout Package (MS)
))
(C:/Users/tarob/AppData/Roaming/MiKTeX/2.9/tex/generic/pgf/utilities/pgfrcs.cod
e.tex
(C:/Users/tarob/AppData/Roaming/MiKTeX/2.9/tex/generic/pgf/pgf.revision.tex)
Package: pgfrcs 2020/01/08 v3.1.5b (3.1.5b)
))
(C:/Users/tarob/AppData/Roaming/MiKTeX/2.9/tex/generic/pgf/systemlayer/pgfsys.c
ode.tex
Package: pgfsys 2020/01/08 v3.1.5b (3.1.5b)

(C:/Users/tarob/AppData/Roaming/MiKTeX/2.9/tex/generic/pgf/utilities/pgfkeys.co
de.tex
\pgfkeys@pathtoks=\toks18
\pgfkeys@temptoks=\toks19

(C:/Users/tarob/AppData/Roaming/MiKTeX/2.9/tex/generic/pgf/utilities/pgfkeysfil
tered.code.tex
\pgfkeys@tmptoks=\toks20
))
\pgf@x=\dimen162
\pgf@y=\dimen163
\pgf@xa=\dimen164
\pgf@ya=\dimen165
\pgf@xb=\dimen166
\pgf@yb=\dimen167
\pgf@xc=\dimen168
\pgf@yc=\dimen169
\pgf@xd=\dimen170
\pgf@yd=\dimen171
\w@pgf@writea=\write3
\r@pgf@reada=\read2
\c@pgf@counta=\count191
\c@pgf@countb=\count192
\c@pgf@countc=\count193
\c@pgf@countd=\count194
\t@pgf@toka=\toks21
\t@pgf@tokb=\toks22
\t@pgf@tokc=\toks23
\pgf@sys@id@count=\count195

(C:/Users/tarob/AppData/Roaming/MiKTeX/2.9/tex/generic/pgf/systemlayer/pgf.cfg
File: pgf.cfg 2020/01/08 v3.1.5b (3.1.5b)
)
Driver file for pgf: pgfsys-luatex.def

(C:/Users/tarob/AppData/Roaming/MiKTeX/2.9/tex/generic/pgf/systemlayer/pgfsys-l
uatex.def
File: pgfsys-luatex.def 2020/01/08 v3.1.5b (3.1.5b)

(C:/Users/tarob/AppData/Roaming/MiKTeX/2.9/tex/generic/pgf/systemlayer/pgfsys-c
ommon-pdf.def
File: pgfsys-common-pdf.def 2020/01/08 v3.1.5b (3.1.5b)
)))
(C:/Users/tarob/AppData/Roaming/MiKTeX/2.9/tex/generic/pgf/systemlayer/pgfsysso
ftpath.code.tex
File: pgfsyssoftpath.code.tex 2020/01/08 v3.1.5b (3.1.5b)
\pgfsyssoftpath@smallbuffer@items=\count196
\pgfsyssoftpath@bigbuffer@items=\count197
)
(C:/Users/tarob/AppData/Roaming/MiKTeX/2.9/tex/generic/pgf/systemlayer/pgfsyspr
otocol.code.tex
File: pgfsysprotocol.code.tex 2020/01/08 v3.1.5b (3.1.5b)
))
(C:/Users/tarob/AppData/Roaming/MiKTeX/2.9/tex/latex/xcolor/xcolor.sty
Package: xcolor 2016/05/11 v2.12 LaTeX color extensions (UK)

("C:/Program Files/MiKTeX 2.9/tex/latex/graphics-cfg/color.cfg"
File: color.cfg 2016/01/02 v1.6 sample color configuration
)
Package xcolor Info: Driver file: luatex.def on input line 225.
Package xcolor Info: Model `cmy' substituted by `cmy0' on input line 1348.
Package xcolor Info: Model `hsb' substituted by `rgb' on input line 1352.
Package xcolor Info: Model `RGB' extended on input line 1364.
Package xcolor Info: Model `HTML' substituted by `rgb' on input line 1366.
Package xcolor Info: Model `Hsb' substituted by `hsb' on input line 1367.
Package xcolor Info: Model `tHsb' substituted by `hsb' on input line 1368.
Package xcolor Info: Model `HSB' substituted by `hsb' on input line 1369.
Package xcolor Info: Model `Gray' substituted by `gray' on input line 1370.
Package xcolor Info: Model `wave' substituted by `hsb' on input line 1371.
)
(C:/Users/tarob/AppData/Roaming/MiKTeX/2.9/tex/generic/pgf/basiclayer/pgfcore.c
ode.tex
Package: pgfcore 2020/01/08 v3.1.5b (3.1.5b)

(C:/Users/tarob/AppData/Roaming/MiKTeX/2.9/tex/generic/pgf/math/pgfmath.code.te
x
(C:/Users/tarob/AppData/Roaming/MiKTeX/2.9/tex/generic/pgf/math/pgfmathcalc.cod
e.tex
(C:/Users/tarob/AppData/Roaming/MiKTeX/2.9/tex/generic/pgf/math/pgfmathutil.cod
e.tex)
(C:/Users/tarob/AppData/Roaming/MiKTeX/2.9/tex/generic/pgf/math/pgfmathparser.c
ode.tex
\pgfmath@dimen=\dimen172
\pgfmath@count=\count198
\pgfmath@box=\box55
\pgfmath@toks=\toks24
\pgfmath@stack@operand=\toks25
\pgfmath@stack@operation=\toks26
)
(C:/Users/tarob/AppData/Roaming/MiKTeX/2.9/tex/generic/pgf/math/pgfmathfunction
s.code.tex
(C:/Users/tarob/AppData/Roaming/MiKTeX/2.9/tex/generic/pgf/math/pgfmathfunction
s.basic.code.tex)
(C:/Users/tarob/AppData/Roaming/MiKTeX/2.9/tex/generic/pgf/math/pgfmathfunction
s.trigonometric.code.tex)
(C:/Users/tarob/AppData/Roaming/MiKTeX/2.9/tex/generic/pgf/math/pgfmathfunction
s.random.code.tex)
(C:/Users/tarob/AppData/Roaming/MiKTeX/2.9/tex/generic/pgf/math/pgfmathfunction
s.comparison.code.tex)
(C:/Users/tarob/AppData/Roaming/MiKTeX/2.9/tex/generic/pgf/math/pgfmathfunction
s.base.code.tex)
(C:/Users/tarob/AppData/Roaming/MiKTeX/2.9/tex/generic/pgf/math/pgfmathfunction
s.round.code.tex)
(C:/Users/tarob/AppData/Roaming/MiKTeX/2.9/tex/generic/pgf/math/pgfmathfunction
s.misc.code.tex)
(C:/Users/tarob/AppData/Roaming/MiKTeX/2.9/tex/generic/pgf/math/pgfmathfunction
s.integerarithmetics.code.tex)))
(C:/Users/tarob/AppData/Roaming/MiKTeX/2.9/tex/generic/pgf/math/pgfmathfloat.co
de.tex
\c@pgfmathroundto@lastzeros=\count199
))
(C:/Users/tarob/AppData/Roaming/MiKTeX/2.9/tex/generic/pgf/math/pgfint.code.tex
)
(C:/Users/tarob/AppData/Roaming/MiKTeX/2.9/tex/generic/pgf/basiclayer/pgfcorepo
ints.code.tex
File: pgfcorepoints.code.tex 2020/01/08 v3.1.5b (3.1.5b)
\pgf@picminx=\dimen173
\pgf@picmaxx=\dimen174
\pgf@picminy=\dimen175
\pgf@picmaxy=\dimen176
\pgf@pathminx=\dimen177
\pgf@pathmaxx=\dimen178
\pgf@pathminy=\dimen179
\pgf@pathmaxy=\dimen180
\pgf@xx=\dimen181
\pgf@xy=\dimen182
\pgf@yx=\dimen183
\pgf@yy=\dimen184
\pgf@zx=\dimen185
\pgf@zy=\dimen186
)
(C:/Users/tarob/AppData/Roaming/MiKTeX/2.9/tex/generic/pgf/basiclayer/pgfcorepa
thconstruct.code.tex
File: pgfcorepathconstruct.code.tex 2020/01/08 v3.1.5b (3.1.5b)
\pgf@path@lastx=\dimen187
\pgf@path@lasty=\dimen188
)
(C:/Users/tarob/AppData/Roaming/MiKTeX/2.9/tex/generic/pgf/basiclayer/pgfcorepa
thusage.code.tex
File: pgfcorepathusage.code.tex 2020/01/08 v3.1.5b (3.1.5b)
\pgf@shorten@end@additional=\dimen189
\pgf@shorten@start@additional=\dimen190
)
(C:/Users/tarob/AppData/Roaming/MiKTeX/2.9/tex/generic/pgf/basiclayer/pgfcoresc
opes.code.tex
File: pgfcorescopes.code.tex 2020/01/08 v3.1.5b (3.1.5b)
\pgfpic=\box56
\pgf@hbox=\box57
\pgf@layerbox@main=\box58
\pgf@picture@serial@count=\count266
)
(C:/Users/tarob/AppData/Roaming/MiKTeX/2.9/tex/generic/pgf/basiclayer/pgfcoregr
aphicstate.code.tex
File: pgfcoregraphicstate.code.tex 2020/01/08 v3.1.5b (3.1.5b)
\pgflinewidth=\dimen191
)
(C:/Users/tarob/AppData/Roaming/MiKTeX/2.9/tex/generic/pgf/basiclayer/pgfcoretr
ansformations.code.tex
File: pgfcoretransformations.code.tex 2020/01/08 v3.1.5b (3.1.5b)
\pgf@pt@x=\dimen192
\pgf@pt@y=\dimen193
\pgf@pt@temp=\dimen194
)
(C:/Users/tarob/AppData/Roaming/MiKTeX/2.9/tex/generic/pgf/basiclayer/pgfcorequ
ick.code.tex
File: pgfcorequick.code.tex 2020/01/08 v3.1.5b (3.1.5b)
)
(C:/Users/tarob/AppData/Roaming/MiKTeX/2.9/tex/generic/pgf/basiclayer/pgfcoreob
jects.code.tex
File: pgfcoreobjects.code.tex 2020/01/08 v3.1.5b (3.1.5b)
)
(C:/Users/tarob/AppData/Roaming/MiKTeX/2.9/tex/generic/pgf/basiclayer/pgfcorepa
thprocessing.code.tex
File: pgfcorepathprocessing.code.tex 2020/01/08 v3.1.5b (3.1.5b)
)
(C:/Users/tarob/AppData/Roaming/MiKTeX/2.9/tex/generic/pgf/basiclayer/pgfcorear
rows.code.tex
File: pgfcorearrows.code.tex 2020/01/08 v3.1.5b (3.1.5b)
\pgfarrowsep=\dimen195
)
(C:/Users/tarob/AppData/Roaming/MiKTeX/2.9/tex/generic/pgf/basiclayer/pgfcoresh
ade.code.tex
File: pgfcoreshade.code.tex 2020/01/08 v3.1.5b (3.1.5b)
\pgf@max=\dimen196
\pgf@sys@shading@range@num=\count267
\pgf@shadingcount=\count268
)
(C:/Users/tarob/AppData/Roaming/MiKTeX/2.9/tex/generic/pgf/basiclayer/pgfcoreim
age.code.tex
File: pgfcoreimage.code.tex 2020/01/08 v3.1.5b (3.1.5b)

(C:/Users/tarob/AppData/Roaming/MiKTeX/2.9/tex/generic/pgf/basiclayer/pgfcoreex
ternal.code.tex
File: pgfcoreexternal.code.tex 2020/01/08 v3.1.5b (3.1.5b)
\pgfexternal@startupbox=\box59
))
(C:/Users/tarob/AppData/Roaming/MiKTeX/2.9/tex/generic/pgf/basiclayer/pgfcorela
yers.code.tex
File: pgfcorelayers.code.tex 2020/01/08 v3.1.5b (3.1.5b)
)
(C:/Users/tarob/AppData/Roaming/MiKTeX/2.9/tex/generic/pgf/basiclayer/pgfcoretr
ansparency.code.tex
File: pgfcoretransparency.code.tex 2020/01/08 v3.1.5b (3.1.5b)
)
(C:/Users/tarob/AppData/Roaming/MiKTeX/2.9/tex/generic/pgf/basiclayer/pgfcorepa
tterns.code.tex
File: pgfcorepatterns.code.tex 2020/01/08 v3.1.5b (3.1.5b)
)
(C:/Users/tarob/AppData/Roaming/MiKTeX/2.9/tex/generic/pgf/basiclayer/pgfcorerd
f.code.tex
File: pgfcorerdf.code.tex 2020/01/08 v3.1.5b (3.1.5b)
)))
(C:/Users/tarob/AppData/Roaming/MiKTeX/2.9/tex/latex/pgf/utilities/xxcolor.sty
Package: xxcolor 2003/10/24 ver 0.1
\XC@nummixins=\count269
\XC@countmixins=\count270
) (C:/Users/tarob/AppData/Roaming/MiKTeX/2.9/tex/generic/atbegshi/atbegshi.sty
Package: atbegshi 2019/12/05 v1.19 At begin shipout hook (HO)

(C:/Users/tarob/AppData/Roaming/MiKTeX/2.9/tex/generic/infwarerr/infwarerr.sty
Package: infwarerr 2019/12/03 v1.5 Providing info/warning/error messages (HO)
) (C:/Users/tarob/AppData/Roaming/MiKTeX/2.9/tex/generic/ltxcmds/ltxcmds.sty
Package: ltxcmds 2019/12/15 v1.24 LaTeX kernel commands for general use (HO)
))
("C:/Program Files/MiKTeX 2.9/tex/latex/hyperref/hyperref.sty"
Package: hyperref 2020/01/14 v7.00d Hypertext links for LaTeX

(C:/Users/tarob/AppData/Roaming/MiKTeX/2.9/tex/latex/pdftexcmds/pdftexcmds.sty
Package: pdftexcmds 2019/11/24 v0.31 Utility functions of pdfTeX for LuaTeX (HO)

Package pdftexcmds Info: \pdf@primitive is available.
Package pdftexcmds Info: \pdf@ifprimitive is available.
Package pdftexcmds Info: \pdfdraftmode found.
\pdftexcmds@toks=\toks27
) (C:/Users/tarob/AppData/Roaming/MiKTeX/2.9/tex/generic/kvsetkeys/kvsetkeys.st
y
Package: kvsetkeys 2019/12/15 v1.18 Key value parser (HO)
)
(C:/Users/tarob/AppData/Roaming/MiKTeX/2.9/tex/generic/kvdefinekeys/kvdefinekey
s.sty
Package: kvdefinekeys 2019-12-19 v1.6 Define keys (HO)
)
(C:/Users/tarob/AppData/Roaming/MiKTeX/2.9/tex/generic/pdfescape/pdfescape.sty
Package: pdfescape 2019/12/09 v1.15 Implements pdfTeX's escape features (HO)
) (C:/Users/tarob/AppData/Roaming/MiKTeX/2.9/tex/latex/hycolor/hycolor.sty
Package: hycolor 2020-01-27 v1.10 Color options for hyperref/bookmark (HO)
)
(C:/Users/tarob/AppData/Roaming/MiKTeX/2.9/tex/latex/letltxmacro/letltxmacro.st
y
Package: letltxmacro 2019/12/03 v1.6 Let assignment for LaTeX macros (HO)
) (C:/Users/tarob/AppData/Roaming/MiKTeX/2.9/tex/latex/auxhook/auxhook.sty
Package: auxhook 2019-12-17 v1.6 Hooks for auxiliary files (HO)
)
(C:/Users/tarob/AppData/Roaming/MiKTeX/2.9/tex/latex/kvoptions/kvoptions.sty
Package: kvoptions 2019/11/29 v3.13 Key value format for package options (HO)
)
\@linkdim=\dimen197
\Hy@linkcounter=\count271
\Hy@pagecounter=\count272

("C:/Program Files/MiKTeX 2.9/tex/latex/hyperref/pd1enc.def"
File: pd1enc.def 2020/01/14 v7.00d Hyperref: PDFDocEncoding definition (HO)
)
(C:/Users/tarob/AppData/Roaming/MiKTeX/2.9/tex/generic/intcalc/intcalc.sty
Package: intcalc 2019/12/15 v1.3 Expandable calculations with integers (HO)
)
(C:/Users/tarob/AppData/Roaming/MiKTeX/2.9/tex/generic/etexcmds/etexcmds.sty
Package: etexcmds 2019/12/15 v1.7 Avoid name clashes with e-TeX commands (HO)
)
\Hy@SavedSpaceFactor=\count273
Package hyperref Info: Option `bookmarks' set `true' on input line 4421.
Package hyperref Info: Option `bookmarksopen' set `true' on input line 4421.
Package hyperref Info: Option `implicit' set `false' on input line 4421.
Package hyperref Info: Hyper figures OFF on input line 4547.
Package hyperref Info: Link nesting OFF on input line 4552.
Package hyperref Info: Hyper index ON on input line 4555.
Package hyperref Info: Plain pages OFF on input line 4562.
Package hyperref Info: Backreferencing OFF on input line 4567.
Package hyperref Info: Implicit mode OFF; no redefinition of LaTeX internals.
Package hyperref Info: Bookmarks ON on input line 4800.
\c@Hy@tempcnt=\count274

(C:/Users/tarob/AppData/Roaming/MiKTeX/2.9/tex/latex/url/url.sty
\Urlmuskip=\muskip16
Package: url 2013/09/16  ver 3.4  Verb mode for urls, etc.
)
LaTeX Info: Redefining \url on input line 5159.
\XeTeXLinkMargin=\dimen198

(C:/Users/tarob/AppData/Roaming/MiKTeX/2.9/tex/generic/bitset/bitset.sty
Package: bitset 2019/12/09 v1.3 Handle bit-vector datatype (HO)

(C:/Users/tarob/AppData/Roaming/MiKTeX/2.9/tex/generic/bigintcalc/bigintcalc.st
y
Package: bigintcalc 2019/12/15 v1.5 Expandable calculations on big integers (HO)

))
\Fld@menulength=\count275
\Field@Width=\dimen199
\Fld@charsize=\dimen256
Package hyperref Info: Hyper figures OFF on input line 6430.
Package hyperref Info: Link nesting OFF on input line 6435.
Package hyperref Info: Hyper index ON on input line 6438.
Package hyperref Info: backreferencing OFF on input line 6445.
Package hyperref Info: Link coloring OFF on input line 6450.
Package hyperref Info: Link coloring with OCG OFF on input line 6455.
Package hyperref Info: PDF/A mode OFF on input line 6460.
LaTeX Info: Redefining \ref on input line 6500.
LaTeX Info: Redefining \pageref on input line 6504.
\Hy@abspage=\count276


Package hyperref Message: Stopped early.

)
Package hyperref Info: Driver (autodetected): hluatex.
 ("C:/Program Files/MiKTeX 2.9/tex/latex/hyperref/hluatex.def"
File: hluatex.def 2020/01/14 v7.00d Hyperref driver for luaTeX

("C:/Program Files/MiKTeX 2.9/tex/latex/hyperref/puenc.def"
File: puenc.def 2020/01/14 v7.00d Hyperref: PDF Unicode definition (HO)
)
(C:/Users/tarob/AppData/Roaming/MiKTeX/2.9/tex/generic/stringenc/stringenc.sty
Package: stringenc 2019/11/29 v1.12 Convert strings between diff. encodings (HO)

) (C:/Users/tarob/AppData/Roaming/MiKTeX/2.9/tex/latex/atveryend/atveryend.sty
Package: atveryend 2019-12-11 v1.11 Hooks at the very end of document (HO)
)
\Fld@listcount=\count277
\c@bookmark@seq@number=\count278

(C:/Users/tarob/AppData/Roaming/MiKTeX/2.9/tex/latex/rerunfilecheck/rerunfilech
eck.sty
Package: rerunfilecheck 2019/12/05 v1.9 Rerun checks for auxiliary files (HO)

(C:/Users/tarob/AppData/Roaming/MiKTeX/2.9/tex/generic/uniquecounter/uniquecoun
ter.sty
Package: uniquecounter 2019/12/15 v1.4 Provide unlimited unique counter (HO)
)
Package uniquecounter Info: New unique counter `rerunfilecheck' on input line 28
6.
))
(C:/Users/tarob/AppData/Roaming/MiKTeX/2.9/tex/latex/beamer/beamerbaserequires.
sty
(C:/Users/tarob/AppData/Roaming/MiKTeX/2.9/tex/latex/beamer/beamerbasecompatibi
lity.sty)
(C:/Users/tarob/AppData/Roaming/MiKTeX/2.9/tex/latex/beamer/beamerbasefont.sty
("C:/Program Files/MiKTeX 2.9/tex/latex/amsfonts/amssymb.sty"
Package: amssymb 2013/01/14 v3.01 AMS font symbols

("C:/Program Files/MiKTeX 2.9/tex/latex/amsfonts/amsfonts.sty"
Package: amsfonts 2013/01/14 v3.01 Basic AMSFonts support
\@emptytoks=\toks28
\symAMSa=\mathgroup4
\symAMSb=\mathgroup5
LaTeX Font Info:    Redeclaring math symbol \hbar on input line 98.
LaTeX Font Info:    Overwriting math alphabet `\mathfrak' in version `bold'
(Font)                  U/euf/m/n --> U/euf/b/n on input line 106.
))
(C:/Users/tarob/AppData/Roaming/MiKTeX/2.9/tex/latex/sansmathaccent/sansmathacc
ent.sty
Package: sansmathaccent 2020/01/31

(C:/Users/tarob/AppData/Roaming/MiKTeX/2.9/tex/latex/koma-script/scrlfile.sty
Package: scrlfile 2020/07/22 v3.31 KOMA-Script package (loading files)
)))
(C:/Users/tarob/AppData/Roaming/MiKTeX/2.9/tex/latex/beamer/beamerbasetranslato
r.sty
(C:/Users/tarob/AppData/Roaming/MiKTeX/2.9/tex/latex/translator/translator.sty
Package: translator 2019-05-31 v1.12a Easy translation of strings in LaTeX
))
(C:/Users/tarob/AppData/Roaming/MiKTeX/2.9/tex/latex/beamer/beamerbasemisc.sty)
(C:/Users/tarob/AppData/Roaming/MiKTeX/2.9/tex/latex/beamer/beamerbasetwoscreen
s.sty)
(C:/Users/tarob/AppData/Roaming/MiKTeX/2.9/tex/latex/beamer/beamerbaseoverlay.s
ty
\beamer@argscount=\count279
\beamer@lastskipcover=\skip50
\beamer@trivlistdepth=\count280
)
(C:/Users/tarob/AppData/Roaming/MiKTeX/2.9/tex/latex/beamer/beamerbasetitle.sty
)
(C:/Users/tarob/AppData/Roaming/MiKTeX/2.9/tex/latex/beamer/beamerbasesection.s
ty
\c@lecture=\count281
\c@part=\count282
\c@section=\count283
\c@subsection=\count284
\c@subsubsection=\count285
)
(C:/Users/tarob/AppData/Roaming/MiKTeX/2.9/tex/latex/beamer/beamerbaseframe.sty
\beamer@framebox=\box60
\beamer@frametitlebox=\box61
\beamer@zoombox=\box62
\beamer@zoomcount=\count286
\beamer@zoomframecount=\count287
\beamer@frametextheight=\dimen257
\c@subsectionslide=\count288
\beamer@frametopskip=\skip51
\beamer@framebottomskip=\skip52
\beamer@frametopskipautobreak=\skip53
\beamer@framebottomskipautobreak=\skip54
\beamer@envbody=\toks29
\framewidth=\dimen258
\c@framenumber=\count289
)
(C:/Users/tarob/AppData/Roaming/MiKTeX/2.9/tex/latex/beamer/beamerbaseverbatim.
sty
\beamer@verbatimfileout=\write4
)
(C:/Users/tarob/AppData/Roaming/MiKTeX/2.9/tex/latex/beamer/beamerbaseframesize
.sty
\beamer@splitbox=\box63
\beamer@autobreakcount=\count290
\beamer@autobreaklastheight=\dimen259
\beamer@frametitletoks=\toks30
\beamer@framesubtitletoks=\toks31
)
(C:/Users/tarob/AppData/Roaming/MiKTeX/2.9/tex/latex/beamer/beamerbaseframecomp
onents.sty
\beamer@footins=\box64
)
(C:/Users/tarob/AppData/Roaming/MiKTeX/2.9/tex/latex/beamer/beamerbasecolor.sty
)
(C:/Users/tarob/AppData/Roaming/MiKTeX/2.9/tex/latex/beamer/beamerbasenotes.sty
\beamer@frameboxcopy=\box65
) (C:/Users/tarob/AppData/Roaming/MiKTeX/2.9/tex/latex/beamer/beamerbasetoc.sty
)
(C:/Users/tarob/AppData/Roaming/MiKTeX/2.9/tex/latex/beamer/beamerbasetemplates
.sty
\beamer@sbttoks=\toks32

(C:/Users/tarob/AppData/Roaming/MiKTeX/2.9/tex/latex/beamer/beamerbaseauxtempla
tes.sty
(C:/Users/tarob/AppData/Roaming/MiKTeX/2.9/tex/latex/beamer/beamerbaseboxes.sty
\bmb@box=\box66
\bmb@colorbox=\box67
\bmb@boxshadow=\box68
\bmb@boxshadowball=\box69
\bmb@boxshadowballlarge=\box70
\bmb@temp=\dimen260
\bmb@dima=\dimen261
\bmb@dimb=\dimen262
\bmb@prevheight=\dimen263
)
\beamer@blockheadheight=\dimen264
))
(C:/Users/tarob/AppData/Roaming/MiKTeX/2.9/tex/latex/beamer/beamerbaselocalstru
cture.sty ("C:/Program Files/MiKTeX 2.9/tex/latex/tools/enumerate.sty"
Package: enumerate 2015/07/23 v3.00 enumerate extensions (DPC)
\@enLab=\toks33
)
\c@figure=\count291
\c@table=\count292
\abovecaptionskip=\skip55
\belowcaptionskip=\skip56
)
(C:/Users/tarob/AppData/Roaming/MiKTeX/2.9/tex/latex/beamer/beamerbasenavigatio
n.sty
\beamer@section@min@dim=\dimen265
)
(C:/Users/tarob/AppData/Roaming/MiKTeX/2.9/tex/latex/beamer/beamerbasetheorems.
sty ("C:/Program Files/MiKTeX 2.9/tex/latex/amsmath/amsmath.sty"
Package: amsmath 2020/01/20 v2.17e AMS math features
\@mathmargin=\skip57

For additional information on amsmath, use the `?' option.
("C:/Program Files/MiKTeX 2.9/tex/latex/amsmath/amstext.sty"
Package: amstext 2000/06/29 v2.01 AMS text

("C:/Program Files/MiKTeX 2.9/tex/latex/amsmath/amsgen.sty"
File: amsgen.sty 1999/11/30 v2.0 generic functions
\@emptytoks=\toks34
\ex@=\dimen266
))
("C:/Program Files/MiKTeX 2.9/tex/latex/amsmath/amsbsy.sty"
Package: amsbsy 1999/11/29 v1.2d Bold Symbols
\pmbraise@=\dimen267
)
("C:/Program Files/MiKTeX 2.9/tex/latex/amsmath/amsopn.sty"
Package: amsopn 2016/03/08 v2.02 operator names
)
\inf@bad=\count293
LaTeX Info: Redefining \frac on input line 227.
\uproot@=\count294
\leftroot@=\count295
LaTeX Info: Redefining \overline on input line 389.
\classnum@=\count296
\DOTSCASE@=\count297
LaTeX Info: Redefining \ldots on input line 486.
LaTeX Info: Redefining \dots on input line 489.
LaTeX Info: Redefining \cdots on input line 610.
\Mathstrutbox@=\box71
\strutbox@=\box72
\big@size=\dimen268
LaTeX Font Info:    Redeclaring font encoding OML on input line 733.
LaTeX Font Info:    Redeclaring font encoding OMS on input line 734.
\macc@depth=\count298
\c@MaxMatrixCols=\count299
\dotsspace@=\muskip17
\c@parentequation=\count300
\dspbrk@lvl=\count301
\tag@help=\toks35
\row@=\count302
\column@=\count303
\maxfields@=\count304
\andhelp@=\toks36
\eqnshift@=\dimen269
\alignsep@=\dimen270
\tagshift@=\dimen271
\tagwidth@=\dimen272
\totwidth@=\dimen273
\lineht@=\dimen274
\@envbody=\toks37
\multlinegap=\skip58
\multlinetaggap=\skip59
\mathdisplay@stack=\toks38
LaTeX Info: Redefining \[ on input line 2859.
LaTeX Info: Redefining \] on input line 2860.
)
("C:/Program Files/MiKTeX 2.9/tex/latex/amscls/amsthm.sty"
Package: amsthm 2017/10/31 v2.20.4
\thm@style=\toks39
\thm@bodyfont=\toks40
\thm@headfont=\toks41
\thm@notefont=\toks42
\thm@headpunct=\toks43
\thm@preskip=\skip60
\thm@postskip=\skip61
\thm@headsep=\skip62
\dth@everypar=\toks44
)
\c@theorem=\count305
)
(C:/Users/tarob/AppData/Roaming/MiKTeX/2.9/tex/latex/beamer/beamerbasethemes.st
y))
(C:/Users/tarob/AppData/Roaming/MiKTeX/2.9/tex/latex/beamer/beamerthemedefault.
sty
(C:/Users/tarob/AppData/Roaming/MiKTeX/2.9/tex/latex/beamer/beamerfontthemedefa
ult.sty)
(C:/Users/tarob/AppData/Roaming/MiKTeX/2.9/tex/latex/beamer/beamercolorthemedef
ault.sty)
(C:/Users/tarob/AppData/Roaming/MiKTeX/2.9/tex/latex/beamer/beamerinnerthemedef
ault.sty
\beamer@dima=\dimen275
\beamer@dimb=\dimen276
)
(C:/Users/tarob/AppData/Roaming/MiKTeX/2.9/tex/latex/beamer/beamerouterthemedef
ault.sty)))
(C:/Users/tarob/AppData/Roaming/MiKTeX/2.9/tex/latex/pgf/basiclayer/pgf.sty
Package: pgf 2020/01/08 v3.1.5b (3.1.5b)

(C:/Users/tarob/AppData/Roaming/MiKTeX/2.9/tex/generic/pgf/modules/pgfmodulesha
pes.code.tex
File: pgfmoduleshapes.code.tex 2020/01/08 v3.1.5b (3.1.5b)
\pgfnodeparttextbox=\box73
)
(C:/Users/tarob/AppData/Roaming/MiKTeX/2.9/tex/generic/pgf/modules/pgfmoduleplo
t.code.tex
File: pgfmoduleplot.code.tex 2020/01/08 v3.1.5b (3.1.5b)
)
(C:/Users/tarob/AppData/Roaming/MiKTeX/2.9/tex/latex/pgf/compatibility/pgfcomp-
version-0-65.sty
Package: pgfcomp-version-0-65 2020/01/08 v3.1.5b (3.1.5b)
\pgf@nodesepstart=\dimen277
\pgf@nodesepend=\dimen278
)
(C:/Users/tarob/AppData/Roaming/MiKTeX/2.9/tex/latex/pgf/compatibility/pgfcomp-
version-1-18.sty
Package: pgfcomp-version-1-18 2020/01/08 v3.1.5b (3.1.5b)
)) ("C:/Program Files/MiKTeX 2.9/tex/generic/babel/babel.sty"
Package: babel 2020/03/22 3.42 The Babel package

("C:/Program Files/MiKTeX 2.9/tex/generic/babel/switch.def"
File: switch.def 2020/03/22 3.42 Babel switching mechanism
)
("C:/Program Files/MiKTeX 2.9/tex/generic/babel/luababel.def"
\bbl@readstream=\read3
\l@afrikaans=\language2
Package babel Info: Non-standard hyphenation setup on input line 117.
\l@ancientgreek=\language3
\l@arabic=\language4
\l@armenian=\language5
\l@assamese=\language6
\l@basque=\language7
\l@belarusian=\language8
\l@bengali=\language9
\l@bokmal=\language10
\l@bulgarian=\language11
\l@catalan=\language12
\l@churchslavonic=\language13
\l@classiclatin=\language14
\l@coptic=\language15
\l@croatian=\language16
\l@czech=\language17
\l@danish=\language18
\l@dutch=\language19
\l@esperanto=\language20
\l@estonian=\language21
\l@ethiopic=\language22
\l@farsi=\language23
\l@finnish=\language24
\l@french=\language25
\l@friulan=\language26
\l@galician=\language27
\l@georgian=\language28
\l@german=\language29
\l@german-x-2019-04-04=\language30
\l@greek=\language31
\l@gujarati=\language32
\l@hindi=\language33
\l@hungarian=\language34
\l@icelandic=\language35
\l@indonesian=\language36
\l@interlingua=\language37
\l@irish=\language38
\l@italian=\language39
\l@kannada=\language40
\l@kurmanji=\language41
\l@latin=\language42
\l@latvian=\language43
\l@lithuanian=\language44
\l@liturgicallatin=\language45
\l@malayalam=\language46
\l@marathi=\language47
\l@mongolian=\language48
\l@mongolianlmc=\language49
\l@monogreek=\language50
\l@ngerman=\language51
\l@ngerman-x-2019-04-04=\language52
\l@nynorsk=\language53
\l@occitan=\language54
\l@oriya=\language55
\l@pali=\language56
\l@panjabi=\language57
\l@piedmontese=\language58
\l@polish=\language59
\l@portuguese=\language60
\l@romanian=\language61
\l@romansh=\language62
\l@russian=\language63
\l@sanskrit=\language64
\l@serbian=\language65
\l@serbianc=\language66
\l@slovak=\language67
\l@slovenian=\language68
\l@spanish=\language69
\l@swedish=\language70
\l@swissgerman=\language71
\l@tamil=\language72
\l@telugu=\language73
\l@thai=\language74
\l@turkish=\language75
\l@turkmen=\language76
\l@ukenglish=\language77
\l@ukrainian=\language78
\l@uppersorbian=\language79
\l@usenglishmax=\language80
\l@welsh=\language81
)
*************************************
* Local config file bblopts.cfg used
*
(C:/Users/tarob/AppData/Roaming/MiKTeX/2.9/tex/latex/arabi/bblopts.cfg
File: bblopts.cfg 2005/09/08 v0.1 add Arabic and Farsi to "declared" options of 
babel
)
("C:/Program Files/MiKTeX 2.9/tex/latex/babel-english/english.ldf"
Language: english 2017/06/06 v3.3r English support from the babel system

("C:/Program Files/MiKTeX 2.9/tex/generic/babel/babel.def"
File: babel.def 2020/03/22 3.42 Babel common definitions
\babel@savecnt=\count306
\U@D=\dimen279

("C:/Program Files/MiKTeX 2.9/tex/generic/babel/luababel.def"
\bbl@attr@locale=\attribute6
)
LaTeX Info: Redefining \textlatin on input line 2435.
)
Package babel Info: \l@canadian = using hyphenrules for english
(babel)             (\language0) on input line 102.
Package babel Info: \l@australian = using hyphenrules for ukenglish
(babel)             (\language77) on input line 105.
Package babel Info: \l@newzealand = using hyphenrules for ukenglish
(babel)             (\language77) on input line 108.
))
("C:/Program Files/MiKTeX 2.9/tex/latex/base/inputenc.sty"
Package: inputenc 2018/08/11 v1.3c Input encoding file
\inpenc@prehook=\toks45
\inpenc@posthook=\toks46


Package inputenc Warning: inputenc package ignored with utf8 based engines.

) ("C:/Program Files/MiKTeX 2.9/tex/latex/graphics/epsfig.sty"
Package: epsfig 2017/06/25 v1.7b (e)psfig emulation (SPQR)
\epsfxsize=\dimen280
\epsfysize=\dimen281
)
(C:/Users/tarob/AppData/Roaming/MiKTeX/2.9/tex/latex/subfigure/subfigure.sty
Package: subfigure 2002/07/30 v2.1.4 subfigure package
\subfigtopskip=\skip63
\subfigcapskip=\skip64
\subfigcaptopadj=\dimen282
\subfigbottomskip=\skip65
\subfigcapmargin=\dimen283
\subfiglabelskip=\skip66
\c@subfigure=\count307
\c@lofdepth=\count308
\c@subtable=\count309
\c@lotdepth=\count310

****************************************
* Local config file subfigure.cfg used *
****************************************
(C:/Users/tarob/AppData/Roaming/MiKTeX/2.9/tex/latex/subfigure/subfigure.cfg)
\subfig@top=\skip67
\subfig@bottom=\skip68
)
(C:/Users/tarob/AppData/Roaming/MiKTeX/2.9/tex/latex/srcltx/srcltx.sty
Package: srcltx 2006/11/12 v1.6 Source specials for inverse search in DVI files

("C:/Program Files/MiKTeX 2.9/tex/latex/base/ifthen.sty"
Package: ifthen 2014/09/29 v1.1c Standard LaTeX ifthen package (DPC)
)
\src@lastline=\count311
\src@new@everypar=\toks47
\src@new@output=\toks48
)
("C:/Program Files/MiKTeX 2.9/tex/latex/jknappen/mathrsfs.sty"
Package: mathrsfs 1996/01/01 Math RSFS package v1.0 (jk)
\symrsfs=\mathgroup6
)
(C:/Users/tarob/AppData/Roaming/MiKTeX/2.9/tex/latex/bbm/bbm.sty
Package: bbm 1999/03/15 V 1.2 provides fonts for set symbols - TH
LaTeX Font Info:    Overwriting math alphabet `\mathbbm' in version `bold'
(Font)                  U/bbm/m/n --> U/bbm/bx/n on input line 33.
LaTeX Font Info:    Overwriting math alphabet `\mathbbmss' in version `bold'
(Font)                  U/bbmss/m/n --> U/bbmss/bx/n on input line 35.
)
(C:/Users/tarob/AppData/Roaming/MiKTeX/2.9/tex/latex/blkarray/blkarray.sty
Package: blkarray 2015/02/27 v0.07 Block array (dpc)
\c@BAenumi=\count312
\BA@col=\count313
\BA@block@cnt=\count314
\BA@final@box=\box74
\BA@first@box=\box75
\BA@colsep=\dimen284
\BA@ftn=\toks49
\BAextrarowheight=\dimen285
\BAextraheightafterhline=\dimen286
\BAarrayrulewidth=\dimen287
\BAdoublerulesep=\dimen288
\BAfootskip=\dimen289
\BA@dashbox=\box76
\BA@ddashbox=\box77
)
(C:/Users/tarob/AppData/Roaming/MiKTeX/2.9/tex/latex/doublestroke/dsfont.sty
Package: dsfont 1995/08/01 v0.1 Double stroke roman fonts
)
("C:/Program Files/MiKTeX 2.9/tex/latex/oberdiek/centernot.sty"
Package: centernot 2016/05/16 v1.4 Centers the not symbol horizontally (HO)
)
(C:/Users/tarob/AppData/Roaming/MiKTeX/2.9/tex/latex/caption/caption.sty
Package: caption 2020/01/03 v3.4h Customizing captions (AR)

(C:/Users/tarob/AppData/Roaming/MiKTeX/2.9/tex/latex/caption/caption3.sty
Package: caption3 2020/01/03 v1.8h caption3 kernel (AR)
Package caption3 Info: TeX engine: e-TeX on input line 61.
\captionmargin=\dimen290
\captionmargin@=\dimen291
\captionwidth=\dimen292
\caption@tempdima=\dimen293
\caption@indent=\dimen294
\caption@parindent=\dimen295
\caption@hangindent=\dimen296
Package caption Info: beamer document class detected.
)
\c@caption@flags=\count315
\c@continuedfloat=\count316
Package caption Info: beamer document class.
Package caption Info: hyperref package is loaded.
Package caption Info: Hyperref support is turned off
(caption)             because hyperref has stopped early.
Package caption Info: subfigure package is loaded.
)
(C:/Users/tarob/AppData/Roaming/MiKTeX/2.9/tex/latex/braket/braket.sty)
("C:/Program Files/MiKTeX 2.9/tex/latex/carlisle/slashed.sty"
Package: slashed 1997/01/16 v0.01 Feynman Slashed Character Notation (DPC)
)
(C:/Users/tarob/AppData/Roaming/MiKTeX/2.9/tex/latex/pgfplots/pgfplots.sty
(C:/Users/tarob/AppData/Roaming/MiKTeX/2.9/tex/generic/pgfplots/pgfplots.revisi
on.tex)
Package: pgfplots 2020/02/29 v1.17 Data Visualization (1.17)

(C:/Users/tarob/AppData/Roaming/MiKTeX/2.9/tex/latex/pgf/frontendlayer/tikz.sty
(C:/Users/tarob/AppData/Roaming/MiKTeX/2.9/tex/latex/pgf/utilities/pgffor.sty
(C:/Users/tarob/AppData/Roaming/MiKTeX/2.9/tex/latex/pgf/utilities/pgfkeys.sty
Package srcltx Info: Expanded filename `pgfkeys.code.tex' to `pgfkeys.code.tex' 
on input line 10.

:<+ pgfkeys.code.tex

(C:/Users/tarob/AppData/Roaming/MiKTeX/2.9/tex/generic/pgf/utilities/pgfkeys.co
de.tex)
:<-
) (C:/Users/tarob/AppData/Roaming/MiKTeX/2.9/tex/latex/pgf/math/pgfmath.sty
Package srcltx Info: Expanded filename `pgfmath.code.tex' to `pgfmath.code.tex' 
on input line 11.

:<+ pgfmath.code.tex

(C:/Users/tarob/AppData/Roaming/MiKTeX/2.9/tex/generic/pgf/math/pgfmath.code.te
x)
:<-
)
Package srcltx Info: Expanded filename `pgffor.code.tex' to `pgffor.code.tex' on
 input line 14.

:<+ pgffor.code.tex

(C:/Users/tarob/AppData/Roaming/MiKTeX/2.9/tex/generic/pgf/utilities/pgffor.cod
e.tex
Package: pgffor 2020/01/08 v3.1.5b (3.1.5b)

(C:/Users/tarob/AppData/Roaming/MiKTeX/2.9/tex/generic/pgf/math/pgfmath.code.te
x)
\pgffor@iter=\dimen297
\pgffor@skip=\dimen298
\pgffor@stack=\toks50
\pgffor@toks=\toks51
)
:<-
)
Package srcltx Info: Expanded filename `tikz.code.tex' to `tikz.code.tex' on inp
ut line 13.

:<+ tikz.code.tex

(C:/Users/tarob/AppData/Roaming/MiKTeX/2.9/tex/generic/pgf/frontendlayer/tikz/t
ikz.code.tex
Package: tikz 2020/01/08 v3.1.5b (3.1.5b)

(C:/Users/tarob/AppData/Roaming/MiKTeX/2.9/tex/generic/pgf/libraries/pgflibrary
plothandlers.code.tex
File: pgflibraryplothandlers.code.tex 2020/01/08 v3.1.5b (3.1.5b)
\pgf@plot@mark@count=\count317
\pgfplotmarksize=\dimen299
)
\tikz@lastx=\dimen300
\tikz@lasty=\dimen301
\tikz@lastxsaved=\dimen302
\tikz@lastysaved=\dimen303
\tikz@lastmovetox=\dimen304
\tikz@lastmovetoy=\dimen305
\tikzleveldistance=\dimen306
\tikzsiblingdistance=\dimen307
\tikz@figbox=\box78
\tikz@figbox@bg=\box79
\tikz@tempbox=\box80
\tikz@tempbox@bg=\box81
\tikztreelevel=\count318
\tikznumberofchildren=\count319
\tikznumberofcurrentchild=\count320
\tikz@fig@count=\count321

(C:/Users/tarob/AppData/Roaming/MiKTeX/2.9/tex/generic/pgf/modules/pgfmodulemat
rix.code.tex
File: pgfmodulematrix.code.tex 2020/01/08 v3.1.5b (3.1.5b)
\pgfmatrixcurrentrow=\count322
\pgfmatrixcurrentcolumn=\count323
\pgf@matrix@numberofcolumns=\count324
)
\tikz@expandcount=\count325

(C:/Users/tarob/AppData/Roaming/MiKTeX/2.9/tex/generic/pgf/frontendlayer/tikz/l
ibraries/tikzlibrarytopaths.code.tex
File: tikzlibrarytopaths.code.tex 2020/01/08 v3.1.5b (3.1.5b)
))
:<-
)
(C:/Users/tarob/AppData/Roaming/MiKTeX/2.9/tex/generic/pgfplots/pgfplots.code.t
ex
(C:/Users/tarob/AppData/Roaming/MiKTeX/2.9/tex/generic/pgfplots/pgfplotscore.co
de.tex
Package pgfplots info on input line 124: Initializing with LUA version Lua 5.3
\pgfplots@luabackend@table=\catcodetable5
\t@pgfplots@toka=\toks52
\t@pgfplots@tokb=\toks53
\t@pgfplots@tokc=\toks54
\pgfplots@tmpa=\dimen308
\c@pgfplots@coordindex=\count326
\c@pgfplots@scanlineindex=\count327

(C:/Users/tarob/AppData/Roaming/MiKTeX/2.9/tex/generic/pgfplots/sys/pgfplotssys
generic.code.tex))
(C:/Users/tarob/AppData/Roaming/MiKTeX/2.9/tex/generic/pgfplots/libs/pgfplotsli
brary.code.tex)
(C:/Users/tarob/AppData/Roaming/MiKTeX/2.9/tex/generic/pgfplots/oldpgfcompatib/
pgfplotsoldpgfsupp_loader.code.tex
(C:/Users/tarob/AppData/Roaming/MiKTeX/2.9/tex/generic/pgf/libraries/pgflibrary
fpu.code.tex)
(C:/Users/tarob/AppData/Roaming/MiKTeX/2.9/tex/generic/pgf/libraries/luamath/pg
flibraryluamath.code.tex)
Package pgfplots info on input line 290: luamath library shipped with pgf 3.1.5b
 is up-to-date
)
(C:/Users/tarob/AppData/Roaming/MiKTeX/2.9/tex/generic/pgfplots/util/pgfplotsut
il.code.tex
Package pgfplots info on input line 82: Found new luatex: initializing lua comma
nds instead of write18 (shell-escape)

(C:/Users/tarob/AppData/Roaming/MiKTeX/2.9/tex/generic/pgfplots/liststructure/p
gfplotsliststructure.code.tex)
(C:/Users/tarob/AppData/Roaming/MiKTeX/2.9/tex/generic/pgfplots/liststructure/p
gfplotsliststructureext.code.tex)
(C:/Users/tarob/AppData/Roaming/MiKTeX/2.9/tex/generic/pgfplots/liststructure/p
gfplotsarray.code.tex
\c@pgfplotsarray@tmp=\count328
)
(C:/Users/tarob/AppData/Roaming/MiKTeX/2.9/tex/generic/pgfplots/liststructure/p
gfplotsmatrix.code.tex)
(C:/Users/tarob/AppData/Roaming/MiKTeX/2.9/tex/generic/pgfplots/numtable/pgfplo
tstableshared.code.tex
\c@pgfplotstable@counta=\count329
\t@pgfplotstable@a=\toks55
)
(C:/Users/tarob/AppData/Roaming/MiKTeX/2.9/tex/generic/pgfplots/liststructure/p
gfplotsdeque.code.tex)
(C:/Users/tarob/AppData/Roaming/MiKTeX/2.9/tex/generic/pgfplots/util/pgfplotsbi
nary.code.tex
(C:/Users/tarob/AppData/Roaming/MiKTeX/2.9/tex/generic/pgfplots/util/pgfplotsbi
nary.data.code.tex))
(C:/Users/tarob/AppData/Roaming/MiKTeX/2.9/tex/generic/pgfplots/util/pgfplotsut
il.verb.code.tex)
(C:/Users/tarob/AppData/Roaming/MiKTeX/2.9/tex/generic/pgfplots/libs/pgflibrary
pgfplots.surfshading.code.tex
\c@pgfplotslibrarysurf@no=\count330

(C:/Users/tarob/AppData/Roaming/MiKTeX/2.9/tex/generic/pgfplots/sys/pgflibraryp
gfplots.surfshading.pgfsys-luatex.def)))
(C:/Users/tarob/AppData/Roaming/MiKTeX/2.9/tex/generic/pgfplots/util/pgfplotsco
lormap.code.tex
(C:/Users/tarob/AppData/Roaming/MiKTeX/2.9/tex/generic/pgfplots/util/pgfplotsco
lor.code.tex))
(C:/Users/tarob/AppData/Roaming/MiKTeX/2.9/tex/generic/pgfplots/pgfplotsstacked
plots.code.tex)
(C:/Users/tarob/AppData/Roaming/MiKTeX/2.9/tex/generic/pgfplots/pgfplotsplothan
dlers.code.tex
(C:/Users/tarob/AppData/Roaming/MiKTeX/2.9/tex/generic/pgfplots/pgfplotsmeshplo
thandler.code.tex
(C:/Users/tarob/AppData/Roaming/MiKTeX/2.9/tex/generic/pgfplots/pgfplotsmeshplo
timage.code.tex)))
(C:/Users/tarob/AppData/Roaming/MiKTeX/2.9/tex/generic/pgfplots/pgfplots.scalin
g.code.tex)
(C:/Users/tarob/AppData/Roaming/MiKTeX/2.9/tex/generic/pgfplots/pgfplotscoordpr
ocessing.code.tex)
(C:/Users/tarob/AppData/Roaming/MiKTeX/2.9/tex/generic/pgfplots/pgfplots.errorb
ars.code.tex)
(C:/Users/tarob/AppData/Roaming/MiKTeX/2.9/tex/generic/pgfplots/pgfplots.marker
s.code.tex)
(C:/Users/tarob/AppData/Roaming/MiKTeX/2.9/tex/generic/pgfplots/pgfplotsticks.c
ode.tex)
(C:/Users/tarob/AppData/Roaming/MiKTeX/2.9/tex/generic/pgfplots/pgfplots.paths.
code.tex)
(C:/Users/tarob/AppData/Roaming/MiKTeX/2.9/tex/generic/pgf/frontendlayer/tikz/l
ibraries/tikzlibrarydecorations.code.tex
(C:/Users/tarob/AppData/Roaming/MiKTeX/2.9/tex/generic/pgf/modules/pgfmoduledec
orations.code.tex
\pgfdecoratedcompleteddistance=\dimen309
\pgfdecoratedremainingdistance=\dimen310
\pgfdecoratedinputsegmentcompleteddistance=\dimen311
\pgfdecoratedinputsegmentremainingdistance=\dimen312
\pgf@decorate@distancetomove=\dimen313
\pgf@decorate@repeatstate=\count331
\pgfdecorationsegmentamplitude=\dimen314
\pgfdecorationsegmentlength=\dimen315
)
\tikz@lib@dec@box=\box82
)
(C:/Users/tarob/AppData/Roaming/MiKTeX/2.9/tex/generic/pgf/frontendlayer/tikz/l
ibraries/tikzlibrarydecorations.pathmorphing.code.tex
(C:/Users/tarob/AppData/Roaming/MiKTeX/2.9/tex/generic/pgf/libraries/decoration
s/pgflibrarydecorations.pathmorphing.code.tex))
(C:/Users/tarob/AppData/Roaming/MiKTeX/2.9/tex/generic/pgf/frontendlayer/tikz/l
ibraries/tikzlibrarydecorations.pathreplacing.code.tex
(C:/Users/tarob/AppData/Roaming/MiKTeX/2.9/tex/generic/pgf/libraries/decoration
s/pgflibrarydecorations.pathreplacing.code.tex))
\pgfplots@numplots=\count332
\pgfplots@xmin@reg=\dimen316
\pgfplots@xmax@reg=\dimen317
\pgfplots@ymin@reg=\dimen318
\pgfplots@ymax@reg=\dimen319
\pgfplots@zmin@reg=\dimen320
\pgfplots@zmax@reg=\dimen321
)
(C:/Users/tarob/AppData/Roaming/MiKTeX/2.9/tex/generic/pgf/frontendlayer/tikz/l
ibraries/tikzlibraryplotmarks.code.tex
File: tikzlibraryplotmarks.code.tex 2020/01/08 v3.1.5b (3.1.5b)

(C:/Users/tarob/AppData/Roaming/MiKTeX/2.9/tex/generic/pgf/libraries/pgflibrary
plotmarks.code.tex
File: pgflibraryplotmarks.code.tex 2020/01/08 v3.1.5b (3.1.5b)
)))
(C:/Users/tarob/AppData/Roaming/MiKTeX/2.9/tex/latex/feynmp-auto/feynmp-auto.st
y
Package: feynmp-auto 2013/05/03 v1.1 Automatic processing of feynmp graphics
 ("C:/Program Files/MiKTeX 2.9/tex/latex/feynmf/feynmp.sty"
Package: feynmp 1996/12/02 v1.08 LaTeX/MetaPost Feynman Diagram Package (ohl)
\@outfmf=\write5
\fmfbuf@=\toks56
\c@fmfgraph=\count333
)
(C:/Users/tarob/AppData/Roaming/MiKTeX/2.9/tex/generic/iftex/ifxetex.sty
Package: ifxetex 2019/10/25 v0.7 ifxetex legacy package. Use iftex instead.
))
(C:/Users/tarob/AppData/Roaming/MiKTeX/2.9/tex/latex/lastpage/lastpage.sty
Package: lastpage 2015/03/29 v1.2m Refers to last page's name (HMM; JPG)
)
(C:/Users/tarob/AppData/Roaming/MiKTeX/2.9/tex/latex/fancyhdr/fancyhdr.sty
Package: fancyhdr 2019/01/31 v3.10 Extensive control of page headers and footers

\f@nch@headwidth=\skip69
\f@nch@O@elh=\skip70
\f@nch@O@erh=\skip71
\f@nch@O@olh=\skip72
\f@nch@O@orh=\skip73
\f@nch@O@elf=\skip74
\f@nch@O@erf=\skip75
\f@nch@O@olf=\skip76
\f@nch@O@orf=\skip77
)
(C:/Users/tarob/AppData/Roaming/MiKTeX/2.9/tex/latex/natbib/natbib.sty
Package: natbib 2010/09/13 8.31b (PWD, AO)
\bibhang=\skip78
\bibsep=\skip79
LaTeX Info: Redefining \cite on input line 694.
\c@NAT@ctr=\count334
)
(C:/Users/tarob/AppData/Roaming/MiKTeX/2.9/tex/generic/pgf/frontendlayer/tikz/l
ibraries/tikzlibraryshapes.misc.code.tex
File: tikzlibraryshapes.misc.code.tex 2020/01/08 v3.1.5b (3.1.5b)

(C:/Users/tarob/AppData/Roaming/MiKTeX/2.9/tex/generic/pgf/libraries/shapes/pgf
libraryshapes.misc.code.tex
File: pgflibraryshapes.misc.code.tex 2020/01/08 v3.1.5b (3.1.5b)
))
(C:/Users/tarob/AppData/Roaming/MiKTeX/2.9/tex/generic/pgf/libraries/pgflibrary
arrows.meta.code.tex
File: pgflibraryarrows.meta.code.tex 2020/01/08 v3.1.5b (3.1.5b)
\pgfarrowinset=\dimen322
\pgfarrowlength=\dimen323
\pgfarrowwidth=\dimen324
\pgfarrowlinewidth=\dimen325
)
(C:/Users/tarob/AppData/Roaming/MiKTeX/2.9/tex/generic/pgf/frontendlayer/tikz/l
ibraries/tikzlibraryarrows.code.tex
File: tikzlibraryarrows.code.tex 2020/01/08 v3.1.5b (3.1.5b)

(C:/Users/tarob/AppData/Roaming/MiKTeX/2.9/tex/generic/pgf/libraries/pgflibrary
arrows.code.tex
File: pgflibraryarrows.code.tex 2020/01/08 v3.1.5b (3.1.5b)
\arrowsize=\dimen326
))
(C:/Users/tarob/AppData/Roaming/MiKTeX/2.9/tex/generic/pgf/frontendlayer/tikz/l
ibraries/tikzlibrarydecorations.markings.code.tex
(C:/Users/tarob/AppData/Roaming/MiKTeX/2.9/tex/generic/pgf/libraries/decoration
s/pgflibrarydecorations.markings.code.tex))
(C:/Users/tarob/AppData/Roaming/MiKTeX/2.9/tex/generic/pgf/frontendlayer/tikz/l
ibraries/tikzlibrarypatterns.code.tex
File: tikzlibrarypatterns.code.tex 2020/01/08 v3.1.5b (3.1.5b)

(C:/Users/tarob/AppData/Roaming/MiKTeX/2.9/tex/generic/pgf/libraries/pgflibrary
patterns.code.tex
File: pgflibrarypatterns.code.tex 2020/01/08 v3.1.5b (3.1.5b)
))
(C:/Users/tarob/AppData/Roaming/MiKTeX/2.9/tex/generic/pgf/frontendlayer/tikz/l
ibraries/tikzlibraryfadings.code.tex
File: tikzlibraryfadings.code.tex 2020/01/08 v3.1.5b (3.1.5b)

(C:/Users/tarob/AppData/Roaming/MiKTeX/2.9/tex/generic/pgf/libraries/pgflibrary
fadings.code.tex
File: pgflibraryfadings.code.tex 2020/01/08 v3.1.5b (3.1.5b)
))
(C:/Users/tarob/AppData/Roaming/MiKTeX/2.9/tex/generic/pgf/frontendlayer/tikz/l
ibraries/tikzlibrarycalc.code.tex
File: tikzlibrarycalc.code.tex 2020/01/08 v3.1.5b (3.1.5b)
)
(C:/Users/tarob/AppData/Roaming/MiKTeX/2.9/tex/latex/tikzmark/tikzlibrarytikzma
rk.code.tex
(C:/Users/tarob/AppData/Roaming/MiKTeX/2.9/tex/latex/l3kernel/expl3.sty
Package: expl3 2020-04-06 L3 programming layer (loader) 

(C:/Users/tarob/AppData/Roaming/MiKTeX/2.9/tex/latex/l3backend/l3backend-pdfmod
e.def
File: l3backend-pdfmode.def 2020-03-12 L3 backend support: PDF mode
\l__kernel_color_stack_int=\count335
\l__pdf_internal_box=\box83
))
(C:/Users/tarob/AppData/Roaming/MiKTeX/2.9/tex/latex/l3packages/l3keys2e/l3keys
2e.sty
Package: l3keys2e 2020-03-06 LaTeX2e option processing using LaTeX3 keys
)
(C:/Users/tarob/AppData/Roaming/MiKTeX/2.9/tex/latex/l3packages/xparse/xparse.s
ty
Package: xparse 2020-03-06 L3 Experimental document command parser
\l__xparse_current_arg_int=\count336
\g__xparse_grabber_int=\count337
\l__xparse_m_args_int=\count338
\l__xparse_v_nesting_int=\count339
)
\l__sn_x_dim=\dimen327
\l__sn_y_dim=\dimen328
\l__sn_xa_dim=\dimen329
\l__sn_ya_dim=\dimen330
)
(C:/Users/tarob/AppData/Roaming/MiKTeX/2.9/tex/generic/pgf/frontendlayer/tikz/l
ibraries/tikzlibraryfit.code.tex
File: tikzlibraryfit.code.tex 2020/01/08 v3.1.5b (3.1.5b)
)
(C:/Users/tarob/AppData/Roaming/MiKTeX/2.9/tex/generic/pgf/frontendlayer/tikz/l
ibraries/tikzlibraryshapes.geometric.code.tex
File: tikzlibraryshapes.geometric.code.tex 2020/01/08 v3.1.5b (3.1.5b)

(C:/Users/tarob/AppData/Roaming/MiKTeX/2.9/tex/generic/pgf/libraries/shapes/pgf
libraryshapes.geometric.code.tex
File: pgflibraryshapes.geometric.code.tex 2020/01/08 v3.1.5b (3.1.5b)
))
(C:/Users/tarob/AppData/Roaming/MiKTeX/2.9/tex/latex/beamer/beamercolorthemestr
ucture.sty)
(C:/Users/tarob/AppData/Roaming/MiKTeX/2.9/tex/latex/beamer/beamerinnerthemecir
cles.sty)
(C:/Users/tarob/AppData/Roaming/MiKTeX/2.9/tex/latex/beamer/beamerfontthemeseri
f.sty) (./slides.aux)
\openout1 = slides.aux

LaTeX Font Info:    Checking defaults for OML/cmm/m/it on input line 203.
LaTeX Font Info:    ... okay on input line 203.
LaTeX Font Info:    Checking defaults for OMS/cmsy/m/n on input line 203.
LaTeX Font Info:    ... okay on input line 203.
LaTeX Font Info:    Checking defaults for OT1/cmr/m/n on input line 203.
LaTeX Font Info:    ... okay on input line 203.
LaTeX Font Info:    Checking defaults for T1/cmr/m/n on input line 203.
LaTeX Font Info:    ... okay on input line 203.
LaTeX Font Info:    Checking defaults for TS1/cmr/m/n on input line 203.
LaTeX Font Info:    Trying to load font information for TS1+cmr on input line 20
3.
 ("C:/Program Files/MiKTeX 2.9/tex/latex/base/ts1cmr.fd"
File: ts1cmr.fd 2019/12/16 v2.5j Standard LaTeX font definitions
)
LaTeX Font Info:    ... okay on input line 203.
LaTeX Font Info:    Checking defaults for TU/lmr/m/n on input line 203.
LaTeX Font Info:    ... okay on input line 203.
LaTeX Font Info:    Checking defaults for OMX/cmex/m/n on input line 203.
LaTeX Font Info:    ... okay on input line 203.
LaTeX Font Info:    Checking defaults for U/cmr/m/n on input line 203.
LaTeX Font Info:    ... okay on input line 203.
LaTeX Font Info:    Checking defaults for PD1/pdf/m/n on input line 203.
LaTeX Font Info:    ... okay on input line 203.
LaTeX Font Info:    Checking defaults for PU/pdf/m/n on input line 203.
LaTeX Font Info:    ... okay on input line 203.

*geometry* driver: auto-detecting
*geometry* detected driver: luatex
*geometry* verbose mode - [ preamble ] result:
* driver: luatex
* paper: custom
* layout: <same size as paper>
* layoutoffset:(h,v)=(0.0pt,0.0pt)
* modes: includehead includefoot 
* h-part:(L,W,R)=(28.45274pt, 307.28987pt, 28.45274pt)
* v-part:(T,H,B)=(0.0pt, 273.14662pt, 0.0pt)
* \paperwidth=364.19536pt
* \paperheight=273.14662pt
* \textwidth=307.28987pt
* \textheight=244.6939pt
* \oddsidemargin=-43.81725pt
* \evensidemargin=-43.81725pt
* \topmargin=-72.26999pt
* \headheight=14.22636pt
* \headsep=0.0pt
* \topskip=11.0pt
* \footskip=14.22636pt
* \marginparwidth=4.0pt
* \marginparsep=10.0pt
* \columnsep=10.0pt
* \skip\footins=10.0pt plus 4.0pt minus 2.0pt
* \hoffset=0.0pt
* \voffset=0.0pt
* \mag=1000
* \@twocolumnfalse
* \@twosidefalse
* \@mparswitchfalse
* \@reversemarginfalse
* (1in=72.27pt=25.4mm, 1cm=28.453pt)

(C:/Users/tarob/AppData/Roaming/MiKTeX/2.9/tex/context/base/mkii/supp-pdf.mkii
[Loading MPS to PDF converter (version 2006.09.02).]
\scratchcounter=\count340
\scratchdimen=\dimen331
\scratchbox=\box84
\nofMPsegments=\count341
\nofMParguments=\count342
\everyMPshowfont=\toks57
\MPscratchCnt=\count343
\MPscratchDim=\dimen332
\MPnumerator=\count344
\makeMPintoPDFobject=\count345
\everyMPtoPDFconversion=\toks58
)
(C:/Users/tarob/AppData/Roaming/MiKTeX/2.9/tex/latex/epstopdf-pkg/epstopdf-base
.sty
Package: epstopdf-base 2020-01-24 v2.11 Base part for package epstopdf
Package epstopdf-base Info: Redefining graphics rule for `.eps' on input line 48
5.
) ABD: EveryShipout initializing macros
\AtBeginShipoutBox=\box85
Package hyperref Info: Link coloring OFF on input line 203.

("C:/Program Files/MiKTeX 2.9/tex/latex/hyperref/nameref.sty"
Package: nameref 2019/09/16 v2.46 Cross-referencing by name of section

(C:/Users/tarob/AppData/Roaming/MiKTeX/2.9/tex/latex/refcount/refcount.sty
Package: refcount 2019/12/15 v3.6 Data extraction from label references (HO)
)
(C:/Users/tarob/AppData/Roaming/MiKTeX/2.9/tex/generic/gettitlestring/gettitles
tring.sty
Package: gettitlestring 2019/12/15 v1.6 Cleanup title references (HO)
)
\c@section@level=\count346
)
LaTeX Info: Redefining \ref on input line 203.
LaTeX Info: Redefining \pageref on input line 203.
LaTeX Info: Redefining \nameref on input line 203.
 (./slides.out) (./slides.out)
\@outlinefile=\write6

\openout6 = slides.out
\symnumbers=\mathgroup7
\sympureletters=\mathgroup8
LaTeX Font Info:    Overwriting math alphabet `\mathrm' in version `normal'
(Font)                  OT1/cmr/m/n --> TU/lmr/m/n on input line 203.
LaTeX Font Info:    Redeclaring math alphabet \mathbf on input line 203.
LaTeX Font Info:    Overwriting math alphabet `\mathbf' in version `normal'
(Font)                  OT1/cmr/bx/n --> TU/lmr/b/n on input line 203.
LaTeX Font Info:    Overwriting math alphabet `\mathbf' in version `bold'
(Font)                  OT1/cmr/bx/n --> TU/lmr/b/n on input line 203.
LaTeX Font Info:    Redeclaring math alphabet \mathsf on input line 203.
LaTeX Font Info:    Overwriting math alphabet `\mathsf' in version `normal'
(Font)                  OT1/cmss/m/n --> TU/lmss/m/n on input line 203.
LaTeX Font Info:    Overwriting math alphabet `\mathsf' in version `bold'
(Font)                  OT1/cmss/bx/n --> TU/lmss/m/n on input line 203.
LaTeX Font Info:    Redeclaring math alphabet \mathit on input line 203.
LaTeX Font Info:    Overwriting math alphabet `\mathit' in version `normal'
(Font)                  OT1/cmr/m/it --> TU/lmr/m/it on input line 203.
LaTeX Font Info:    Overwriting math alphabet `\mathit' in version `bold'
(Font)                  OT1/cmr/bx/it --> TU/lmr/m/it on input line 203.
LaTeX Font Info:    Redeclaring math alphabet \mathtt on input line 203.
LaTeX Font Info:    Overwriting math alphabet `\mathtt' in version `normal'
(Font)                  OT1/cmtt/m/n --> TU/lmtt/m/n on input line 203.
LaTeX Font Info:    Overwriting math alphabet `\mathtt' in version `bold'
(Font)                  OT1/cmtt/m/n --> TU/lmtt/m/n on input line 203.
LaTeX Font Info:    Overwriting symbol font `numbers' in version `bold'
(Font)                  TU/lmr/m/n --> TU/lmr/b/n on input line 203.
LaTeX Font Info:    Overwriting symbol font `pureletters' in version `bold'
(Font)                  TU/lmr/m/it --> TU/lmr/b/it on input line 203.
LaTeX Font Info:    Overwriting math alphabet `\mathrm' in version `bold'
(Font)                  OT1/cmr/bx/n --> TU/lmr/b/n on input line 203.
LaTeX Font Info:    Overwriting math alphabet `\mathbf' in version `bold'
(Font)                  TU/lmr/b/n --> TU/lmr/b/n on input line 203.
LaTeX Font Info:    Overwriting math alphabet `\mathsf' in version `bold'
(Font)                  TU/lmss/m/n --> TU/lmss/b/n on input line 203.
LaTeX Font Info:    Overwriting math alphabet `\mathit' in version `bold'
(Font)                  TU/lmr/m/it --> TU/lmr/b/it on input line 203.
LaTeX Font Info:    Overwriting math alphabet `\mathtt' in version `bold'
(Font)                  TU/lmtt/m/n --> TU/lmtt/b/n on input line 203.

(C:/Users/tarob/AppData/Roaming/MiKTeX/2.9/tex/latex/translator/translator-basi
c-dictionary-English.dict
Dictionary: translator-basic-dictionary, Language: English 
)
(C:/Users/tarob/AppData/Roaming/MiKTeX/2.9/tex/latex/translator/translator-bibl
iography-dictionary-English.dict
Dictionary: translator-bibliography-dictionary, Language: English 
)
(C:/Users/tarob/AppData/Roaming/MiKTeX/2.9/tex/latex/translator/translator-envi
ronment-dictionary-English.dict
Dictionary: translator-environment-dictionary, Language: English 
)
(C:/Users/tarob/AppData/Roaming/MiKTeX/2.9/tex/latex/translator/translator-mont
hs-dictionary-English.dict
Dictionary: translator-months-dictionary, Language: English 
)
(C:/Users/tarob/AppData/Roaming/MiKTeX/2.9/tex/latex/translator/translator-numb
ers-dictionary-English.dict
Dictionary: translator-numbers-dictionary, Language: English 
)
(C:/Users/tarob/AppData/Roaming/MiKTeX/2.9/tex/latex/translator/translator-theo
rem-dictionary-English.dict
Dictionary: translator-theorem-dictionary, Language: English 
)
Package caption Info: Begin \AtBeginDocument code.
Package caption Info: End \AtBeginDocument code.


Package pgfplots Warning: running in backwards compatibility mode (unsuitable ti
ck labels; missing features). Consider writing \pgfplotsset{compat=1.17} into yo
ur preamble.
 on input line 203.

Package lastpage Info: Please have a look at the pageslts package at
(lastpage)             https://www.ctan.org/pkg/pageslts
(lastpage)             ! on input line 203.
(./slides.nav)
<kuscience-logo.pdf, id=52, 165.61874pt x 165.61874pt>
File: kuscience-logo.pdf Graphic file (type pdf)
<use kuscience-logo.pdf>
Package luatex.def Info: kuscience-logo.pdf  used on input line 205.
(luatex.def)             Requested size: 39.83368pt x 39.8327pt.
 [1

{C:/Users/tarob/AppData/Local/MiKTeX/2.9/pdftex/config/pdftex.map}<./kuscience-l
ogo.pdf>] (./slides.toc)
File: kuscience-logo.pdf Graphic file (type pdf)
<use kuscience-logo.pdf>
Package luatex.def Info: kuscience-logo.pdf  used on input line 212.
(luatex.def)             Requested size: 39.83368pt x 39.8327pt.
 [2

]
LaTeX Font Info:    Trying to load font information for U+msa on input line 222.


("C:/Program Files/MiKTeX 2.9/tex/latex/amsfonts/umsa.fd"
File: umsa.fd 2013/01/14 v3.01 AMS symbols A
)
LaTeX Font Info:    Trying to load font information for U+msb on input line 222.


("C:/Program Files/MiKTeX 2.9/tex/latex/amsfonts/umsb.fd"
File: umsb.fd 2013/01/14 v3.01 AMS symbols B
)
LaTeX Font Info:    Trying to load font information for U+rsfs on input line 222
.

("C:/Program Files/MiKTeX 2.9/tex/latex/jknappen/ursfs.fd"
File: ursfs.fd 1998/03/24 rsfs font definition file (jk)
)
<1.PNG, id=120, 527.47063pt x 156.585pt>
File: 1.PNG Graphic file (type png)
<use 1.PNG>
Package luatex.def Info: 1.PNG  used on input line 222.
(luatex.def)             Requested size: 227.62204pt x 67.57155pt.
File: kuscience-logo.pdf Graphic file (type pdf)
<use kuscience-logo.pdf>
Package luatex.def Info: kuscience-logo.pdf  used on input line 222.
(luatex.def)             Requested size: 39.83368pt x 39.8327pt.
 [3

<./1.PNG>]
File: kuscience-logo.pdf Graphic file (type pdf)
<use kuscience-logo.pdf>
Package luatex.def Info: kuscience-logo.pdf  used on input line 234.
(luatex.def)             Requested size: 39.83368pt x 39.8327pt.

[4

]
LaTeX Font Info:    Trying to load font information for U+dsrom on input line 25
2.
 (C:/Users/tarob/AppData/Roaming/MiKTeX/2.9/tex/latex/doublestroke/udsrom.fd
File: Udsrom.fd 1995/08/01 v0.1 Double stroke roman font definitions
)
File: kuscience-logo.pdf Graphic file (type pdf)
<use kuscience-logo.pdf>
Package luatex.def Info: kuscience-logo.pdf  used on input line 252.
(luatex.def)             Requested size: 39.83368pt x 39.8327pt.
 [5

]
<2.PNG, id=209, 852.68562pt x 262.48062pt>
File: 2.PNG Graphic file (type png)
<use 2.PNG>
Package luatex.def Info: 2.PNG  used on input line 267.
(luatex.def)             Requested size: 284.52756pt x 87.5881pt.
File: kuscience-logo.pdf Graphic file (type pdf)
<use kuscience-logo.pdf>
Package luatex.def Info: kuscience-logo.pdf  used on input line 267.
(luatex.def)             Requested size: 39.83368pt x 39.8327pt.
 [6

<./2.PNG>]
<3.png, id=237, 319.1925pt x 194.22563pt>
File: 3.png Graphic file (type png)
<use 3.png>
Package luatex.def Info: 3.png  used on input line 290.
(luatex.def)             Requested size: 76.82234pt x 46.7455pt.
File: kuscience-logo.pdf Graphic file (type pdf)
<use kuscience-logo.pdf>
Package luatex.def Info: kuscience-logo.pdf  used on input line 290.
(luatex.def)             Requested size: 39.83368pt x 39.8327pt.
 [7

<./3.png>]
File: kuscience-logo.pdf Graphic file (type pdf)
<use kuscience-logo.pdf>
Package luatex.def Info: kuscience-logo.pdf  used on input line 301.
(luatex.def)             Requested size: 39.83368pt x 39.8327pt.
 [8

]
LaTeX Font Info:    Font shape `TU/lmss/m/it' in size <10.95> not available
(Font)              Font shape `TU/lmss/m/sl' tried instead on input line 314.
File: kuscience-logo.pdf Graphic file (type pdf)
<use kuscience-logo.pdf>
Package luatex.def Info: kuscience-logo.pdf  used on input line 314.
(luatex.def)             Requested size: 39.83368pt x 39.8327pt.
 [9

]
File: kuscience-logo.pdf Graphic file (type pdf)
<use kuscience-logo.pdf>
Package luatex.def Info: kuscience-logo.pdf  used on input line 324.
(luatex.def)             Requested size: 39.83368pt x 39.8327pt.
 [10

]
<4.png, id=346, 330.23375pt x 149.55875pt>
File: 4.png Graphic file (type png)
<use 4.png>
Package luatex.def Info: 4.png  used on input line 341.
(luatex.def)             Requested size: 199.16928pt x 90.20377pt.

Overfull \vbox (5.94434pt too high) detected at line 341
 []

File: kuscience-logo.pdf Graphic file (type pdf)
<use kuscience-logo.pdf>
Package luatex.def Info: kuscience-logo.pdf  used on input line 341.
(luatex.def)             Requested size: 39.83368pt x 39.8327pt.
[11

<./4.png>]
File: kuscience-logo.pdf Graphic file (type pdf)
<use kuscience-logo.pdf>
Package luatex.def Info: kuscience-logo.pdf  used on input line 353.
(luatex.def)             Requested size: 39.83368pt x 39.8327pt.
 [12

]
<5.png, id=402, 828.09375pt x 309.155pt>
File: 5.png Graphic file (type png)
<use 5.png>
Package luatex.def Info: 5.png  used on input line 369.
(luatex.def)             Requested size: 284.52756pt x 106.2246pt.
File: kuscience-logo.pdf Graphic file (type pdf)
<use kuscience-logo.pdf>
Package luatex.def Info: kuscience-logo.pdf  used on input line 369.
(luatex.def)             Requested size: 39.83368pt x 39.8327pt.
 [13

<./5.png>]
File: kuscience-logo.pdf Graphic file (type pdf)
<use kuscience-logo.pdf>
Package luatex.def Info: kuscience-logo.pdf  used on input line 391.
(luatex.def)             Requested size: 39.83368pt x 39.8327pt.
 [14

]
File: kuscience-logo.pdf Graphic file (type pdf)
<use kuscience-logo.pdf>
Package luatex.def Info: kuscience-logo.pdf  used on input line 403.
(luatex.def)             Requested size: 39.83368pt x 39.8327pt.
 [15

]
<6.png, id=482, 670.00313pt x 298.11375pt>
File: 6.png Graphic file (type png)
<use 6.png>
Package luatex.def Info: 6.png  used on input line 425.
(luatex.def)             Requested size: 170.71652pt x 75.95659pt.
File: kuscience-logo.pdf Graphic file (type pdf)
<use kuscience-logo.pdf>
Package luatex.def Info: kuscience-logo.pdf  used on input line 425.
(luatex.def)             Requested size: 39.83368pt x 39.8327pt.
 [16

<./6.png>]
File: kuscience-logo.pdf Graphic file (type pdf)
<use kuscience-logo.pdf>
Package luatex.def Info: kuscience-logo.pdf  used on input line 439.
(luatex.def)             Requested size: 39.83368pt x 39.8327pt.
 [17

]
File: kuscience-logo.pdf Graphic file (type pdf)
<use kuscience-logo.pdf>
Package luatex.def Info: kuscience-logo.pdf  used on input line 459.
(luatex.def)             Requested size: 39.83368pt x 39.8327pt.
 [18

]
<7.png, id=566, 729.22438pt x 334.75063pt>
File: 7.png Graphic file (type png)
<use 7.png>
Package luatex.def Info: 7.png  used on input line 469.
(luatex.def)             Requested size: 341.43306pt x 156.73518pt.

Overfull \hbox (16.65724pt too wide) in paragraph at lines 469--469
 |  [] 
 []

File: kuscience-logo.pdf Graphic file (type pdf)
<use kuscience-logo.pdf>
Package luatex.def Info: kuscience-logo.pdf  used on input line 469.
(luatex.def)             Requested size: 39.83368pt x 39.8327pt.
[19

<./7.png>]
<8.png, id=594, 643.40375pt x 389.95688pt>
File: 8.png Graphic file (type png)
<use 8.png>
Package luatex.def Info: 8.png  used on input line 481.
(luatex.def)             Requested size: 170.71652pt x 103.46898pt.
File: kuscience-logo.pdf Graphic file (type pdf)
<use kuscience-logo.pdf>
Package luatex.def Info: kuscience-logo.pdf  used on input line 481.
(luatex.def)             Requested size: 39.83368pt x 39.8327pt.
 [20

<./8.png>]
File: kuscience-logo.pdf Graphic file (type pdf)
<use kuscience-logo.pdf>
Package luatex.def Info: kuscience-logo.pdf  used on input line 496.
(luatex.def)             Requested size: 39.83368pt x 39.8327pt.
 [21

]
File: kuscience-logo.pdf Graphic file (type pdf)
<use kuscience-logo.pdf>
Package luatex.def Info: kuscience-logo.pdf  used on input line 505.
(luatex.def)             Requested size: 39.83368pt x 39.8327pt.
 [22

]
File: kuscience-logo.pdf Graphic file (type pdf)
<use kuscience-logo.pdf>
Package luatex.def Info: kuscience-logo.pdf  used on input line 518.
(luatex.def)             Requested size: 39.83368pt x 39.8327pt.
 [23

]
File: kuscience-logo.pdf Graphic file (type pdf)
<use kuscience-logo.pdf>
Package luatex.def Info: kuscience-logo.pdf  used on input line 533.
(luatex.def)             Requested size: 39.83368pt x 39.8327pt.
 [24

]
File: kuscience-logo.pdf Graphic file (type pdf)
<use kuscience-logo.pdf>
Package luatex.def Info: kuscience-logo.pdf  used on input line 549.
(luatex.def)             Requested size: 39.83368pt x 39.8327pt.
 [25

]
File: kuscience-logo.pdf Graphic file (type pdf)
<use kuscience-logo.pdf>
Package luatex.def Info: kuscience-logo.pdf  used on input line 564.
(luatex.def)             Requested size: 39.83368pt x 39.8327pt.
 [26

]
File: kuscience-logo.pdf Graphic file (type pdf)
<use kuscience-logo.pdf>
Package luatex.def Info: kuscience-logo.pdf  used on input line 585.
(luatex.def)             Requested size: 39.83368pt x 39.8327pt.
 [27

]
File: kuscience-logo.pdf Graphic file (type pdf)
<use kuscience-logo.pdf>
Package luatex.def Info: kuscience-logo.pdf  used on input line 607.
(luatex.def)             Requested size: 39.83368pt x 39.8327pt.
 [28

]
File: kuscience-logo.pdf Graphic file (type pdf)
<use kuscience-logo.pdf>
Package luatex.def Info: kuscience-logo.pdf  used on input line 622.
(luatex.def)             Requested size: 39.83368pt x 39.8327pt.
 [29

]
File: kuscience-logo.pdf Graphic file (type pdf)
<use kuscience-logo.pdf>
Package luatex.def Info: kuscience-logo.pdf  used on input line 627.
(luatex.def)             Requested size: 39.83368pt x 39.8327pt.

[30

]
\tf@nav=\write7

\openout7 = slides.nav
\tf@toc=\write8

\openout8 = slides.toc
\tf@snm=\write9

\openout9 = slides.snm
 
AED: lastpage setting LastPage
Package atveryend Info: Empty hook `BeforeClearDocument' on input line 628.
Package atveryend Info: Empty hook `AfterLastShipout' on input line 628.
(./slides.aux)
Package atveryend Info: Executing hook `AtVeryEndDocument' on input line 628.
Package atveryend Info: Executing hook `AtEndAfterFileList' on input line 628.
Package rerunfilecheck Info: File `slides.out' has not changed.
(rerunfilecheck)             Checksum: 26CF385607C7CF7B90C34FC98AED7236;622.
)

Here is how much of LuaTeX's memory you used:
 41662 strings out of 480991
 125171,1373583 words of node,token memory allocated
 1982 words of node memory still in use:
   29 hlist, 6 vlist, 10 rule, 2 disc, 1 local_par, 19 glue, 7 kern, 8 penalty, 
28 glyph, 187 attribute, 68 glue_spec, 119 attribute_list, 5 write, 16 pdf_liter
al, 20 pdf_colorstack nodes
   avail lists: 1:5,2:3520,3:1051,4:128,5:171,6:49,7:1805,8:46,9:663,10:17,11:11
1
 57286 multiletter control sequences out of 65536+200000
 73 fonts using 7224179 bytes
 64i,16n,103p,798b,1239s stack positions out of 5000i,500n,10000p,200000b,50000s
<c:/program files/miktex 2.9/fonts/opentype/public/lm/lmroman7-italic.otf><c:/pr
ogram files/miktex 2.9/fonts/opentype/public/lm/lmroman12-italic.otf><c:/program
 files/miktex 2.9/fonts/opentype/public/lm/lmroman6-regular.otf><c:/program file
s/miktex 2.9/fonts/opentype/public/lm/lmsans10-oblique.otf><c:/program files/mik
tex 2.9/fonts/opentype/public/lm/lmroman10-regular.otf><c:/program files/miktex 
2.9/fonts/opentype/public/lm/lmsans10-bold.otf><c:/program files/miktex 2.9/font
s/opentype/public/lm/lmroman8-italic.otf><c:/program files/miktex 2.9/fonts/open
type/public/lm/lmroman8-regular.otf><c:/program files/miktex 2.9/fonts/opentype/
public/lm/lmroman10-italic.otf><c:/program files/miktex 2.9/fonts/opentype/publi
c/lm/lmsans8-regular.otf><c:/program files/miktex 2.9/fonts/opentype/public/lm/l
msans10-regular.otf><c:/program files/miktex 2.9/fonts/opentype/public/lm/lmsans
12-regular.otf><C:/Program Files/MiKTeX 2.9/fonts/type1/public/amsfonts/cm/cmex1
0.pfb><C:/Program Files/MiKTeX 2.9/fonts/type1/public/amsfonts/cm/cmmi10.pfb><C:
/Program Files/MiKTeX 2.9/fonts/type1/public/amsfonts/cm/cmmi6.pfb><C:/Program F
iles/MiKTeX 2.9/fonts/type1/public/amsfonts/cm/cmmi8.pfb><C:/Program Files/MiKTe
X 2.9/fonts/type1/public/amsfonts/cm/cmr10.pfb><C:/Program Files/MiKTeX 2.9/font
s/type1/public/amsfonts/cm/cmr12.pfb><C:/Program Files/MiKTeX 2.9/fonts/type1/pu
blic/amsfonts/cm/cmr8.pfb><C:/Program Files/MiKTeX 2.9/fonts/type1/public/amsfon
ts/cm/cmsy10.pfb><C:/Program Files/MiKTeX 2.9/fonts/type1/public/amsfonts/cm/cms
y8.pfb><C:/Users/tarob/AppData/Roaming/MiKTeX/2.9/fonts/type1/public/doublestrok
e/dsrom10.pfb><C:/Users/tarob/AppData/Roaming/MiKTeX/2.9/fonts/type1/public/doub
lestroke/dsrom12.pfb><C:/Program Files/MiKTeX 2.9/fonts/type1/public/amsfonts/sy
mbols/msbm10.pfb>
Output written on slides.pdf (30 pages, 998518 bytes).

PDF statistics: 1002 PDF objects out of 1200 (max. 8388607)
 70 named destinations out of 1000 (max. 131072)
 218 words of extra memory for PDF output out of 10000 (max. 100000000)

