\BOOKMARK [1][-]{section.1}{\376\377\000I\000n\000t\000r\000o\000d\000u\000c\000t\000i\000o\000n}{}% 1
\BOOKMARK [1][-]{section.2}{\376\377\000G\000r\000a\000s\000s\000m\000a\000n\000i\000a\000n}{}% 2
\BOOKMARK [1][-]{section.3}{\376\377\000I\000n\000t\000r\000o\000d\000u\000c\000t\000i\000o\000n\000\040\000t\000o\000\040\000o\000n\000-\000s\000h\000e\000l\000l\000\040\000d\000i\000a\000g\000r\000a\000m\000s}{}% 3
\BOOKMARK [2][-]{subsection.3.1}{\376\377\000T\000h\000r\000e\000e\000\040\000p\000o\000i\000n\000t\000\040\000o\000n\000-\000s\000h\000e\000l\000l\000\040\000f\000o\000r\000m}{section.3}% 4
\BOOKMARK [2][-]{subsection.3.2}{\376\377\000F\000o\000u\000r\000-\000p\000o\000i\000n\000t\000\040\000d\000i\000r\000e\000c\000t\000l\000y\000\040\000f\000r\000o\000m\000\040\000G\000\050\0002\000,\0004\000\051\000\040\000m\000a\000t\000r\000i\000x}{section.3}% 5
\BOOKMARK [1][-]{section.4}{\376\377\000E\000x\000a\000m\000p\000l\000e\000s\000\040\000o\000f\000\040\000o\000n\000-\000s\000h\000e\000l\000l\000\040\000d\000i\000a\000g\000r\000a\000m\000s\000\040\000a\000t\000\040\000f\000i\000v\000e\000\040\000a\000n\000d\000\040\000s\000i\000x\000\040\000p\000o\000i\000n\000t\000s}{}% 6
\BOOKMARK [2][-]{subsection.4.1}{\376\377\000F\000i\000v\000e\000\040\000p\000o\000i\000n\000t}{section.4}% 7
\BOOKMARK [2][-]{subsection.4.2}{\376\377\000F\000i\000v\000e\000-\000p\000o\000i\000n\000t\000\040\000t\000h\000r\000o\000u\000g\000h\000\040\000l\000o\000o\000p\000\040\000k\000i\000n\000e\000m\000a\000t\000i\000c\000s}{section.4}% 8
\BOOKMARK [2][-]{subsection.4.3}{\376\377\000S\000i\000x\000-\000p\000o\000i\000n\000t\000\040\000N\000M\000H\000V}{section.4}% 9
\BOOKMARK [1][-]{section.5}{\376\377\000C\000a\000l\000c\000u\000l\000a\000t\000i\000n\000g\000\040\000N\000<\0004\000\040\000a\000m\000p\000l\000i\000t\000u\000d\000e\000s}{}% 10
\BOOKMARK [2][-]{subsection.5.1}{\376\377\000T\000h\000e\000\040\000m\000e\000a\000s\000u\000r\000e}{section.5}% 11
\BOOKMARK [2][-]{subsection.5.2}{\376\377\000\040\0004\000\040\000p\000t\000\040\000N\000=\0000}{section.5}% 12
\BOOKMARK [2][-]{subsection.5.3}{\376\377\000F\000i\000v\000e\000-\000p\000o\000i\000n\000t\000\040\000N\000=\0000\000,\000\040\000n\000o\000\040\000i\000n\000t\000e\000r\000n\000a\000l\000\040\000c\000y\000c\000l\000e}{section.5}% 13
\BOOKMARK [2][-]{subsection.5.4}{\376\377\000F\000i\000v\000e\000\040\000p\000o\000i\000n\000t\000\040\000w\000i\000t\000h\000\040\000i\000n\000t\000e\000r\000n\000a\000l\000\040\000c\000y\000c\000l\000e\000s}{section.5}% 14
\BOOKMARK [3][-]{subsubsection.5.4.1}{\376\377\000S\000i\000x\000-\000p\000o\000i\000n\000t\000\040\000N\000=\0000}{subsection.5.4}% 15
\BOOKMARK [2][-]{subsection.5.5}{\376\377\000S\000i\000x\000\040\000p\000o\000i\000n\000t\000\040\000N\000M\000H\000V\000\040\000w\000i\000t\000h\000\040\000i\000n\000t\000e\000r\000n\000a\000l\000\040\000c\000y\000c\000l\000e\000s}{section.5}% 16
\BOOKMARK [1][-]{section.6}{\376\377\000H\000i\000g\000h\000e\000r\000\040\000l\000o\000o\000p\000s}{}% 17
\BOOKMARK [2][-]{subsection.6.1}{\376\377\0002\000\040\000l\000o\000o\000p\000\040\000f\000o\000u\000r\000-\000p\000o\000i\000n\000t}{section.6}% 18
\BOOKMARK [2][-]{subsection.6.2}{\376\377\000T\000h\000r\000e\000e\000s\000\040\000l\000o\000o\000p\000\040\000f\000i\000v\000e\000-\000p\000o\000i\000n\000t\000\040\000i\000n\000\040\000N\000=\0000}{section.6}% 19
\BOOKMARK [2][-]{subsection.6.3}{\376\377\000O\000n\000e\000\040\000l\000o\000o\000p\000\040\000f\000i\000v\000e\000-\000p\000o\000i\000n\000t\000\040\000i\000n\000\040\000a\000n\000y\000\040\000N}{section.6}% 20
\BOOKMARK [2][-]{subsection.6.4}{\376\377\0005\000\040\000p\000o\000i\000n\000t\000\040\000f\000r\000o\000m\000\040\000s\000t\000i\000t\000c\000h\000i\000n\000g\000\040\000s\000u\000b\000a\000m\000p\000l\000i\000t\000u\000d\000e\000s}{section.6}% 21
\BOOKMARK [1][-]{appendix.A}{\376\377\000J\000a\000c\000o\000b\000i\000a\000n\000\040\000f\000r\000o\000m\000\040\000s\000o\000l\000v\000i\000n\000g\000\040\000d\000e\000l\000t\000a\000-\000f\000u\000n\000c\000t\000i\000o\000n}{}% 22
