\BOOKMARK [1][-]{section.1}{\376\377\000R\000e\000s\000i\000d\000u\000e\000\040\000C\000a\000l\000c\000u\000l\000u\000s}{}% 1
\BOOKMARK [2][-]{subsection.1.1}{\376\377\000J\000o\000r\000d\000a\000n\000'\000s\000\040\000L\000e\000m\000m\000a}{section.1}% 2
\BOOKMARK [3][-]{subsubsection.1.1.1}{\376\377\000E\000x\000a\000m\000p\000l\000e\000\040\000I}{subsection.1.1}% 3
\BOOKMARK [3][-]{subsubsection.1.1.2}{\376\377\000E\000x\000a\000m\000p\000l\000e\000\040\000I\000I}{subsection.1.1}% 4
\BOOKMARK [3][-]{subsubsection.1.1.3}{\376\377\000E\000x\000a\000m\000p\000l\000e\000\040\000I\000I\000I}{subsection.1.1}% 5
\BOOKMARK [2][-]{subsection.1.2}{\376\377\000P\000r\000i\000n\000c\000i\000p\000a\000l\000\040\000V\000a\000l\000u\000e\000\040\000P\000r\000e\000s\000c\000r\000i\000p\000t\000i\000o\000n\000\040\000\050\000F\000e\000y\000n\000m\000a\000n\000\040\000i\000\040\000p\000r\000e\000s\000c\000r\000i\000p\000t\000i\000o\000n\000\051}{section.1}% 6
\BOOKMARK [3][-]{subsubsection.1.2.1}{\376\377\000E\000x\000a\000m\000p\000l\000e\000\040\000I}{subsection.1.2}% 7
\BOOKMARK [3][-]{subsubsection.1.2.2}{\376\377\000E\000x\000a\000m\000p\000l\000e\000\040\000I\000I}{subsection.1.2}% 8
\BOOKMARK [1][-]{section.2}{\376\377\000C\000o\000n\000f\000o\000r\000m\000a\000l\000\040\000M\000a\000p\000p\000i\000n\000g}{}% 9
\BOOKMARK [2][-]{subsection.2.1}{\376\377\000R\000i\000e\000m\000a\000n\000n\000\040\000M\000a\000p\000p\000i\000n\000g\000\040\000T\000h\000e\000o\000r\000e\000m}{section.2}% 10
\BOOKMARK [2][-]{subsection.2.2}{\376\377\000H\000o\000w\000\040\000t\000o\000\040\000f\000i\000n\000d\000\040\000c\000o\000n\000f\000o\000r\000m\000a\000l\000\040\000m\000a\000p\000s}{section.2}% 11
\BOOKMARK [2][-]{subsection.2.3}{\376\377\000A\000p\000p\000l\000i\000c\000a\000t\000i\000o\000n\000s\000\040\000i\000n\000\040\000f\000l\000u\000i\000d\000\040\000d\000y\000n\000a\000m\000i\000c\000s}{section.2}% 12
\BOOKMARK [1][-]{section.3}{\376\377\000B\000r\000a\000n\000c\000h\000\040\000s\000t\000r\000u\000c\000t\000u\000r\000e\000\040\000\046\000\040\000m\000u\000l\000t\000i\000v\000a\000l\000u\000e\000d\000\040\000f\000u\000n\000c\000t\000i\000o\000n\000s}{}% 13
\BOOKMARK [2][-]{subsection.3.1}{\376\377\000I\000n\000t\000e\000g\000r\000a\000t\000i\000n\000g\000\040\000f\000u\000n\000c\000t\000i\000o\000n\000s\000\040\000w\000i\000t\000h\000\040\000b\000r\000a\000n\000c\000h\000-\000c\000u\000t\000s}{section.3}% 14
\BOOKMARK [3][-]{subsubsection.3.1.1}{\376\377\000E\000x\000a\000m\000p\000l\000e\000\040\000I}{subsection.3.1}% 15
\BOOKMARK [1][-]{section.4}{\376\377\000A\000n\000a\000l\000y\000t\000i\000c\000\040\000c\000o\000n\000t\000i\000n\000u\000a\000t\000i\000o\000n}{}% 16
\BOOKMARK [2][-]{subsection.4.1}{\376\377\000I\000n\000t\000r\000o\000d\000u\000c\000t\000i\000o\000n}{section.4}% 17
\BOOKMARK [3][-]{subsubsection.4.1.1}{\376\377\000E\000x\000a\000m\000p\000l\000e\000\040\000I}{subsection.4.1}% 18
\BOOKMARK [3][-]{subsubsection.4.1.2}{\376\377\000E\000x\000a\000m\000p\000l\000e\000\040\000I\000I}{subsection.4.1}% 19
\BOOKMARK [3][-]{subsubsection.4.1.3}{\376\377\000E\000x\000a\000m\000p\000l\000e\000\040\000I\000I\000I}{subsection.4.1}% 20
\BOOKMARK [2][-]{subsection.4.2}{\376\377\000G\000a\000m\000m\000a\000\040\000f\000u\000n\000c\000t\000i\000o\000n}{section.4}% 21
\BOOKMARK [2][-]{subsection.4.3}{\376\377\000S\000c\000h\000w\000a\000r\000z\000\040\000R\000e\000f\000l\000e\000c\000t\000i\000o\000n\000\040\000P\000r\000i\000n\000c\000i\000p\000l\000e}{section.4}% 22
\BOOKMARK [2][-]{subsection.4.4}{\376\377\000D\000i\000s\000p\000e\000r\000s\000i\000o\000n\000\040\000R\000e\000l\000a\000t\000i\000o\000n\000s\000\040\000a\000n\000d\000\040\000O\000p\000t\000i\000c\000a\000l\000\040\000T\000h\000e\000o\000r\000e\000m\000s}{section.4}% 23
\BOOKMARK [1][-]{section.5}{\376\377\000A\000s\000y\000m\000p\000t\000o\000t\000i\000c\000\040\000e\000x\000p\000a\000n\000s\000i\000o\000n\000s}{}% 24
\BOOKMARK [2][-]{subsection.5.1}{\376\377\000S\000t\000i\000r\000l\000i\000n\000g\000s\000\040\000a\000s\000y\000m\000p\000t\000o\000t\000i\000c\000\040\000f\000o\000r\000\040\000\050\000x\000\051}{section.5}% 25
\BOOKMARK [2][-]{subsection.5.2}{\376\377\000S\000a\000d\000d\000l\000e\000\040\000p\000o\000i\000n\000t\000\040\000e\000v\000a\000l\000u\000a\000t\000i\000o\000n\000\040\000o\000f\000\040\000i\000n\000t\000e\000g\000r\000a\000l\000s\000\040\000b\000y\000\040\000t\000h\000e\000\040\000m\000e\000t\000h\000o\000d\000\040\000o\000f\000\040\000s\000t\000e\000e\000p\000e\000s\000t\000\040\000d\000e\000s\000c\000e\000n\000d}{section.5}% 26
\BOOKMARK [1][-]{section.6}{\376\377\000G\000r\000o\000u\000p\000s\000,\000\040\000L\000i\000e\000\040\000A\000l\000g\000e\000b\000r\000a\000\040\000a\000n\000d\000\040\000R\000e\000p\000r\000e\000s\000e\000n\000t\000a\000t\000i\000o\000n\000s}{}% 27
\BOOKMARK [2][-]{subsection.6.1}{\376\377\000D\000e\000f\000i\000n\000i\000t\000i\000o\000n\000\040\000o\000f\000\040\000g\000r\000o\000u\000p\000s}{section.6}% 28
\BOOKMARK [2][-]{subsection.6.2}{\376\377\000S\000u\000b\000g\000r\000o\000u\000p\000s\000\040\000a\000n\000d\000\040\000c\000o\000n\000j\000u\000g\000a\000c\000y\000\040\000c\000l\000a\000s\000s\000e\000s\000:}{section.6}% 29
\BOOKMARK [2][-]{subsection.6.3}{\376\377\000P\000e\000r\000m\000u\000t\000a\000t\000i\000o\000n\000\040\000g\000r\000o\000u\000p}{section.6}% 30
\BOOKMARK [2][-]{subsection.6.4}{\376\377\000C\000o\000n\000t\000i\000n\000o\000u\000s\000\040\000G\000r\000o\000u\000p\000s}{section.6}% 31
\BOOKMARK [2][-]{subsection.6.5}{\376\377\000L\000i\000e\000\040\000A\000l\000g\000e\000b\000r\000a}{section.6}% 32
\BOOKMARK [2][-]{subsection.6.6}{\376\377\000R\000e\000p\000r\000e\000s\000e\000n\000t\000a\000t\000i\000o\000n\000s\000\040\000o\000f\000\040\000g\000r\000o\000u\000p\000/\000a\000l\000g\000e\000b\000r\000a}{section.6}% 33
\BOOKMARK [2][-]{subsection.6.7}{\376\377\000R\000e\000p\000r\000e\000s\000e\000n\000t\000a\000t\000i\000o\000n\000s\000\040\000o\000f\000\040\000g\000r\000o\000u\000p\000s}{section.6}% 34
\BOOKMARK [3][-]{subsubsection.6.7.1}{\376\377\000F\000u\000n\000d\000a\000m\000e\000n\000t\000a\000l\000\040\000r\000e\000p\000r\000e\000s\000e\000n\000t\000a\000t\000i\000o\000n}{subsection.6.7}% 35
\BOOKMARK [3][-]{subsubsection.6.7.2}{\376\377\000C\000o\000n\000j\000u\000g\000a\000t\000e\000\040\000f\000u\000n\000d\000a\000m\000e\000n\000t\000a\000l\000\040\000r\000e\000p\000r\000e\000s\000e\000n\000t\000a\000t\000i\000o\000n}{subsection.6.7}% 36
\BOOKMARK [3][-]{subsubsection.6.7.3}{\376\377\000T\000r\000i\000v\000i\000a\000l\000\040\000r\000e\000p\000r\000e\000s\000e\000n\000t\000a\000t\000i\000o\000n}{subsection.6.7}% 37
\BOOKMARK [2][-]{subsection.6.8}{\376\377\000D\000e\000f\000i\000n\000i\000t\000i\000o\000n\000s}{section.6}% 38
\BOOKMARK [3][-]{subsubsection.6.8.1}{\376\377\000E\000q\000u\000i\000v\000a\000l\000e\000n\000t\000\040\000r\000e\000p\000r\000e\000s\000e\000n\000t\000a\000t\000i\000o\000n\000s}{subsection.6.8}% 39
\BOOKMARK [3][-]{subsubsection.6.8.2}{\376\377\000R\000e\000d\000u\000c\000i\000b\000l\000e\000\040\000r\000e\000p\000r\000e\000s\000e\000n\000t\000a\000t\000i\000o\000n}{subsection.6.8}% 40
\BOOKMARK [3][-]{subsubsection.6.8.3}{\376\377\000I\000r\000r\000e\000d\000u\000c\000i\000b\000l\000e\000\040\000r\000e\000p\000r\000e\000s\000e\000n\000t\000a\000t\000i\000o\000n}{subsection.6.8}% 41
\BOOKMARK [3][-]{subsubsection.6.8.4}{\376\377\000I\000n\000v\000a\000r\000i\000a\000n\000t\000\040\000t\000e\000n\000s\000o\000r\000s}{subsection.6.8}% 42
\BOOKMARK [2][-]{subsection.6.9}{\376\377\000S\000U\000\050\0002\000\051}{section.6}% 43
\BOOKMARK [2][-]{subsection.6.10}{\376\377\000R\000e\000p\000r\000e\000s\000e\000n\000t\000a\000t\000i\000o\000n\000\040\000o\000f\000\040\000S\000U\000\050\0002\000\051\000\040\000v\000i\000e\000w\000e\000d\000\040\000a\000s\000\040\000a\000\040\000L\000i\000e\000\040\000a\000l\000g\000e\000b\000r\000a}{section.6}% 44
\BOOKMARK [2][-]{subsection.6.11}{\376\377\000S\000t\000r\000a\000t\000e\000g\000y\000\040\000f\000o\000r\000\040\000r\000e\000p\000r\000e\000s\000e\000n\000t\000a\000t\000i\000o\000n\000s\000:\000\040\000R\000o\000o\000t\000s\000\040\000a\000n\000d\000\040\000w\000e\000i\000g\000h\000t\000s}{section.6}% 45
\BOOKMARK [3][-]{subsubsection.6.11.1}{\376\377\000A\000d\000j\000o\000i\000n\000t\000\040\000m\000a\000p}{subsection.6.11}% 46
\BOOKMARK [2][-]{subsection.6.12}{\376\377\000L\000i\000e\000\040\000A\000l\000g\000e\000b\000r\000a\000s\000:\000\040\000S\000t\000r\000u\000c\000t\000u\000r\000e\000\040\000a\000n\000d\000\040\000r\000e\000p\000r\000e\000s\000e\000n\000t\000a\000t\000i\000o\000n\000s}{section.6}% 47
\BOOKMARK [3][-]{subsubsection.6.12.1}{\376\377\000E\000x\000a\000m\000p\000l\000e\000:\000\040\000S\000U\000\050\0003\000\051}{subsection.6.12}% 48
\BOOKMARK [2][-]{subsection.6.13}{\376\377\000S\000t\000r\000u\000c\000t\000u\000r\000e\000\040\000o\000f\000\040\000L\000i\000e\000\040\000a\000l\000g\000b\000e\000r\000a}{section.6}% 49
\BOOKMARK [3][-]{subsubsection.6.13.1}{\376\377\000E\000x\000a\000m\000p\000l\000e}{subsection.6.13}% 50
\BOOKMARK [3][-]{subsubsection.6.13.2}{\376\377\000C\000a\000r\000t\000a\000n\000\040\000M\000a\000t\000r\000i\000x}{subsection.6.13}% 51
\BOOKMARK [3][-]{subsubsection.6.13.3}{\376\377\000D\000y\000n\000k\000i\000n\000\040\000d\000i\000a\000g\000r\000a\000m\000s}{subsection.6.13}% 52
\BOOKMARK [1][-]{section.7}{\376\377\000d}{}% 53
