\BOOKMARK [1][-]{section.1}{\376\377\0003\000\040\000p\000o\000i\000n\000t\000\040\000a\000m\000p\000l\000i\000t\000u\000d\000e\000s\000\040\000b\000o\000o\000t\000s\000t\000r\000a\000p\000p\000i\000n\000g}{}% 1
\BOOKMARK [1][-]{section.2}{\376\377\000R\000e\000c\000u\000r\000s\000i\000o\000n\000\040\000R\000e\000l\000a\000t\000i\000o\000n\000s}{}% 2
\BOOKMARK [2][-]{subsection.2.1}{\376\377\000B\000C\000F\000W\000-\000r\000e\000c\000u\000r\000s\000i\000o\000n}{section.2}% 3
\BOOKMARK [2][-]{subsection.2.2}{\376\377\000E\000x\000a\000m\000p\000l\000e\000\040\000o\000f\000\040\000B\000C\000F\000W\000-\000r\000e\000c\000u\000r\000s\000i\000o\000n}{section.2}% 4
\BOOKMARK [2][-]{subsection.2.3}{\376\377\000S\000o\000f\000t\000\040\000l\000i\000m\000i\000t\000\040\000f\000a\000c\000t\000o\000r\000i\000z\000a\000t\000i\000o\000n}{section.2}% 5
\BOOKMARK [2][-]{subsection.2.4}{\376\377\000C\000o\000-\000l\000i\000n\000e\000a\000r\000\040\000l\000i\000m\000i\000t}{section.2}% 6
\BOOKMARK [1][-]{section.3}{\376\377\000U\000n\000i\000t\000a\000r\000i\000t\000y}{}% 7
\BOOKMARK [2][-]{subsection.3.1}{\376\377\000L\000o\000o\000p\000s\000\040\000i\000n\000\040\000g\000e\000n\000e\000r\000a\000l}{section.3}% 8
\BOOKMARK [1][-]{section.4}{\376\377\000U\000n\000i\000t\000a\000r\000i\000t\000y}{}% 9
\BOOKMARK [1][-]{section.5}{\376\377\000G\000e\000n\000e\000r\000a\000l\000i\000z\000e\000d\000\040\000u\000n\000i\000t\000a\000r\000i\000t\000y}{}% 10
\BOOKMARK [1][-]{section.6}{\376\377\000E\000x\000t\000e\000r\000i\000o\000r\000\040\000d\000e\000r\000i\000v\000a\000t\000i\000v\000e\000s\000\040\000a\000n\000d\000\040\000f\000o\000r\000m\000s}{}% 11
\BOOKMARK [1][-]{section.7}{\376\377\000P\000r\000o\000j\000e\000c\000t\000i\000v\000e\000\040\000s\000p\000a\000c\000e\000s}{}% 12
\BOOKMARK [1][-]{section.8}{\376\377\000P\000o\000l\000y\000t\000o\000p\000e\000s}{}% 13
\BOOKMARK [2][-]{subsection.8.1}{\376\377\000D\000e\000f\000i\000n\000i\000t\000i\000o\000n\000s\000\040\000a\000n\000d\000\040\000e\000x\000a\000m\000p\000l\000e\000s}{section.8}% 14
\BOOKMARK [1][-]{section.9}{\376\377\000G\000r\000a\000s\000s\000m\000a\000n\000i\000a\000n}{}% 15
\BOOKMARK [1][-]{section.10}{\376\377\000O\000n\000-\000s\000h\000e\000l\000l\000\040\000d\000i\000a\000g\000r\000a\000m\000s}{}% 16
\BOOKMARK [2][-]{subsection.10.1}{\376\377\000U\000s\000i\000n\000g\000\040\000t\000h\000r\000e\000e\000\040\000p\000o\000i\000n\000t\000\040\000o\000n\000\040\000s\000h\000e\000l\000l\000\040\000f\000u\000n\000c\000t\000i\000o\000n\000s}{section.10}% 17
\BOOKMARK [2][-]{subsection.10.2}{\376\377\000F\000o\000u\000r\000-\000p\000o\000i\000n\000t\000\040\000d\000i\000r\000e\000c\000t\000l\000y\000\040\000f\000r\000o\000m\000\040\000C\000\050\0002\000,\0004\000\051\000\040\000m\000a\000t\000r\000i\000x}{section.10}% 18
\BOOKMARK [2][-]{subsection.10.3}{\376\377\000F\000i\000v\000e\000\040\000p\000o\000i\000n\000t}{section.10}% 19
\BOOKMARK [2][-]{subsection.10.4}{\376\377\0002\000\040\000l\000o\000o\000p\000\040\000f\000o\000u\000r\000-\000p\000o\000i\000n\000t}{section.10}% 20
\BOOKMARK [2][-]{subsection.10.5}{\376\377\000C\000a\000l\000c\000u\000l\000a\000t\000i\000n\000g\000\040\000N\000<\0004\000\040\000a\000m\000p\000l\000i\000t\000u\000d\000e\000s}{section.10}% 21
\BOOKMARK [3][-]{subsubsection.10.5.1}{\376\377\000T\000h\000e\000\040\000m\000e\000a\000s\000u\000r\000e}{subsection.10.5}% 22
\BOOKMARK [3][-]{subsubsection.10.5.2}{\376\377\000\040\0004\000\040\000p\000t\000\040\000N\000=\0000}{subsection.10.5}% 23
\BOOKMARK [3][-]{subsubsection.10.5.3}{\376\377\000F\000i\000v\000e\000-\000p\000o\000i\000n\000t\000\040\000N\000=\0000}{subsection.10.5}% 24
\BOOKMARK [3][-]{subsubsection.10.5.4}{\376\377\000S\000i\000x\000-\000p\000o\000i\000n\000t\000\040\000N\000=\0000}{subsection.10.5}% 25
\BOOKMARK [3][-]{subsubsection.10.5.5}{\376\377\000J\000a\000c\000o\000b\000i\000a\000n\000\040\000f\000r\000o\000m\000\040\000s\000o\000l\000v\000i\000n\000g\000\040\000d\000e\000l\000t\000a\000-\000f\000u\000n\000c\000t\000i\000o\000n}{subsection.10.5}% 26
