This is LuaHBTeX, Version 1.12.0 (MiKTeX 2.9.7400 64-bit)  (format=lualatex 2020.5.5)  4 FEB 2021 14:15
 restricted system commands enabled.
**"Notes on amplitudes.tex"
("./Notes on amplitudes.tex"
LaTeX2e <2020-02-02> patch level 5
Lua module: luaotfload-main 2020-02-02 3.12 luaotfload entry point
Lua module: luaotfload-init 2020-02-02 3.12 luaotfload submodule / initializatio
n
Lua module: lualibs 2020-02-02 2.70 ConTeXt Lua standard libraries.
Lua module: lualibs-extended 2020-02-02 2.70 ConTeXt Lua libraries -- extended c
ollection.
Lua module: luaotfload-log 2020-02-02 3.12 luaotfload submodule / logging
Lua module: luaotfload-parsers 2020-02-02 3.12 luaotfload submodule / filelist
Lua module: luaotfload-configuration 2020-02-02 3.12 luaotfload submodule / conf
ig file reader
luaotfload | conf : Root cache directory is C:/Users/tarob/AppData/Local/MiKTeX/
2.9/luatex-cache/generic-dev/names.
luaotfload | init : Loading fontloader “fontloader-2020-01-26.lua” from kpse
-resolved path “C:/Program Files/MiKTeX 2.9/tex/luatex/luaotfload/fontloader-2
020-01-26.lua”.
Lua-only attribute luaotfload@state = 2
Lua-only attribute luaotfload@noligature = 3
Lua-only attribute luaotfload@syllabe = 4
luaotfload | init : Context OpenType loader version “3.11”
Inserting `luaotfload.node_processor' at position 1 in `pre_linebreak_filter'.
Inserting `luaotfload.node_processor' at position 1 in `hpack_filter'.
Lua module: luaotfload-loaders 2020-02-02 3.12 luaotfload submodule / callback h
andling
Inserting `luaotfload.define_font' at position 1 in `define_font'.
Lua module: luaotfload-database 2020-02-02 3.12 luaotfload submodule / database
Lua module: luaotfload-unicode 2020-02-02 3.12 luaotfload submodule / Unicode he
lpers
Lua module: luaotfload-colors 2020-02-02 3.12 luaotfload submodule / color
Lua-only attribute luaotfload_color_attribute = 5
Lua module: luaotfload-resolvers 2020-02-02 3.12 luaotfload submodule / resolver
s
luaotfload | conf : Root cache directory is C:/Users/tarob/AppData/Local/MiKTeX/
2.9/luatex-cache/generic-dev/names.
Lua module: luaotfload-features 2020-02-02 3.12 luaotfload submodule / features
Lua module: luaotfload-letterspace 2020-02-02 3.12 luaotfload submodule / color
Lua module: luaotfload-embolden 2020-02-02 3.12 luaotfload submodule / color
Lua module: luaotfload-notdef 2020-02-02 3.12 luaotfload submodule / color
Lua module: luaotfload-harf-define 2020-02-02 3.12 luaotfload submodule / databa
se
Lua module: luaotfload-script 2020-02-02 3.12 luaotfload submodule / Script help
ers
Inserting `luaotfload.harf.strip_prefix' at position 1 in `find_opentype_file'.
Inserting `luaotfload.harf.strip_prefix' at position 1 in `find_truetype_file'.
Lua module: luaotfload-harf-plug 2020-02-02 3.12 luaotfload submodule / database
Inserting `Harf pre_output_filter callback' at position 1 in `pre_output_filter'
.
Inserting `Harf wrapup_run callback' at position 1 in `wrapup_run'.
Inserting `Harf finish_pdffile callback' at position 1 in `finish_pdffile'.
Inserting `Harf glyph_info callback' at position 1 in `glyph_info'.
Lua module: luaotfload-auxiliary 2020-02-02 3.12 luaotfload submodule / auxiliar
y functions
Inserting `luaotfload.aux.set_sscale_dimens' at position 1 in `luaotfload.patch_
font'.
Inserting `luaotfload.aux.set_font_index' at position 2 in `luaotfload.patch_fon
t'.
Inserting `luaotfload.aux.patch_cambria_domh' at position 3 in `luaotfload.patch
_font'.
Inserting `luaotfload.aux.fixup_fontdata' at position 1 in `luaotfload.patch_fon
t_unsafe'.
Inserting `luaotfload.aux.set_capheight' at position 4 in `luaotfload.patch_font
'.
Inserting `luaotfload.aux.set_xheight' at position 5 in `luaotfload.patch_font'.
Lua module: luaotfload-fallback 2020-02-02 3.12 luaotfload submodule / fallback
Lua module: luaotfload-multiscript 2020-02-02 3.12 luaotfload submodule / multis
cript
Lua module: luaotfload-tounicode 2020-02-02 3.12 luaotfload submodule / tounicod
e
Inserting `luaotfload.rewrite_fontname' at position 6 in `luaotfload.patch_font'
. L3 programming layer <2020-04-06>
("C:/Program Files/MiKTeX 2.9/tex/latex/base/article.cls"
Document Class: article 2019/12/20 v1.4l Standard LaTeX document class
("C:/Program Files/MiKTeX 2.9/tex/latex/base/size12.clo"
File: size12.clo 2019/12/20 v1.4l Standard LaTeX file (size option)
luaotfload | db : Font names database loaded from C:/Users/tarob/AppData/Local/M
iKTeX/2.9/luatex-cache/generic-dev/names/luaotfload-names.luc)
\c@part=\count163
\c@section=\count164
\c@subsection=\count165
\c@subsubsection=\count166
\c@paragraph=\count167
\c@subparagraph=\count168
\c@figure=\count169
\c@table=\count170
\abovecaptionskip=\skip47
\belowcaptionskip=\skip48
\bibindent=\dimen134
) (./jheppub.sty
Package: jheppub 2018/12/04 v.1.1227

("C:/Program Files/MiKTeX 2.9/tex/latex/amsmath/amsmath.sty"
Package: amsmath 2020/01/20 v2.17e AMS math features
\@mathmargin=\skip49

For additional information on amsmath, use the `?' option.
("C:/Program Files/MiKTeX 2.9/tex/latex/amsmath/amstext.sty"
Package: amstext 2000/06/29 v2.01 AMS text

("C:/Program Files/MiKTeX 2.9/tex/latex/amsmath/amsgen.sty"
File: amsgen.sty 1999/11/30 v2.0 generic functions
\@emptytoks=\toks15
\ex@=\dimen135
))
("C:/Program Files/MiKTeX 2.9/tex/latex/amsmath/amsbsy.sty"
Package: amsbsy 1999/11/29 v1.2d Bold Symbols
\pmbraise@=\dimen136
)
("C:/Program Files/MiKTeX 2.9/tex/latex/amsmath/amsopn.sty"
Package: amsopn 2016/03/08 v2.02 operator names
)
\inf@bad=\count171
LaTeX Info: Redefining \frac on input line 227.
\uproot@=\count172
\leftroot@=\count173
LaTeX Info: Redefining \overline on input line 389.
\classnum@=\count174
\DOTSCASE@=\count175
LaTeX Info: Redefining \ldots on input line 486.
LaTeX Info: Redefining \dots on input line 489.
LaTeX Info: Redefining \cdots on input line 610.
\Mathstrutbox@=\box45
\strutbox@=\box46
\big@size=\dimen137
LaTeX Font Info:    Redeclaring font encoding OML on input line 733.
LaTeX Font Info:    Redeclaring font encoding OMS on input line 734.
\macc@depth=\count176
\c@MaxMatrixCols=\count177
\dotsspace@=\muskip16
\c@parentequation=\count178
\dspbrk@lvl=\count179
\tag@help=\toks16
\row@=\count180
\column@=\count181
\maxfields@=\count182
\andhelp@=\toks17
\eqnshift@=\dimen138
\alignsep@=\dimen139
\tagshift@=\dimen140
\tagwidth@=\dimen141
\totwidth@=\dimen142
\lineht@=\dimen143
\@envbody=\toks18
\multlinegap=\skip50
\multlinetaggap=\skip51
\mathdisplay@stack=\toks19
LaTeX Info: Redefining \[ on input line 2859.
LaTeX Info: Redefining \] on input line 2860.
)
("C:/Program Files/MiKTeX 2.9/tex/latex/amsfonts/amssymb.sty"
Package: amssymb 2013/01/14 v3.01 AMS font symbols

("C:/Program Files/MiKTeX 2.9/tex/latex/amsfonts/amsfonts.sty"
Package: amsfonts 2013/01/14 v3.01 Basic AMSFonts support
\symAMSa=\mathgroup4
\symAMSb=\mathgroup5
LaTeX Font Info:    Redeclaring math symbol \hbar on input line 98.
LaTeX Font Info:    Overwriting math alphabet `\mathfrak' in version `bold'
(Font)                  U/euf/m/n --> U/euf/b/n on input line 106.
))
("C:/Program Files/MiKTeX 2.9/tex/latex/graphics/epsfig.sty"
Package: epsfig 2017/06/25 v1.7b (e)psfig emulation (SPQR)

("C:/Program Files/MiKTeX 2.9/tex/latex/graphics/graphicx.sty"
Package: graphicx 2019/11/30 v1.2a Enhanced LaTeX Graphics (DPC,SPQR)

("C:/Program Files/MiKTeX 2.9/tex/latex/graphics/keyval.sty"
Package: keyval 2014/10/28 v1.15 key=value parser (DPC)
\KV@toks@=\toks20
)
("C:/Program Files/MiKTeX 2.9/tex/latex/graphics/graphics.sty"
Package: graphics 2019/11/30 v1.4a Standard LaTeX Graphics (DPC,SPQR)

("C:/Program Files/MiKTeX 2.9/tex/latex/graphics/trig.sty"
Package: trig 2016/01/03 v1.10 sin cos tan (DPC)
)
("C:/Program Files/MiKTeX 2.9/tex/latex/graphics-cfg/graphics.cfg"
File: graphics.cfg 2016/06/04 v1.11 sample graphics configuration
)
Package graphics Info: Driver file: luatex.def on input line 105.

("C:/Program Files/MiKTeX 2.9/tex/latex/graphics-def/luatex.def"
File: luatex.def 2018/01/08 v1.0l Graphics/color driver for luatex
))
\Gin@req@height=\dimen144
\Gin@req@width=\dimen145
)
\epsfxsize=\dimen146
\epsfysize=\dimen147
)
(C:/Users/tarob/AppData/Roaming/MiKTeX/2.9/tex/latex/natbib/natbib.sty
Package: natbib 2010/09/13 8.31b (PWD, AO)
\bibhang=\skip52
\bibsep=\skip53
LaTeX Info: Redefining \cite on input line 694.
\c@NAT@ctr=\count183
)
("C:/Program Files/MiKTeX 2.9/tex/latex/hyperref/hyperref.sty"
Package: hyperref 2020/01/14 v7.00d Hypertext links for LaTeX

(C:/Users/tarob/AppData/Roaming/MiKTeX/2.9/tex/generic/ltxcmds/ltxcmds.sty
Package: ltxcmds 2019/12/15 v1.24 LaTeX kernel commands for general use (HO)
)
(C:/Users/tarob/AppData/Roaming/MiKTeX/2.9/tex/generic/iftex/iftex.sty
Package: iftex 2020/03/06 v1.0d TeX engine tests
)
(C:/Users/tarob/AppData/Roaming/MiKTeX/2.9/tex/latex/pdftexcmds/pdftexcmds.sty
Package: pdftexcmds 2019/11/24 v0.31 Utility functions of pdfTeX for LuaTeX (HO)


(C:/Users/tarob/AppData/Roaming/MiKTeX/2.9/tex/generic/infwarerr/infwarerr.sty
Package: infwarerr 2019/12/03 v1.5 Providing info/warning/error messages (HO)
)
Package pdftexcmds Info: \pdf@primitive is available.
Package pdftexcmds Info: \pdf@ifprimitive is available.
Package pdftexcmds Info: \pdfdraftmode found.
\pdftexcmds@toks=\toks21
)
(C:/Users/tarob/AppData/Roaming/MiKTeX/2.9/tex/generic/kvsetkeys/kvsetkeys.sty
Package: kvsetkeys 2019/12/15 v1.18 Key value parser (HO)
)
(C:/Users/tarob/AppData/Roaming/MiKTeX/2.9/tex/generic/kvdefinekeys/kvdefinekey
s.sty
Package: kvdefinekeys 2019-12-19 v1.6 Define keys (HO)
)
(C:/Users/tarob/AppData/Roaming/MiKTeX/2.9/tex/generic/pdfescape/pdfescape.sty
Package: pdfescape 2019/12/09 v1.15 Implements pdfTeX's escape features (HO)
) (C:/Users/tarob/AppData/Roaming/MiKTeX/2.9/tex/latex/hycolor/hycolor.sty
Package: hycolor 2020-01-27 v1.10 Color options for hyperref/bookmark (HO)
)
(C:/Users/tarob/AppData/Roaming/MiKTeX/2.9/tex/latex/letltxmacro/letltxmacro.st
y
Package: letltxmacro 2019/12/03 v1.6 Let assignment for LaTeX macros (HO)
) (C:/Users/tarob/AppData/Roaming/MiKTeX/2.9/tex/latex/auxhook/auxhook.sty
Package: auxhook 2019-12-17 v1.6 Hooks for auxiliary files (HO)
)
(C:/Users/tarob/AppData/Roaming/MiKTeX/2.9/tex/latex/kvoptions/kvoptions.sty
Package: kvoptions 2019/11/29 v3.13 Key value format for package options (HO)
)
\@linkdim=\dimen148
\Hy@linkcounter=\count184
\Hy@pagecounter=\count185

("C:/Program Files/MiKTeX 2.9/tex/latex/hyperref/pd1enc.def"
File: pd1enc.def 2020/01/14 v7.00d Hyperref: PDFDocEncoding definition (HO)
)
(C:/Users/tarob/AppData/Roaming/MiKTeX/2.9/tex/generic/intcalc/intcalc.sty
Package: intcalc 2019/12/15 v1.3 Expandable calculations with integers (HO)
)
(C:/Users/tarob/AppData/Roaming/MiKTeX/2.9/tex/generic/etexcmds/etexcmds.sty
Package: etexcmds 2019/12/15 v1.7 Avoid name clashes with e-TeX commands (HO)
)
\Hy@SavedSpaceFactor=\count186
Package hyperref Info: Option `colorlinks' set `true' on input line 4421.


Package hyperref Warning: Option `pagecolor' is not available anymore.

Package hyperref Info: Option `linktocpage' set `true' on input line 4421.
Package hyperref Info: Option `pdfa' set `true' on input line 4421.
Package hyperref Info: Hyper figures OFF on input line 4547.
Package hyperref Info: Link nesting OFF on input line 4552.
Package hyperref Info: Hyper index ON on input line 4555.
Package hyperref Info: Plain pages OFF on input line 4562.
Package hyperref Info: Backreferencing OFF on input line 4567.
Package hyperref Info: Implicit mode ON; LaTeX internals redefined.
Package hyperref Info: Bookmarks ON on input line 4800.
\c@Hy@tempcnt=\count187
(C:/Users/tarob/AppData/Roaming/MiKTeX/2.9/tex/latex/url/url.sty
\Urlmuskip=\muskip17
Package: url 2013/09/16  ver 3.4  Verb mode for urls, etc.
)
LaTeX Info: Redefining \url on input line 5159.
\XeTeXLinkMargin=\dimen149

(C:/Users/tarob/AppData/Roaming/MiKTeX/2.9/tex/generic/bitset/bitset.sty
Package: bitset 2019/12/09 v1.3 Handle bit-vector datatype (HO)

(C:/Users/tarob/AppData/Roaming/MiKTeX/2.9/tex/generic/bigintcalc/bigintcalc.st
y
Package: bigintcalc 2019/12/15 v1.5 Expandable calculations on big integers (HO)

))
\Fld@menulength=\count188
\Field@Width=\dimen150
\Fld@charsize=\dimen151
Package hyperref Info: Hyper figures OFF on input line 6430.
Package hyperref Info: Link nesting OFF on input line 6435.
Package hyperref Info: Hyper index ON on input line 6438.
Package hyperref Info: backreferencing OFF on input line 6445.
Package hyperref Info: Link coloring ON on input line 6448.
Package hyperref Info: Link coloring with OCG OFF on input line 6455.
Package hyperref Info: PDF/A mode ON on input line 6458.
LaTeX Info: Redefining \ref on input line 6500.
LaTeX Info: Redefining \pageref on input line 6504.

(C:/Users/tarob/AppData/Roaming/MiKTeX/2.9/tex/generic/atbegshi/atbegshi.sty
Package: atbegshi 2019/12/05 v1.19 At begin shipout hook (HO)
)
\Hy@abspage=\count189
\c@Item=\count190
\c@Hfootnote=\count191
)
Package hyperref Info: Driver (autodetected): hluatex.

("C:/Program Files/MiKTeX 2.9/tex/latex/hyperref/hluatex.def"
File: hluatex.def 2020/01/14 v7.00d Hyperref driver for luaTeX

("C:/Program Files/MiKTeX 2.9/tex/latex/hyperref/puenc.def"
File: puenc.def 2020/01/14 v7.00d Hyperref: PDF Unicode definition (HO)
)
(C:/Users/tarob/AppData/Roaming/MiKTeX/2.9/tex/generic/stringenc/stringenc.sty
Package: stringenc 2019/11/29 v1.12 Convert strings between diff. encodings (HO)

) (C:/Users/tarob/AppData/Roaming/MiKTeX/2.9/tex/latex/atveryend/atveryend.sty
Package: atveryend 2019-12-11 v1.11 Hooks at the very end of document (HO)
Package atveryend Info: \enddocument detected (standard20110627).
)
\Fld@listcount=\count192
\c@bookmark@seq@number=\count193

(C:/Users/tarob/AppData/Roaming/MiKTeX/2.9/tex/latex/rerunfilecheck/rerunfilech
eck.sty
Package: rerunfilecheck 2019/12/05 v1.9 Rerun checks for auxiliary files (HO)

(C:/Users/tarob/AppData/Roaming/MiKTeX/2.9/tex/generic/uniquecounter/uniquecoun
ter.sty
Package: uniquecounter 2019/12/15 v1.4 Provide unlimited unique counter (HO)
)
Package uniquecounter Info: New unique counter `rerunfilecheck' on input line 28
6.
)
\Hy@SectionHShift=\skip54
)
\auth@toks=\toks22
\affil@toks=\toks23
\email@toks=\toks24
\c@email@counter=\count194
\affiliationsSep=\skip55
LaTeX Font Info:    Trying to load font information for OT1+phv on input line 16
1.
 ("C:/Program Files/MiKTeX 2.9/tex/latex/psnfss/ot1phv.fd"
File: ot1phv.fd 2020/03/25 scalable font definitions for OT1/phv.
))
(./taro.sty
Package: taro 

(C:/Users/tarob/AppData/Roaming/MiKTeX/2.9/tex/latex/xcolor/xcolor.sty
Package: xcolor 2016/05/11 v2.12 LaTeX color extensions (UK)

("C:/Program Files/MiKTeX 2.9/tex/latex/graphics-cfg/color.cfg"
File: color.cfg 2016/01/02 v1.6 sample color configuration
)
Package xcolor Info: Driver file: luatex.def on input line 225.
Package xcolor Info: Model `cmy' substituted by `cmy0' on input line 1348.
Package xcolor Info: Model `hsb' substituted by `rgb' on input line 1352.
Package xcolor Info: Model `RGB' extended on input line 1364.
Package xcolor Info: Model `HTML' substituted by `rgb' on input line 1366.
Package xcolor Info: Model `Hsb' substituted by `hsb' on input line 1367.
Package xcolor Info: Model `tHsb' substituted by `hsb' on input line 1368.
Package xcolor Info: Model `HSB' substituted by `hsb' on input line 1369.
Package xcolor Info: Model `Gray' substituted by `gray' on input line 1370.
Package xcolor Info: Model `wave' substituted by `hsb' on input line 1371.

("C:/Program Files/MiKTeX 2.9/tex/latex/graphics/dvipsnam.def"
File: dvipsnam.def 2016/06/17 v3.0m Driver-dependent file (DPC,SPQR)
))
(C:/Users/tarob/AppData/Roaming/MiKTeX/2.9/tex/latex/pgf/frontendlayer/tikz.sty
(C:/Users/tarob/AppData/Roaming/MiKTeX/2.9/tex/latex/pgf/basiclayer/pgf.sty
(C:/Users/tarob/AppData/Roaming/MiKTeX/2.9/tex/latex/pgf/utilities/pgfrcs.sty
(C:/Users/tarob/AppData/Roaming/MiKTeX/2.9/tex/generic/pgf/utilities/pgfutil-co
mmon.tex
\pgfutil@everybye=\toks25
\pgfutil@tempdima=\dimen152
\pgfutil@tempdimb=\dimen153

(C:/Users/tarob/AppData/Roaming/MiKTeX/2.9/tex/generic/pgf/utilities/pgfutil-co
mmon-lists.tex))
(C:/Users/tarob/AppData/Roaming/MiKTeX/2.9/tex/generic/pgf/utilities/pgfutil-la
tex.def
\pgfutil@abb=\box47
 (C:/Users/tarob/AppData/Roaming/MiKTeX/2.9/tex/latex/ms/everyshi.sty
Package: everyshi 2001/05/15 v3.00 EveryShipout Package (MS)
))
(C:/Users/tarob/AppData/Roaming/MiKTeX/2.9/tex/generic/pgf/utilities/pgfrcs.cod
e.tex
(C:/Users/tarob/AppData/Roaming/MiKTeX/2.9/tex/generic/pgf/pgf.revision.tex)
Package: pgfrcs 2020/01/08 v3.1.5b (3.1.5b)
))
Package: pgf 2020/01/08 v3.1.5b (3.1.5b)

(C:/Users/tarob/AppData/Roaming/MiKTeX/2.9/tex/latex/pgf/basiclayer/pgfcore.sty

(C:/Users/tarob/AppData/Roaming/MiKTeX/2.9/tex/latex/pgf/systemlayer/pgfsys.sty

(C:/Users/tarob/AppData/Roaming/MiKTeX/2.9/tex/generic/pgf/systemlayer/pgfsys.c
ode.tex
Package: pgfsys 2020/01/08 v3.1.5b (3.1.5b)

(C:/Users/tarob/AppData/Roaming/MiKTeX/2.9/tex/generic/pgf/utilities/pgfkeys.co
de.tex
\pgfkeys@pathtoks=\toks26
\pgfkeys@temptoks=\toks27

(C:/Users/tarob/AppData/Roaming/MiKTeX/2.9/tex/generic/pgf/utilities/pgfkeysfil
tered.code.tex
\pgfkeys@tmptoks=\toks28
))
\pgf@x=\dimen154
\pgf@y=\dimen155
\pgf@xa=\dimen156
\pgf@ya=\dimen157
\pgf@xb=\dimen158
\pgf@yb=\dimen159
\pgf@xc=\dimen160
\pgf@yc=\dimen161
\pgf@xd=\dimen162
\pgf@yd=\dimen163
\w@pgf@writea=\write3
\r@pgf@reada=\read2
\c@pgf@counta=\count195
\c@pgf@countb=\count196
\c@pgf@countc=\count197
\c@pgf@countd=\count198
\t@pgf@toka=\toks29
\t@pgf@tokb=\toks30
\t@pgf@tokc=\toks31
\pgf@sys@id@count=\count199

(C:/Users/tarob/AppData/Roaming/MiKTeX/2.9/tex/generic/pgf/systemlayer/pgf.cfg
File: pgf.cfg 2020/01/08 v3.1.5b (3.1.5b)
)
Driver file for pgf: pgfsys-luatex.def

(C:/Users/tarob/AppData/Roaming/MiKTeX/2.9/tex/generic/pgf/systemlayer/pgfsys-l
uatex.def
File: pgfsys-luatex.def 2020/01/08 v3.1.5b (3.1.5b)

(C:/Users/tarob/AppData/Roaming/MiKTeX/2.9/tex/generic/pgf/systemlayer/pgfsys-c
ommon-pdf.def
File: pgfsys-common-pdf.def 2020/01/08 v3.1.5b (3.1.5b)
)))
(C:/Users/tarob/AppData/Roaming/MiKTeX/2.9/tex/generic/pgf/systemlayer/pgfsysso
ftpath.code.tex
File: pgfsyssoftpath.code.tex 2020/01/08 v3.1.5b (3.1.5b)
\pgfsyssoftpath@smallbuffer@items=\count266
\pgfsyssoftpath@bigbuffer@items=\count267
)
(C:/Users/tarob/AppData/Roaming/MiKTeX/2.9/tex/generic/pgf/systemlayer/pgfsyspr
otocol.code.tex
File: pgfsysprotocol.code.tex 2020/01/08 v3.1.5b (3.1.5b)
))
(C:/Users/tarob/AppData/Roaming/MiKTeX/2.9/tex/generic/pgf/basiclayer/pgfcore.c
ode.tex
Package: pgfcore 2020/01/08 v3.1.5b (3.1.5b)

(C:/Users/tarob/AppData/Roaming/MiKTeX/2.9/tex/generic/pgf/math/pgfmath.code.te
x
(C:/Users/tarob/AppData/Roaming/MiKTeX/2.9/tex/generic/pgf/math/pgfmathcalc.cod
e.tex
(C:/Users/tarob/AppData/Roaming/MiKTeX/2.9/tex/generic/pgf/math/pgfmathutil.cod
e.tex)
(C:/Users/tarob/AppData/Roaming/MiKTeX/2.9/tex/generic/pgf/math/pgfmathparser.c
ode.tex
\pgfmath@dimen=\dimen164
\pgfmath@count=\count268
\pgfmath@box=\box48
\pgfmath@toks=\toks32
\pgfmath@stack@operand=\toks33
\pgfmath@stack@operation=\toks34
)
(C:/Users/tarob/AppData/Roaming/MiKTeX/2.9/tex/generic/pgf/math/pgfmathfunction
s.code.tex
(C:/Users/tarob/AppData/Roaming/MiKTeX/2.9/tex/generic/pgf/math/pgfmathfunction
s.basic.code.tex)
(C:/Users/tarob/AppData/Roaming/MiKTeX/2.9/tex/generic/pgf/math/pgfmathfunction
s.trigonometric.code.tex)
(C:/Users/tarob/AppData/Roaming/MiKTeX/2.9/tex/generic/pgf/math/pgfmathfunction
s.random.code.tex)
(C:/Users/tarob/AppData/Roaming/MiKTeX/2.9/tex/generic/pgf/math/pgfmathfunction
s.comparison.code.tex)
(C:/Users/tarob/AppData/Roaming/MiKTeX/2.9/tex/generic/pgf/math/pgfmathfunction
s.base.code.tex)
(C:/Users/tarob/AppData/Roaming/MiKTeX/2.9/tex/generic/pgf/math/pgfmathfunction
s.round.code.tex)
(C:/Users/tarob/AppData/Roaming/MiKTeX/2.9/tex/generic/pgf/math/pgfmathfunction
s.misc.code.tex)
(C:/Users/tarob/AppData/Roaming/MiKTeX/2.9/tex/generic/pgf/math/pgfmathfunction
s.integerarithmetics.code.tex)))
(C:/Users/tarob/AppData/Roaming/MiKTeX/2.9/tex/generic/pgf/math/pgfmathfloat.co
de.tex
\c@pgfmathroundto@lastzeros=\count269
))
(C:/Users/tarob/AppData/Roaming/MiKTeX/2.9/tex/generic/pgf/math/pgfint.code.tex
)
(C:/Users/tarob/AppData/Roaming/MiKTeX/2.9/tex/generic/pgf/basiclayer/pgfcorepo
ints.code.tex
File: pgfcorepoints.code.tex 2020/01/08 v3.1.5b (3.1.5b)
\pgf@picminx=\dimen165
\pgf@picmaxx=\dimen166
\pgf@picminy=\dimen167
\pgf@picmaxy=\dimen168
\pgf@pathminx=\dimen169
\pgf@pathmaxx=\dimen170
\pgf@pathminy=\dimen171
\pgf@pathmaxy=\dimen172
\pgf@xx=\dimen173
\pgf@xy=\dimen174
\pgf@yx=\dimen175
\pgf@yy=\dimen176
\pgf@zx=\dimen177
\pgf@zy=\dimen178
)
(C:/Users/tarob/AppData/Roaming/MiKTeX/2.9/tex/generic/pgf/basiclayer/pgfcorepa
thconstruct.code.tex
File: pgfcorepathconstruct.code.tex 2020/01/08 v3.1.5b (3.1.5b)
\pgf@path@lastx=\dimen179
\pgf@path@lasty=\dimen180
)
(C:/Users/tarob/AppData/Roaming/MiKTeX/2.9/tex/generic/pgf/basiclayer/pgfcorepa
thusage.code.tex
File: pgfcorepathusage.code.tex 2020/01/08 v3.1.5b (3.1.5b)
\pgf@shorten@end@additional=\dimen181
\pgf@shorten@start@additional=\dimen182
)
(C:/Users/tarob/AppData/Roaming/MiKTeX/2.9/tex/generic/pgf/basiclayer/pgfcoresc
opes.code.tex
File: pgfcorescopes.code.tex 2020/01/08 v3.1.5b (3.1.5b)
\pgfpic=\box49
\pgf@hbox=\box50
\pgf@layerbox@main=\box51
\pgf@picture@serial@count=\count270
)
(C:/Users/tarob/AppData/Roaming/MiKTeX/2.9/tex/generic/pgf/basiclayer/pgfcoregr
aphicstate.code.tex
File: pgfcoregraphicstate.code.tex 2020/01/08 v3.1.5b (3.1.5b)
\pgflinewidth=\dimen183
)
(C:/Users/tarob/AppData/Roaming/MiKTeX/2.9/tex/generic/pgf/basiclayer/pgfcoretr
ansformations.code.tex
File: pgfcoretransformations.code.tex 2020/01/08 v3.1.5b (3.1.5b)
\pgf@pt@x=\dimen184
\pgf@pt@y=\dimen185
\pgf@pt@temp=\dimen186
)
(C:/Users/tarob/AppData/Roaming/MiKTeX/2.9/tex/generic/pgf/basiclayer/pgfcorequ
ick.code.tex
File: pgfcorequick.code.tex 2020/01/08 v3.1.5b (3.1.5b)
)
(C:/Users/tarob/AppData/Roaming/MiKTeX/2.9/tex/generic/pgf/basiclayer/pgfcoreob
jects.code.tex
File: pgfcoreobjects.code.tex 2020/01/08 v3.1.5b (3.1.5b)
)
(C:/Users/tarob/AppData/Roaming/MiKTeX/2.9/tex/generic/pgf/basiclayer/pgfcorepa
thprocessing.code.tex
File: pgfcorepathprocessing.code.tex 2020/01/08 v3.1.5b (3.1.5b)
)
(C:/Users/tarob/AppData/Roaming/MiKTeX/2.9/tex/generic/pgf/basiclayer/pgfcorear
rows.code.tex
File: pgfcorearrows.code.tex 2020/01/08 v3.1.5b (3.1.5b)
\pgfarrowsep=\dimen187
)
(C:/Users/tarob/AppData/Roaming/MiKTeX/2.9/tex/generic/pgf/basiclayer/pgfcoresh
ade.code.tex
File: pgfcoreshade.code.tex 2020/01/08 v3.1.5b (3.1.5b)
\pgf@max=\dimen188
\pgf@sys@shading@range@num=\count271
\pgf@shadingcount=\count272
)
(C:/Users/tarob/AppData/Roaming/MiKTeX/2.9/tex/generic/pgf/basiclayer/pgfcoreim
age.code.tex
File: pgfcoreimage.code.tex 2020/01/08 v3.1.5b (3.1.5b)

(C:/Users/tarob/AppData/Roaming/MiKTeX/2.9/tex/generic/pgf/basiclayer/pgfcoreex
ternal.code.tex
File: pgfcoreexternal.code.tex 2020/01/08 v3.1.5b (3.1.5b)
\pgfexternal@startupbox=\box52
))
(C:/Users/tarob/AppData/Roaming/MiKTeX/2.9/tex/generic/pgf/basiclayer/pgfcorela
yers.code.tex
File: pgfcorelayers.code.tex 2020/01/08 v3.1.5b (3.1.5b)
)
(C:/Users/tarob/AppData/Roaming/MiKTeX/2.9/tex/generic/pgf/basiclayer/pgfcoretr
ansparency.code.tex
File: pgfcoretransparency.code.tex 2020/01/08 v3.1.5b (3.1.5b)
)
(C:/Users/tarob/AppData/Roaming/MiKTeX/2.9/tex/generic/pgf/basiclayer/pgfcorepa
tterns.code.tex
File: pgfcorepatterns.code.tex 2020/01/08 v3.1.5b (3.1.5b)
)
(C:/Users/tarob/AppData/Roaming/MiKTeX/2.9/tex/generic/pgf/basiclayer/pgfcorerd
f.code.tex
File: pgfcorerdf.code.tex 2020/01/08 v3.1.5b (3.1.5b)
)))
(C:/Users/tarob/AppData/Roaming/MiKTeX/2.9/tex/generic/pgf/modules/pgfmodulesha
pes.code.tex
File: pgfmoduleshapes.code.tex 2020/01/08 v3.1.5b (3.1.5b)
\pgfnodeparttextbox=\box53
)
(C:/Users/tarob/AppData/Roaming/MiKTeX/2.9/tex/generic/pgf/modules/pgfmoduleplo
t.code.tex
File: pgfmoduleplot.code.tex 2020/01/08 v3.1.5b (3.1.5b)
)
(C:/Users/tarob/AppData/Roaming/MiKTeX/2.9/tex/latex/pgf/compatibility/pgfcomp-
version-0-65.sty
Package: pgfcomp-version-0-65 2020/01/08 v3.1.5b (3.1.5b)
\pgf@nodesepstart=\dimen189
\pgf@nodesepend=\dimen190
)
(C:/Users/tarob/AppData/Roaming/MiKTeX/2.9/tex/latex/pgf/compatibility/pgfcomp-
version-1-18.sty
Package: pgfcomp-version-1-18 2020/01/08 v3.1.5b (3.1.5b)
))
(C:/Users/tarob/AppData/Roaming/MiKTeX/2.9/tex/latex/pgf/utilities/pgffor.sty
(C:/Users/tarob/AppData/Roaming/MiKTeX/2.9/tex/latex/pgf/utilities/pgfkeys.sty
(C:/Users/tarob/AppData/Roaming/MiKTeX/2.9/tex/generic/pgf/utilities/pgfkeys.co
de.tex))
(C:/Users/tarob/AppData/Roaming/MiKTeX/2.9/tex/latex/pgf/math/pgfmath.sty
(C:/Users/tarob/AppData/Roaming/MiKTeX/2.9/tex/generic/pgf/math/pgfmath.code.te
x))
(C:/Users/tarob/AppData/Roaming/MiKTeX/2.9/tex/generic/pgf/utilities/pgffor.cod
e.tex
Package: pgffor 2020/01/08 v3.1.5b (3.1.5b)

(C:/Users/tarob/AppData/Roaming/MiKTeX/2.9/tex/generic/pgf/math/pgfmath.code.te
x)
\pgffor@iter=\dimen191
\pgffor@skip=\dimen192
\pgffor@stack=\toks35
\pgffor@toks=\toks36
))
(C:/Users/tarob/AppData/Roaming/MiKTeX/2.9/tex/generic/pgf/frontendlayer/tikz/t
ikz.code.tex
Package: tikz 2020/01/08 v3.1.5b (3.1.5b)

(C:/Users/tarob/AppData/Roaming/MiKTeX/2.9/tex/generic/pgf/libraries/pgflibrary
plothandlers.code.tex
File: pgflibraryplothandlers.code.tex 2020/01/08 v3.1.5b (3.1.5b)
\pgf@plot@mark@count=\count273
\pgfplotmarksize=\dimen193
)
\tikz@lastx=\dimen194
\tikz@lasty=\dimen195
\tikz@lastxsaved=\dimen196
\tikz@lastysaved=\dimen197
\tikz@lastmovetox=\dimen198
\tikz@lastmovetoy=\dimen199
\tikzleveldistance=\dimen256
\tikzsiblingdistance=\dimen257
\tikz@figbox=\box54
\tikz@figbox@bg=\box55
\tikz@tempbox=\box56
\tikz@tempbox@bg=\box57
\tikztreelevel=\count274
\tikznumberofchildren=\count275
\tikznumberofcurrentchild=\count276
\tikz@fig@count=\count277

(C:/Users/tarob/AppData/Roaming/MiKTeX/2.9/tex/generic/pgf/modules/pgfmodulemat
rix.code.tex
File: pgfmodulematrix.code.tex 2020/01/08 v3.1.5b (3.1.5b)
\pgfmatrixcurrentrow=\count278
\pgfmatrixcurrentcolumn=\count279
\pgf@matrix@numberofcolumns=\count280
)
\tikz@expandcount=\count281

(C:/Users/tarob/AppData/Roaming/MiKTeX/2.9/tex/generic/pgf/frontendlayer/tikz/l
ibraries/tikzlibrarytopaths.code.tex
File: tikzlibrarytopaths.code.tex 2020/01/08 v3.1.5b (3.1.5b)
)))
(C:/Users/tarob/AppData/Roaming/MiKTeX/2.9/tex/latex/pgfplots/pgfplots.sty
(C:/Users/tarob/AppData/Roaming/MiKTeX/2.9/tex/generic/pgfplots/pgfplots.revisi
on.tex)
Package: pgfplots 2020/02/29 v1.17 Data Visualization (1.17)

(C:/Users/tarob/AppData/Roaming/MiKTeX/2.9/tex/generic/pgfplots/pgfplots.code.t
ex
(C:/Users/tarob/AppData/Roaming/MiKTeX/2.9/tex/generic/pgfplots/pgfplotscore.co
de.tex
Package pgfplots info on input line 124: Initializing with LUA version Lua 5.3
\pgfplots@luabackend@table=\catcodetable5
\t@pgfplots@toka=\toks37
\t@pgfplots@tokb=\toks38
\t@pgfplots@tokc=\toks39
\pgfplots@tmpa=\dimen258
\c@pgfplots@coordindex=\count282
\c@pgfplots@scanlineindex=\count283

(C:/Users/tarob/AppData/Roaming/MiKTeX/2.9/tex/generic/pgfplots/sys/pgfplotssys
generic.code.tex))
(C:/Users/tarob/AppData/Roaming/MiKTeX/2.9/tex/generic/pgfplots/libs/pgfplotsli
brary.code.tex)
(C:/Users/tarob/AppData/Roaming/MiKTeX/2.9/tex/generic/pgfplots/oldpgfcompatib/
pgfplotsoldpgfsupp_loader.code.tex
(C:/Users/tarob/AppData/Roaming/MiKTeX/2.9/tex/generic/pgf/libraries/pgflibrary
fpu.code.tex)
(C:/Users/tarob/AppData/Roaming/MiKTeX/2.9/tex/generic/pgf/libraries/luamath/pg
flibraryluamath.code.tex)
Package pgfplots info on input line 290: luamath library shipped with pgf 3.1.5b
 is up-to-date
)
(C:/Users/tarob/AppData/Roaming/MiKTeX/2.9/tex/generic/pgfplots/util/pgfplotsut
il.code.tex
Package pgfplots info on input line 82: Found new luatex: initializing lua comma
nds instead of write18 (shell-escape)

(C:/Users/tarob/AppData/Roaming/MiKTeX/2.9/tex/generic/pgfplots/liststructure/p
gfplotsliststructure.code.tex)
(C:/Users/tarob/AppData/Roaming/MiKTeX/2.9/tex/generic/pgfplots/liststructure/p
gfplotsliststructureext.code.tex)
(C:/Users/tarob/AppData/Roaming/MiKTeX/2.9/tex/generic/pgfplots/liststructure/p
gfplotsarray.code.tex
\c@pgfplotsarray@tmp=\count284
)
(C:/Users/tarob/AppData/Roaming/MiKTeX/2.9/tex/generic/pgfplots/liststructure/p
gfplotsmatrix.code.tex)
(C:/Users/tarob/AppData/Roaming/MiKTeX/2.9/tex/generic/pgfplots/numtable/pgfplo
tstableshared.code.tex
\c@pgfplotstable@counta=\count285
\t@pgfplotstable@a=\toks40
)
(C:/Users/tarob/AppData/Roaming/MiKTeX/2.9/tex/generic/pgfplots/liststructure/p
gfplotsdeque.code.tex)
(C:/Users/tarob/AppData/Roaming/MiKTeX/2.9/tex/generic/pgfplots/util/pgfplotsbi
nary.code.tex
(C:/Users/tarob/AppData/Roaming/MiKTeX/2.9/tex/generic/pgfplots/util/pgfplotsbi
nary.data.code.tex))
(C:/Users/tarob/AppData/Roaming/MiKTeX/2.9/tex/generic/pgfplots/util/pgfplotsut
il.verb.code.tex)
(C:/Users/tarob/AppData/Roaming/MiKTeX/2.9/tex/generic/pgfplots/libs/pgflibrary
pgfplots.surfshading.code.tex
\c@pgfplotslibrarysurf@no=\count286

(C:/Users/tarob/AppData/Roaming/MiKTeX/2.9/tex/generic/pgfplots/sys/pgflibraryp
gfplots.surfshading.pgfsys-luatex.def)))
(C:/Users/tarob/AppData/Roaming/MiKTeX/2.9/tex/generic/pgfplots/util/pgfplotsco
lormap.code.tex
(C:/Users/tarob/AppData/Roaming/MiKTeX/2.9/tex/generic/pgfplots/util/pgfplotsco
lor.code.tex))
(C:/Users/tarob/AppData/Roaming/MiKTeX/2.9/tex/generic/pgfplots/pgfplotsstacked
plots.code.tex)
(C:/Users/tarob/AppData/Roaming/MiKTeX/2.9/tex/generic/pgfplots/pgfplotsplothan
dlers.code.tex
(C:/Users/tarob/AppData/Roaming/MiKTeX/2.9/tex/generic/pgfplots/pgfplotsmeshplo
thandler.code.tex
(C:/Users/tarob/AppData/Roaming/MiKTeX/2.9/tex/generic/pgfplots/pgfplotsmeshplo
timage.code.tex)))
(C:/Users/tarob/AppData/Roaming/MiKTeX/2.9/tex/generic/pgfplots/pgfplots.scalin
g.code.tex)
(C:/Users/tarob/AppData/Roaming/MiKTeX/2.9/tex/generic/pgfplots/pgfplotscoordpr
ocessing.code.tex)
(C:/Users/tarob/AppData/Roaming/MiKTeX/2.9/tex/generic/pgfplots/pgfplots.errorb
ars.code.tex)
(C:/Users/tarob/AppData/Roaming/MiKTeX/2.9/tex/generic/pgfplots/pgfplots.marker
s.code.tex)
(C:/Users/tarob/AppData/Roaming/MiKTeX/2.9/tex/generic/pgfplots/pgfplotsticks.c
ode.tex)
(C:/Users/tarob/AppData/Roaming/MiKTeX/2.9/tex/generic/pgfplots/pgfplots.paths.
code.tex)
(C:/Users/tarob/AppData/Roaming/MiKTeX/2.9/tex/generic/pgf/frontendlayer/tikz/l
ibraries/tikzlibrarydecorations.code.tex
(C:/Users/tarob/AppData/Roaming/MiKTeX/2.9/tex/generic/pgf/modules/pgfmoduledec
orations.code.tex
\pgfdecoratedcompleteddistance=\dimen259
\pgfdecoratedremainingdistance=\dimen260
\pgfdecoratedinputsegmentcompleteddistance=\dimen261
\pgfdecoratedinputsegmentremainingdistance=\dimen262
\pgf@decorate@distancetomove=\dimen263
\pgf@decorate@repeatstate=\count287
\pgfdecorationsegmentamplitude=\dimen264
\pgfdecorationsegmentlength=\dimen265
)
\tikz@lib@dec@box=\box58
)
(C:/Users/tarob/AppData/Roaming/MiKTeX/2.9/tex/generic/pgf/frontendlayer/tikz/l
ibraries/tikzlibrarydecorations.pathmorphing.code.tex
(C:/Users/tarob/AppData/Roaming/MiKTeX/2.9/tex/generic/pgf/libraries/decoration
s/pgflibrarydecorations.pathmorphing.code.tex))
(C:/Users/tarob/AppData/Roaming/MiKTeX/2.9/tex/generic/pgf/frontendlayer/tikz/l
ibraries/tikzlibrarydecorations.pathreplacing.code.tex
(C:/Users/tarob/AppData/Roaming/MiKTeX/2.9/tex/generic/pgf/libraries/decoration
s/pgflibrarydecorations.pathreplacing.code.tex))
\pgfplots@numplots=\count288
\pgfplots@xmin@reg=\dimen266
\pgfplots@xmax@reg=\dimen267
\pgfplots@ymin@reg=\dimen268
\pgfplots@ymax@reg=\dimen269
\pgfplots@zmin@reg=\dimen270
\pgfplots@zmax@reg=\dimen271
)
(C:/Users/tarob/AppData/Roaming/MiKTeX/2.9/tex/generic/pgf/frontendlayer/tikz/l
ibraries/tikzlibraryplotmarks.code.tex
File: tikzlibraryplotmarks.code.tex 2020/01/08 v3.1.5b (3.1.5b)

(C:/Users/tarob/AppData/Roaming/MiKTeX/2.9/tex/generic/pgf/libraries/pgflibrary
plotmarks.code.tex
File: pgflibraryplotmarks.code.tex 2020/01/08 v3.1.5b (3.1.5b)
))) ("C:/Program Files/MiKTeX 2.9/tex/latex/base/fontenc.sty"
Package: fontenc 2020/02/11 v2.0o Standard LaTeX package
LaTeX Font Info:    Trying to load font information for T1+lmr on input line 112
.
("C:/Program Files/MiKTeX 2.9/tex/latex/lm/t1lmr.fd"
File: t1lmr.fd 2009/10/30 v1.6 Font defs for Latin Modern
))
("C:/Program Files/MiKTeX 2.9/tex/latex/carlisle/slashed.sty"
Package: slashed 1997/01/16 v0.01 Feynman Slashed Character Notation (DPC)
)
("C:/Program Files/MiKTeX 2.9/tex/latex/tools/bm.sty"
Package: bm 2019/07/24 v1.2d Bold Symbol Support (DPC/FMi)
\symboldoperators=\mathgroup6
\symboldletters=\mathgroup7
\symboldsymbols=\mathgroup8
LaTeX Font Info:    Redeclaring math alphabet \mathbf on input line 141.
LaTeX Info: Redefining \bm on input line 209.
)
(C:/Users/tarob/AppData/Roaming/MiKTeX/2.9/tex/latex/physics/physics.sty
Package: physics 

(C:/Users/tarob/AppData/Roaming/MiKTeX/2.9/tex/latex/l3packages/xparse/xparse.s
ty (C:/Users/tarob/AppData/Roaming/MiKTeX/2.9/tex/latex/l3kernel/expl3.sty
Package: expl3 2020-04-06 L3 programming layer (loader) 

(C:/Users/tarob/AppData/Roaming/MiKTeX/2.9/tex/latex/l3backend/l3backend-pdfmod
e.def
File: l3backend-pdfmode.def 2020-03-12 L3 backend support: PDF mode
\l__kernel_color_stack_int=\count289
\l__pdf_internal_box=\box59
))
Package: xparse 2020-03-06 L3 Experimental document command parser
\l__xparse_current_arg_int=\count290
\g__xparse_grabber_int=\count291
\l__xparse_m_args_int=\count292
\l__xparse_v_nesting_int=\count293
))
(C:/Users/tarob/AppData/Roaming/MiKTeX/2.9/tex/latex/doublestroke/dsfont.sty
Package: dsfont 1995/08/01 v0.1 Double stroke roman fonts
)
(C:/Users/tarob/AppData/Roaming/MiKTeX/2.9/tex/latex/cases/cases.sty
Package: cases 2020/03/29 ver 3.2
\numc@numwid=\dimen272
)
(C:/Users/tarob/AppData/Roaming/MiKTeX/2.9/tex/latex/listings/listings.sty
\lst@mode=\count294
\lst@gtempboxa=\box60
\lst@token=\toks41
\lst@length=\count295
\lst@currlwidth=\dimen273
\lst@column=\count296
\lst@pos=\count297
\lst@lostspace=\dimen274
\lst@width=\dimen275
\lst@newlines=\count298
\lst@lineno=\count299
\lst@maxwidth=\dimen276

(C:/Users/tarob/AppData/Roaming/MiKTeX/2.9/tex/latex/listings/lstmisc.sty
File: lstmisc.sty 2020/03/24 1.8d (Carsten Heinz)
\c@lstnumber=\count300
\lst@skipnumbers=\count301
\lst@framebox=\box61
)
(C:/Users/tarob/AppData/Roaming/MiKTeX/2.9/tex/latex/listings/listings.cfg
File: listings.cfg 2020/03/24 1.8d listings configuration
))
Package: listings 2020/03/24 1.8d (Carsten Heinz)

(C:/Users/tarob/AppData/Roaming/MiKTeX/2.9/tex/latex/listings/lstlang1.sty
File: lstlang1.sty 2020/03/24 1.8d listings language file
)
\pgf@layerbox@bg=\box62
\pgf@layerboxsaved@bg=\box63

(C:/Users/tarob/AppData/Roaming/MiKTeX/2.9/tex/latex/isodate/isodate.sty
Package: isodate 2010/01/03 v2.30 Print dates with different formats (HH)

("C:/Program Files/MiKTeX 2.9/tex/latex/base/ifthen.sty"
Package: ifthen 2014/09/29 v1.1c Standard LaTeX ifthen package (DPC)
)
(C:/Users/tarob/AppData/Roaming/MiKTeX/2.9/tex/latex/substr/substr.sty
Package: substr 2009/10/20 v1.2 Handle substrings
\c@su@anzahl=\count302
)
(C:/Users/tarob/AppData/Roaming/MiKTeX/2.9/tex/latex/isodate/english.idf
File: english.idf 2010/01/03 v2.30 Language definitions for isodate package (HH)


Define commands for English date format
)
\c@iso@tmpmonth=\count303
\c@iso@yeartwo=\count304
\c@iso@slash=\count305
\c@iso@minus=\count306
\c@iso@dot=\count307
\c@iso@@slash=\count308
\c@iso@@minus=\count309
\c@iso@@dot=\count310
) ("C:/Program Files/MiKTeX 2.9/tex/latex/float/float.sty"
Package: float 2001/11/08 v1.3d Float enhancements (AL)
\c@float@type=\count311
\float@exts=\toks42
\float@box=\box64
\@float@everytoks=\toks43
\@floatcapt=\box65
)
(C:/Users/tarob/AppData/Roaming/MiKTeX/2.9/tex/generic/pgf/frontendlayer/tikz/l
ibraries/tikzlibraryshapes.misc.code.tex
File: tikzlibraryshapes.misc.code.tex 2020/01/08 v3.1.5b (3.1.5b)

(C:/Users/tarob/AppData/Roaming/MiKTeX/2.9/tex/generic/pgf/libraries/shapes/pgf
libraryshapes.misc.code.tex
File: pgflibraryshapes.misc.code.tex 2020/01/08 v3.1.5b (3.1.5b)
))
(C:/Users/tarob/AppData/Roaming/MiKTeX/2.9/tex/generic/pgf/frontendlayer/tikz/l
ibraries/tikzlibraryarrows.code.tex
File: tikzlibraryarrows.code.tex 2020/01/08 v3.1.5b (3.1.5b)

(C:/Users/tarob/AppData/Roaming/MiKTeX/2.9/tex/generic/pgf/libraries/pgflibrary
arrows.code.tex
File: pgflibraryarrows.code.tex 2020/01/08 v3.1.5b (3.1.5b)
\arrowsize=\dimen277
))
(C:/Users/tarob/AppData/Roaming/MiKTeX/2.9/tex/generic/pgf/frontendlayer/tikz/l
ibraries/tikzlibrarydecorations.markings.code.tex
(C:/Users/tarob/AppData/Roaming/MiKTeX/2.9/tex/generic/pgf/libraries/decoration
s/pgflibrarydecorations.markings.code.tex))
(C:/Users/tarob/AppData/Roaming/MiKTeX/2.9/tex/generic/pgf/frontendlayer/tikz/l
ibraries/tikzlibrarypositioning.code.tex
File: tikzlibrarypositioning.code.tex 2020/01/08 v3.1.5b (3.1.5b)
)
(C:/Users/tarob/AppData/Roaming/MiKTeX/2.9/tex/generic/pgf/frontendlayer/tikz/l
ibraries/tikzlibraryfit.code.tex
File: tikzlibraryfit.code.tex 2020/01/08 v3.1.5b (3.1.5b)
)
(C:/Users/tarob/AppData/Roaming/MiKTeX/2.9/tex/generic/pgf/frontendlayer/tikz/l
ibraries/tikzlibrarypatterns.code.tex
File: tikzlibrarypatterns.code.tex 2020/01/08 v3.1.5b (3.1.5b)

(C:/Users/tarob/AppData/Roaming/MiKTeX/2.9/tex/generic/pgf/libraries/pgflibrary
patterns.code.tex
File: pgflibrarypatterns.code.tex 2020/01/08 v3.1.5b (3.1.5b)
))) ("./Notes on amplitudes.aux")
\openout1 = Notes on amplitudes.aux

LaTeX Font Info:    Checking defaults for OML/cmm/m/it on input line 18.
LaTeX Font Info:    ... okay on input line 18.
LaTeX Font Info:    Checking defaults for OMS/cmsy/m/n on input line 18.
LaTeX Font Info:    ... okay on input line 18.
LaTeX Font Info:    Checking defaults for OT1/cmr/m/n on input line 18.
LaTeX Font Info:    ... okay on input line 18.
LaTeX Font Info:    Checking defaults for T1/cmr/m/n on input line 18.
LaTeX Font Info:    ... okay on input line 18.
LaTeX Font Info:    Checking defaults for TS1/cmr/m/n on input line 18.
LaTeX Font Info:    Trying to load font information for TS1+cmr on input line 18
.

("C:/Program Files/MiKTeX 2.9/tex/latex/base/ts1cmr.fd"
File: ts1cmr.fd 2019/12/16 v2.5j Standard LaTeX font definitions
)
LaTeX Font Info:    ... okay on input line 18.
LaTeX Font Info:    Checking defaults for TU/lmr/m/n on input line 18.
LaTeX Font Info:    ... okay on input line 18.
LaTeX Font Info:    Checking defaults for OMX/cmex/m/n on input line 18.
LaTeX Font Info:    ... okay on input line 18.
LaTeX Font Info:    Checking defaults for U/cmr/m/n on input line 18.
LaTeX Font Info:    ... okay on input line 18.
LaTeX Font Info:    Checking defaults for PD1/pdf/m/n on input line 18.
LaTeX Font Info:    ... okay on input line 18.
LaTeX Font Info:    Checking defaults for PU/pdf/m/n on input line 18.
LaTeX Font Info:    ... okay on input line 18.

(C:/Users/tarob/AppData/Roaming/MiKTeX/2.9/tex/context/base/mkii/supp-pdf.mkii
[Loading MPS to PDF converter (version 2006.09.02).]
\scratchcounter=\count312
\scratchdimen=\dimen278
\scratchbox=\box66
\nofMPsegments=\count313
\nofMParguments=\count314
\everyMPshowfont=\toks44
\MPscratchCnt=\count315
\MPscratchDim=\dimen279
\MPnumerator=\count316
\makeMPintoPDFobject=\count317
\everyMPtoPDFconversion=\toks45
)
(C:/Users/tarob/AppData/Roaming/MiKTeX/2.9/tex/latex/epstopdf-pkg/epstopdf-base
.sty
Package: epstopdf-base 2020-01-24 v2.11 Base part for package epstopdf
Package epstopdf-base Info: Redefining graphics rule for `.eps' on input line 48
5.
)
\AtBeginShipoutBox=\box67
Package hyperref Info: Link coloring ON on input line 18.
 ("C:/Program Files/MiKTeX 2.9/tex/latex/hyperref/nameref.sty"
Package: nameref 2019/09/16 v2.46 Cross-referencing by name of section

(C:/Users/tarob/AppData/Roaming/MiKTeX/2.9/tex/latex/refcount/refcount.sty
Package: refcount 2019/12/15 v3.6 Data extraction from label references (HO)
)
(C:/Users/tarob/AppData/Roaming/MiKTeX/2.9/tex/generic/gettitlestring/gettitles
tring.sty
Package: gettitlestring 2019/12/15 v1.6 Cleanup title references (HO)
)
\c@section@level=\count318
)
LaTeX Info: Redefining \ref on input line 18.
LaTeX Info: Redefining \pageref on input line 18.
LaTeX Info: Redefining \nameref on input line 18.
 ("./Notes on amplitudes.out") ("./Notes on amplitudes.out")
\@outlinefile=\write4

\openout4 = Notes on amplitudes.out

ABD: EveryShipout initializing macros

Package pgfplots Warning: running in backwards compatibility mode (unsuitable ti
ck labels; missing features). Consider writing \pgfplotsset{compat=1.17} into yo
ur preamble.
 on input line 18.

\c@lstlisting=\count319
isodate: babel.sty, (n)german.sty have not been loaded
LaTeX Font Info:    Trying to load font information for T1+lmss on input line 19
.
("C:/Program Files/MiKTeX 2.9/tex/latex/lm/t1lmss.fd"
File: t1lmss.fd 2009/10/30 v1.6 Font defs for Latin Modern
)
LaTeX Font Info:    Trying to load font information for U+msa on input line 19.

("C:/Program Files/MiKTeX 2.9/tex/latex/amsfonts/umsa.fd"
File: umsa.fd 2013/01/14 v3.01 AMS symbols A
)
LaTeX Font Info:    Trying to load font information for U+msb on input line 19.

("C:/Program Files/MiKTeX 2.9/tex/latex/amsfonts/umsb.fd"
File: umsb.fd 2013/01/14 v3.01 AMS symbols B
)
LaTeX Font Info:    Trying to load font information for T1+lmtt on input line 19
.

("C:/Program Files/MiKTeX 2.9/tex/latex/lm/t1lmtt.fd"
File: t1lmtt.fd 2009/10/30 v1.6 Font defs for Latin Modern
) [0

{C:/Users/tarob/AppData/Local/MiKTeX/2.9/pdftex/config/pdftex.map}] ("./Notes o
n amplitudes.toc")
\tf@toc=\write5

\openout5 = Notes on amplitudes.toc

[1]
LaTeX Font Info:    Trying to load font information for U+dsrom on input line 52
.
 (C:/Users/tarob/AppData/Roaming/MiKTeX/2.9/tex/latex/doublestroke/udsrom.fd
File: Udsrom.fd 1995/08/01 v0.1 Double stroke roman font definitions
) [2] [3]
Overfull \hbox (17.34703pt too wide) detected at line 193
\OML/cmm/m/it/12 A[]\OT1/cmr/m/n/12 (1[]\OML/cmm/m/it/12 ; \OT1/cmr/m/n/12 2[]\
OML/cmm/m/it/12 ; \OT1/cmr/m/n/12 3[]\OML/cmm/m/it/12 ; \OT1/cmr/m/n/12 4[]\OML
/cmm/m/it/12 ; \OT1/cmr/m/n/12 5[]) = [] \OMS/cmsy/m/n/12 ! []  []
 []

[4] [5]
Overfull \hbox (47.24239pt too wide) detected at line 255
[]
 []

[6] [7] [8] [9]
<projec.PNG, id=174, 750.30313pt x 340.77313pt>
File: projec.PNG Graphic file (type png)
<use projec.PNG>
Package luatex.def Info: projec.PNG  used on input line 401.
(luatex.def)             Requested size: 426.79134pt x 193.84232pt.

Overfull \hbox (13.94092pt too wide) in paragraph at lines 435--437
[][][][][][][][][][][][][][][][][][][][][][][][][][][][] 
 []

[10<./projec.PNG>] [11] [12]
Package atveryend Info: Empty hook `BeforeClearDocument' on input line 467.
Package atveryend Info: Empty hook `AfterLastShipout' on input line 467.
 ("./Notes on amplitudes.aux")
Package atveryend Info: Executing hook `AtVeryEndDocument' on input line 467.
Package atveryend Info: Executing hook `AtEndAfterFileList' on input line 467.
Package rerunfilecheck Info: File `"Notes on amplitudes".out' has not changed.
(rerunfilecheck)             Checksum: <no file>.
Package atveryend Info: Empty hook `AtVeryVeryEnd' on input line 467.
)

Here is how much of LuaTeX's memory you used:
 35470 strings out of 480991
 100000,1373583 words of node,token memory allocated
 869 words of node memory still in use:
   7 hlist, 2 vlist, 2 rule, 2 glue, 4 kern, 1 glyph, 93 attribute, 57 glue_spec
, 93 attribute_list, 2 write nodes
   avail lists: 2:1185,3:408,4:40,5:233,6:25,7:2397,8:94,9:819,10:12,11:152
 51685 multiletter control sequences out of 65536+200000
 85 fonts using 7316547 bytes
 71i,12n,102p,741b,726s stack positions out of 5000i,500n,10000p,200000b,50000s
{C:/Program Files/MiKTeX 2.9/fonts/enc/dvips/lm/lm-ec.enc}{C:/Program Files/MiKT
eX 2.9/fonts/enc/dvips/lm/lm-ts1.enc}<C:/Program Files/MiKTeX 2.9/fonts/type1/pu
blic/amsfonts/cm/cmex10.pfb><C:/Program Files/MiKTeX 2.9/fonts/type1/public/amsf
onts/cm/cmmi12.pfb><C:/Program Files/MiKTeX 2.9/fonts/type1/public/amsfonts/cm/c
mmi6.pfb><C:/Program Files/MiKTeX 2.9/fonts/type1/public/amsfonts/cm/cmmi8.pfb><
C:/Program Files/MiKTeX 2.9/fonts/type1/public/amsfonts/cm/cmr12.pfb><C:/Program
 Files/MiKTeX 2.9/fonts/type1/public/amsfonts/cm/cmr6.pfb><C:/Program Files/MiKT
eX 2.9/fonts/type1/public/amsfonts/cm/cmr8.pfb><C:/Program Files/MiKTeX 2.9/font
s/type1/public/amsfonts/cm/cmsy10.pfb><C:/Program Files/MiKTeX 2.9/fonts/type1/p
ublic/amsfonts/cm/cmsy8.pfb><C:/Users/tarob/AppData/Roaming/MiKTeX/2.9/fonts/typ
e1/public/doublestroke/dsrom12.pfb><C:/Program Files/MiKTeX 2.9/fonts/type1/publ
ic/lm/lmbx10.pfb><C:/Program Files/MiKTeX 2.9/fonts/type1/public/lm/lmbx12.pfb><
C:/Program Files/MiKTeX 2.9/fonts/type1/public/lm/lmcsc10.pfb><C:/Program Files/
MiKTeX 2.9/fonts/type1/public/lm/lmr10.pfb><C:/Program Files/MiKTeX 2.9/fonts/ty
pe1/public/lm/lmr12.pfb><C:/Program Files/MiKTeX 2.9/fonts/type1/public/lm/lmr8.
pfb><C:/Program Files/MiKTeX 2.9/fonts/type1/public/lm/lmri10.pfb><C:/Program Fi
les/MiKTeX 2.9/fonts/type1/public/lm/lmri12.pfb><C:/Program Files/MiKTeX 2.9/fon
ts/type1/public/lm/lmssbx10.pfb><C:/Program Files/MiKTeX 2.9/fonts/type1/public/
lm/lmtt12.pfb>
Output written on Notes on amplitudes.pdf (13 pages, 455056 bytes).

PDF statistics: 285 PDF objects out of 1000 (max. 8388607)
 94 named destinations out of 1000 (max. 131072)
 112 words of extra memory for PDF output out of 10000 (max. 100000000)

