This is LuaHBTeX, Version 1.17.0 (MiKTeX 23.5) (format=lualatex 2023.5.12)  14 JUN 2023 17:49
 restricted system commands enabled.
**main.tex
(./main.tex
LaTeX2e <2022-11-01> patch level 1
Lua module: luaotfload 2022-10-03 3.23 Lua based OpenType font support
Lua module: lualibs 2022-10-04 2.75 ConTeXt Lua standard libraries.
Lua module: lualibs-extended 2022-10-04 2.75 ConTeXt Lua libraries -- extended c
ollection.
luaotfload | conf : Root cache directory is "C:/Users/tarob/AppData/Local/MiKTeX
/2.9/luatex-cache/generic/names".
luaotfload | init : Loading fontloader "fontloader-2022-10-03.lua" from kpse-res
olved path "C:/Program Files/MiKTeX 2.9/tex/luatex/luaotfload/fontloader-2022-10
-03.lua".
Lua-only attribute luaotfload@noligature = 1
luaotfload | init : Context OpenType loader version 3.120
Inserting `luaotfload.node_processor' in `pre_linebreak_filter'.
Inserting `luaotfload.node_processor' in `hpack_filter'.
Inserting `luaotfload.glyph_stream' in `glyph_stream_provider'.
Inserting `luaotfload.define_font' in `define_font'.
Lua-only attribute luaotfload_color_attribute = 2
luaotfload | conf : Root cache directory is "C:/Users/tarob/AppData/Local/MiKTeX
/2.9/luatex-cache/generic/names".
Inserting `luaotfload.harf.strip_prefix' in `find_opentype_file'.
Inserting `luaotfload.harf.strip_prefix' in `find_truetype_file'.
Removing  `luaotfload.glyph_stream' from `glyph_stream_provider'.
Inserting `luaotfload.harf.glyphstream' in `glyph_stream_provider'.
Inserting `luaotfload.harf.finalize_vlist' in `post_linebreak_filter'.
Inserting `luaotfload.harf.finalize_hlist' in `hpack_filter'.
Inserting `luaotfload.cleanup_files' in `wrapup_run'.
Inserting `luaotfload.harf.finalize_unicode' in `finish_pdffile'.
Inserting `luaotfload.glyphinfo' in `glyph_info'.
Lua-only attribute luaotfload.letterspace_done = 3
Inserting `luaotfload.aux.set_sscale_dimens' in `luaotfload.patch_font'.
Inserting `luaotfload.aux.set_font_index' in `luaotfload.patch_font'.
Inserting `luaotfload.aux.patch_cambria_domh' in `luaotfload.patch_font'.
Inserting `luaotfload.aux.fixup_fontdata' in `luaotfload.patch_font_unsafe'.
Inserting `luaotfload.aux.set_capheight' in `luaotfload.patch_font'.
Inserting `luaotfload.aux.set_xheight' in `luaotfload.patch_font'.
Inserting `luaotfload.rewrite_fontname' in `luaotfload.patch_font'. L3 programm
ing layer <2023-05-05>
Inserting `tracingstacklevels' in `input_level_string'.
("C:/Program Files/MiKTeX 2.9/tex/latex/base/article.cls"
Document Class: article 2022/07/02 v1.4n Standard LaTeX document class
("C:/Program Files/MiKTeX 2.9/tex/latex/base/size12.clo"
File: size12.clo 2022/07/02 v1.4n Standard LaTeX file (size option)
luaotfload | db : Font names database loaded from C:/Users/tarob/AppData/Local/M
iKTeX/2.9/luatex-cache/generic/names/luaotfload-names.luc.gz)
\c@part=\count183
\c@section=\count184
\c@subsection=\count185
\c@subsubsection=\count186
\c@paragraph=\count187
\c@subparagraph=\count188
\c@figure=\count189
\c@table=\count190
\abovecaptionskip=\skip48
\belowcaptionskip=\skip49
\bibindent=\dimen139
) (./jheppub.sty
Package: jheppub 2018/12/04 v.1.1227

("C:/Program Files/MiKTeX 2.9/tex/latex/amsmath/amsmath.sty"
Package: amsmath 2022/04/08 v2.17n AMS math features
\@mathmargin=\skip50

For additional information on amsmath, use the `?' option.
("C:/Program Files/MiKTeX 2.9/tex/latex/amsmath/amstext.sty"
Package: amstext 2021/08/26 v2.01 AMS text

("C:/Program Files/MiKTeX 2.9/tex/latex/amsmath/amsgen.sty"
File: amsgen.sty 1999/11/30 v2.0 generic functions
\@emptytoks=\toks16
\ex@=\dimen140
))
("C:/Program Files/MiKTeX 2.9/tex/latex/amsmath/amsbsy.sty"
Package: amsbsy 1999/11/29 v1.2d Bold Symbols
\pmbraise@=\dimen141
)
("C:/Program Files/MiKTeX 2.9/tex/latex/amsmath/amsopn.sty"
Package: amsopn 2022/04/08 v2.04 operator names
)
\inf@bad=\count191
LaTeX Info: Redefining \frac on input line 236.
\uproot@=\count192
\leftroot@=\count193
LaTeX Info: Redefining \overline on input line 399.
LaTeX Info: Redefining \colon on input line 410.
\classnum@=\count194
\DOTSCASE@=\count195
LaTeX Info: Redefining \ldots on input line 496.
LaTeX Info: Redefining \dots on input line 499.
LaTeX Info: Redefining \cdots on input line 620.
\Mathstrutbox@=\box51
\strutbox@=\box52
LaTeX Info: Redefining \big on input line 722.
LaTeX Info: Redefining \Big on input line 723.
LaTeX Info: Redefining \bigg on input line 724.
LaTeX Info: Redefining \Bigg on input line 725.
\big@size=\dimen142
LaTeX Font Info:    Redeclaring font encoding OML on input line 743.
LaTeX Font Info:    Redeclaring font encoding OMS on input line 744.
\macc@depth=\count196
LaTeX Info: Redefining \bmod on input line 905.
LaTeX Info: Redefining \pmod on input line 910.
LaTeX Info: Redefining \smash on input line 940.
LaTeX Info: Redefining \relbar on input line 970.
LaTeX Info: Redefining \Relbar on input line 971.
\c@MaxMatrixCols=\count197
\dotsspace@=\muskip16
\c@parentequation=\count198
\dspbrk@lvl=\count199
\tag@help=\toks17
\row@=\count266
\column@=\count267
\maxfields@=\count268
\andhelp@=\toks18
\eqnshift@=\dimen143
\alignsep@=\dimen144
\tagshift@=\dimen145
\tagwidth@=\dimen146
\totwidth@=\dimen147
\lineht@=\dimen148
\@envbody=\toks19
\multlinegap=\skip51
\multlinetaggap=\skip52
\mathdisplay@stack=\toks20
LaTeX Info: Redefining \[ on input line 2953.
LaTeX Info: Redefining \] on input line 2954.
)
("C:/Program Files/MiKTeX 2.9/tex/latex/amsfonts/amssymb.sty"
Package: amssymb 2013/01/14 v3.01 AMS font symbols

("C:/Program Files/MiKTeX 2.9/tex/latex/amsfonts/amsfonts.sty"
Package: amsfonts 2013/01/14 v3.01 Basic AMSFonts support
\symAMSa=\mathgroup4
\symAMSb=\mathgroup5
LaTeX Font Info:    Redeclaring math symbol \hbar on input line 98.
LaTeX Font Info:    Overwriting math alphabet `\mathfrak' in version `bold'
(Font)                  U/euf/m/n --> U/euf/b/n on input line 106.
))
("C:/Program Files/MiKTeX 2.9/tex/latex/graphics/epsfig.sty"
Package: epsfig 2017/06/25 v1.7b (e)psfig emulation (SPQR)

("C:/Program Files/MiKTeX 2.9/tex/latex/graphics/graphicx.sty"
Package: graphicx 2021/09/16 v1.2d Enhanced LaTeX Graphics (DPC,SPQR)

("C:/Program Files/MiKTeX 2.9/tex/latex/graphics/keyval.sty"
Package: keyval 2022/05/29 v1.15 key=value parser (DPC)
\KV@toks@=\toks21
)
("C:/Program Files/MiKTeX 2.9/tex/latex/graphics/graphics.sty"
Package: graphics 2022/03/10 v1.4e Standard LaTeX Graphics (DPC,SPQR)

("C:/Program Files/MiKTeX 2.9/tex/latex/graphics/trig.sty"
Package: trig 2021/08/11 v1.11 sin cos tan (DPC)
)
("C:/Program Files/MiKTeX 2.9/tex/latex/graphics-cfg/graphics.cfg"
File: graphics.cfg 2016/06/04 v1.11 sample graphics configuration
)
Package graphics Info: Driver file: luatex.def on input line 107.

("C:/Program Files/MiKTeX 2.9/tex/latex/graphics-def/luatex.def"
File: luatex.def 2022/09/22 v1.2d Graphics/color driver for luatex
))
\Gin@req@height=\dimen149
\Gin@req@width=\dimen150
)
\epsfxsize=\dimen151
\epsfysize=\dimen152
)
(C:/Users/tarob/AppData/Roaming/MiKTeX/2.9/tex/latex/natbib/natbib.sty
Package: natbib 2010/09/13 8.31b (PWD, AO)
\bibhang=\skip53
\bibsep=\skip54
LaTeX Info: Redefining \cite on input line 694.
\c@NAT@ctr=\count269
)
("C:/Program Files/MiKTeX 2.9/tex/latex/hyperref/hyperref.sty"
Package: hyperref 2023-04-22 v7.00x Hypertext links for LaTeX

(C:/Users/tarob/AppData/Roaming/MiKTeX/2.9/tex/generic/ltxcmds/ltxcmds.sty
Package: ltxcmds 2020-05-10 v1.25 LaTeX kernel commands for general use (HO)
)
(C:/Users/tarob/AppData/Roaming/MiKTeX/2.9/tex/generic/iftex/iftex.sty
Package: iftex 2022/02/03 v1.0f TeX engine tests
)
(C:/Users/tarob/AppData/Roaming/MiKTeX/2.9/tex/generic/pdftexcmds/pdftexcmds.st
y
Package: pdftexcmds 2020-06-27 v0.33 Utility functions of pdfTeX for LuaTeX (HO
)

(C:/Users/tarob/AppData/Roaming/MiKTeX/2.9/tex/generic/infwarerr/infwarerr.sty
Package: infwarerr 2019/12/03 v1.5 Providing info/warning/error messages (HO)
)
Package pdftexcmds Info: \pdf@primitive is available.
Package pdftexcmds Info: \pdf@ifprimitive is available.
Package pdftexcmds Info: \pdfdraftmode found.
\pdftexcmds@toks=\toks22
) (C:/Users/tarob/AppData/Roaming/MiKTeX/2.9/tex/latex/kvsetkeys/kvsetkeys.sty
Package: kvsetkeys 2022-10-05 v1.19 Key value parser (HO)
)
(C:/Users/tarob/AppData/Roaming/MiKTeX/2.9/tex/generic/kvdefinekeys/kvdefinekey
s.sty
Package: kvdefinekeys 2019-12-19 v1.6 Define keys (HO)
)
(C:/Users/tarob/AppData/Roaming/MiKTeX/2.9/tex/generic/pdfescape/pdfescape.sty
Package: pdfescape 2019/12/09 v1.15 Implements pdfTeX's escape features (HO)
) (C:/Users/tarob/AppData/Roaming/MiKTeX/2.9/tex/latex/hycolor/hycolor.sty
Package: hycolor 2020-01-27 v1.10 Color options for hyperref/bookmark (HO)
)
(C:/Users/tarob/AppData/Roaming/MiKTeX/2.9/tex/latex/letltxmacro/letltxmacro.st
y
Package: letltxmacro 2019/12/03 v1.6 Let assignment for LaTeX macros (HO)
) (C:/Users/tarob/AppData/Roaming/MiKTeX/2.9/tex/latex/auxhook/auxhook.sty
Package: auxhook 2019-12-17 v1.6 Hooks for auxiliary files (HO)
)
("C:/Program Files/MiKTeX 2.9/tex/latex/hyperref/nameref.sty"
Package: nameref 2022-05-17 v2.50 Cross-referencing by name of section

(C:/Users/tarob/AppData/Roaming/MiKTeX/2.9/tex/latex/refcount/refcount.sty
Package: refcount 2019/12/15 v3.6 Data extraction from label references (HO)
)
(C:/Users/tarob/AppData/Roaming/MiKTeX/2.9/tex/generic/gettitlestring/gettitles
tring.sty
Package: gettitlestring 2019/12/15 v1.6 Cleanup title references (HO)

(C:/Users/tarob/AppData/Roaming/MiKTeX/2.9/tex/latex/kvoptions/kvoptions.sty
Package: kvoptions 2022-06-15 v3.15 Key value format for package options (HO)
))
\c@section@level=\count270
) (C:/Users/tarob/AppData/Roaming/MiKTeX/2.9/tex/latex/etoolbox/etoolbox.sty
Package: etoolbox 2020/10/05 v2.5k e-TeX tools for LaTeX (JAW)
\etb@tempcnta=\count271
)
\@linkdim=\dimen153
\Hy@linkcounter=\count272
\Hy@pagecounter=\count273

("C:/Program Files/MiKTeX 2.9/tex/latex/hyperref/pd1enc.def"
File: pd1enc.def 2023-04-22 v7.00x Hyperref: PDFDocEncoding definition (HO)
)
(C:/Users/tarob/AppData/Roaming/MiKTeX/2.9/tex/generic/intcalc/intcalc.sty
Package: intcalc 2019/12/15 v1.3 Expandable calculations with integers (HO)
)
\Hy@SavedSpaceFactor=\count274

("C:/Program Files/MiKTeX 2.9/tex/latex/hyperref/puenc.def"
File: puenc.def 2023-04-22 v7.00x Hyperref: PDF Unicode definition (HO)
)
Package hyperref Info: Option `colorlinks' set `true' on input line 4065.


Package hyperref Warning: Option `pagecolor' is not available anymore.

Package hyperref Info: Option `linktocpage' set `true' on input line 4065.
Package hyperref Info: Option `pdfa' set `true' on input line 4065.
Package hyperref Info: Hyper figures OFF on input line 4182.
Package hyperref Info: Link nesting OFF on input line 4187.
Package hyperref Info: Hyper index ON on input line 4190.
Package hyperref Info: Plain pages OFF on input line 4197.
Package hyperref Info: Backreferencing OFF on input line 4202.
Package hyperref Info: Implicit mode ON; LaTeX internals redefined.
Package hyperref Info: Bookmarks ON on input line 4449.
\c@Hy@tempcnt=\count275
(C:/Users/tarob/AppData/Roaming/MiKTeX/2.9/tex/latex/url/url.sty
\Urlmuskip=\muskip17
Package: url 2013/09/16  ver 3.4  Verb mode for urls, etc.
)
LaTeX Info: Redefining \url on input line 4787.
\XeTeXLinkMargin=\dimen154

(C:/Users/tarob/AppData/Roaming/MiKTeX/2.9/tex/generic/bitset/bitset.sty
Package: bitset 2019/12/09 v1.3 Handle bit-vector datatype (HO)

(C:/Users/tarob/AppData/Roaming/MiKTeX/2.9/tex/generic/bigintcalc/bigintcalc.st
y
Package: bigintcalc 2019/12/15 v1.5 Expandable calculations on big integers (HO
)
))
\Fld@menulength=\count276
\Field@Width=\dimen155
\Fld@charsize=\dimen156
Package hyperref Info: Hyper figures OFF on input line 6066.
Package hyperref Info: Link nesting OFF on input line 6071.
Package hyperref Info: Hyper index ON on input line 6074.
Package hyperref Info: backreferencing OFF on input line 6081.
Package hyperref Info: Link coloring ON on input line 6084.
Package hyperref Info: Link coloring with OCG OFF on input line 6091.
Package hyperref Info: PDF/A mode ON on input line 6094.
 ("C:/Program Files/MiKTeX 2.9/tex/latex/base/atbegshi-ltx.sty"
Package: atbegshi-ltx 2021/01/10 v1.0c Emulation of the original atbegshi
package with kernel methods
)
\Hy@abspage=\count277
\c@Item=\count278
\c@Hfootnote=\count279
)
Package hyperref Info: Driver (autodetected): hluatex.

("C:/Program Files/MiKTeX 2.9/tex/latex/hyperref/hluatex.def"
File: hluatex.def 2023-04-22 v7.00x Hyperref driver for luaTeX

(C:/Users/tarob/AppData/Roaming/MiKTeX/2.9/tex/generic/stringenc/stringenc.sty
Package: stringenc 2019/11/29 v1.12 Convert strings between diff. encodings (HO
)
) ("C:/Program Files/MiKTeX 2.9/tex/latex/base/atveryend-ltx.sty"
Package: atveryend-ltx 2020/08/19 v1.0a Emulation of the original atveryend pac
kage
with kernel methods
)
\Fld@listcount=\count280
\c@bookmark@seq@number=\count281

(C:/Users/tarob/AppData/Roaming/MiKTeX/2.9/tex/latex/rerunfilecheck/rerunfilech
eck.sty
Package: rerunfilecheck 2022-07-10 v1.10 Rerun checks for auxiliary files (HO)

(C:/Users/tarob/AppData/Roaming/MiKTeX/2.9/tex/generic/uniquecounter/uniquecoun
ter.sty
Package: uniquecounter 2019/12/15 v1.4 Provide unlimited unique counter (HO)
)
Package uniquecounter Info: New unique counter `rerunfilecheck' on input line 2
85.
)
\Hy@SectionHShift=\skip55
)
\auth@toks=\toks23
\affil@toks=\toks24
\email@toks=\toks25
\c@email@counter=\count282
\affiliationsSep=\skip56
LaTeX Font Info:    Trying to load font information for OT1+phv on input line 1
61.
 ("C:/Program Files/MiKTeX 2.9/tex/latex/psnfss/ot1phv.fd"
File: ot1phv.fd 2020/03/25 scalable font definitions for OT1/phv.
))
(./taro.sty
Package: taro 

(C:/Users/tarob/AppData/Roaming/MiKTeX/2.9/tex/latex/xcolor/xcolor.sty
Package: xcolor 2022/06/12 v2.14 LaTeX color extensions (UK)

("C:/Program Files/MiKTeX 2.9/tex/latex/graphics-cfg/color.cfg"
File: color.cfg 2016/01/02 v1.6 sample color configuration
)
Package xcolor Info: Driver file: luatex.def on input line 227.

("C:/Program Files/MiKTeX 2.9/tex/latex/graphics/mathcolor.ltx")
Package xcolor Info: Model `cmy' substituted by `cmy0' on input line 1353.
Package xcolor Info: Model `hsb' substituted by `rgb' on input line 1357.
Package xcolor Info: Model `RGB' extended on input line 1369.
Package xcolor Info: Model `HTML' substituted by `rgb' on input line 1371.
Package xcolor Info: Model `Hsb' substituted by `hsb' on input line 1372.
Package xcolor Info: Model `tHsb' substituted by `hsb' on input line 1373.
Package xcolor Info: Model `HSB' substituted by `hsb' on input line 1374.
Package xcolor Info: Model `Gray' substituted by `gray' on input line 1375.
Package xcolor Info: Model `wave' substituted by `hsb' on input line 1376.

("C:/Program Files/MiKTeX 2.9/tex/latex/graphics/dvipsnam.def"
File: dvipsnam.def 2016/06/17 v3.0m Driver-dependent file (DPC,SPQR)
))
(C:/Users/tarob/AppData/Roaming/MiKTeX/2.9/tex/latex/pgf/frontendlayer/tikz.sty
(C:/Users/tarob/AppData/Roaming/MiKTeX/2.9/tex/latex/pgf/basiclayer/pgf.sty
(C:/Users/tarob/AppData/Roaming/MiKTeX/2.9/tex/latex/pgf/utilities/pgfrcs.sty
(C:/Users/tarob/AppData/Roaming/MiKTeX/2.9/tex/generic/pgf/utilities/pgfutil-co
mmon.tex
\pgfutil@everybye=\toks26
\pgfutil@tempdima=\dimen157
\pgfutil@tempdimb=\dimen158
)
(C:/Users/tarob/AppData/Roaming/MiKTeX/2.9/tex/generic/pgf/utilities/pgfutil-la
tex.def
\pgfutil@abb=\box53
)
(C:/Users/tarob/AppData/Roaming/MiKTeX/2.9/tex/generic/pgf/utilities/pgfrcs.cod
e.tex
(C:/Users/tarob/AppData/Roaming/MiKTeX/2.9/tex/generic/pgf/pgf.revision.tex)
Package: pgfrcs 2023-01-15 v3.1.10 (3.1.10)
))
Package: pgf 2023-01-15 v3.1.10 (3.1.10)

(C:/Users/tarob/AppData/Roaming/MiKTeX/2.9/tex/latex/pgf/basiclayer/pgfcore.sty

(C:/Users/tarob/AppData/Roaming/MiKTeX/2.9/tex/latex/pgf/systemlayer/pgfsys.sty

(C:/Users/tarob/AppData/Roaming/MiKTeX/2.9/tex/generic/pgf/systemlayer/pgfsys.c
ode.tex
Package: pgfsys 2023-01-15 v3.1.10 (3.1.10)

(C:/Users/tarob/AppData/Roaming/MiKTeX/2.9/tex/generic/pgf/utilities/pgfkeys.co
de.tex
\pgfkeys@pathtoks=\toks27
\pgfkeys@temptoks=\toks28

(C:/Users/tarob/AppData/Roaming/MiKTeX/2.9/tex/generic/pgf/utilities/pgfkeyslib
raryfiltered.code.tex
\pgfkeys@tmptoks=\toks29
))
\pgf@x=\dimen159
\pgf@y=\dimen160
\pgf@xa=\dimen161
\pgf@ya=\dimen162
\pgf@xb=\dimen163
\pgf@yb=\dimen164
\pgf@xc=\dimen165
\pgf@yc=\dimen166
\pgf@xd=\dimen167
\pgf@yd=\dimen168
\w@pgf@writea=\write3
\r@pgf@reada=\read2
\c@pgf@counta=\count283
\c@pgf@countb=\count284
\c@pgf@countc=\count285
\c@pgf@countd=\count286
\t@pgf@toka=\toks30
\t@pgf@tokb=\toks31
\t@pgf@tokc=\toks32
\pgf@sys@id@count=\count287

(C:/Users/tarob/AppData/Roaming/MiKTeX/2.9/tex/generic/pgf/systemlayer/pgf.cfg
File: pgf.cfg 2023-01-15 v3.1.10 (3.1.10)
)
Driver file for pgf: pgfsys-luatex.def

(C:/Users/tarob/AppData/Roaming/MiKTeX/2.9/tex/generic/pgf/systemlayer/pgfsys-l
uatex.def
File: pgfsys-luatex.def 2023-01-15 v3.1.10 (3.1.10)

(C:/Users/tarob/AppData/Roaming/MiKTeX/2.9/tex/generic/pgf/systemlayer/pgfsys-c
ommon-pdf.def
File: pgfsys-common-pdf.def 2023-01-15 v3.1.10 (3.1.10)
)))
(C:/Users/tarob/AppData/Roaming/MiKTeX/2.9/tex/generic/pgf/systemlayer/pgfsysso
ftpath.code.tex
File: pgfsyssoftpath.code.tex 2023-01-15 v3.1.10 (3.1.10)
\pgfsyssoftpath@smallbuffer@items=\count288
\pgfsyssoftpath@bigbuffer@items=\count289
)
(C:/Users/tarob/AppData/Roaming/MiKTeX/2.9/tex/generic/pgf/systemlayer/pgfsyspr
otocol.code.tex
File: pgfsysprotocol.code.tex 2023-01-15 v3.1.10 (3.1.10)
))
(C:/Users/tarob/AppData/Roaming/MiKTeX/2.9/tex/generic/pgf/basiclayer/pgfcore.c
ode.tex
Package: pgfcore 2023-01-15 v3.1.10 (3.1.10)

(C:/Users/tarob/AppData/Roaming/MiKTeX/2.9/tex/generic/pgf/math/pgfmath.code.te
x
(C:/Users/tarob/AppData/Roaming/MiKTeX/2.9/tex/generic/pgf/math/pgfmathutil.cod
e.tex)
(C:/Users/tarob/AppData/Roaming/MiKTeX/2.9/tex/generic/pgf/math/pgfmathparser.c
ode.tex
\pgfmath@dimen=\dimen169
\pgfmath@count=\count290
\pgfmath@box=\box54
\pgfmath@toks=\toks33
\pgfmath@stack@operand=\toks34
\pgfmath@stack@operation=\toks35
)
(C:/Users/tarob/AppData/Roaming/MiKTeX/2.9/tex/generic/pgf/math/pgfmathfunction
s.code.tex)
(C:/Users/tarob/AppData/Roaming/MiKTeX/2.9/tex/generic/pgf/math/pgfmathfunction
s.basic.code.tex)
(C:/Users/tarob/AppData/Roaming/MiKTeX/2.9/tex/generic/pgf/math/pgfmathfunction
s.trigonometric.code.tex)
(C:/Users/tarob/AppData/Roaming/MiKTeX/2.9/tex/generic/pgf/math/pgfmathfunction
s.random.code.tex)
(C:/Users/tarob/AppData/Roaming/MiKTeX/2.9/tex/generic/pgf/math/pgfmathfunction
s.comparison.code.tex)
(C:/Users/tarob/AppData/Roaming/MiKTeX/2.9/tex/generic/pgf/math/pgfmathfunction
s.base.code.tex)
(C:/Users/tarob/AppData/Roaming/MiKTeX/2.9/tex/generic/pgf/math/pgfmathfunction
s.round.code.tex)
(C:/Users/tarob/AppData/Roaming/MiKTeX/2.9/tex/generic/pgf/math/pgfmathfunction
s.misc.code.tex)
(C:/Users/tarob/AppData/Roaming/MiKTeX/2.9/tex/generic/pgf/math/pgfmathfunction
s.integerarithmetics.code.tex)
(C:/Users/tarob/AppData/Roaming/MiKTeX/2.9/tex/generic/pgf/math/pgfmathcalc.cod
e.tex)
(C:/Users/tarob/AppData/Roaming/MiKTeX/2.9/tex/generic/pgf/math/pgfmathfloat.co
de.tex
\c@pgfmathroundto@lastzeros=\count291
))
(C:/Users/tarob/AppData/Roaming/MiKTeX/2.9/tex/generic/pgf/math/pgfint.code.tex
)
(C:/Users/tarob/AppData/Roaming/MiKTeX/2.9/tex/generic/pgf/basiclayer/pgfcorepo
ints.code.tex
File: pgfcorepoints.code.tex 2023-01-15 v3.1.10 (3.1.10)
\pgf@picminx=\dimen170
\pgf@picmaxx=\dimen171
\pgf@picminy=\dimen172
\pgf@picmaxy=\dimen173
\pgf@pathminx=\dimen174
\pgf@pathmaxx=\dimen175
\pgf@pathminy=\dimen176
\pgf@pathmaxy=\dimen177
\pgf@xx=\dimen178
\pgf@xy=\dimen179
\pgf@yx=\dimen180
\pgf@yy=\dimen181
\pgf@zx=\dimen182
\pgf@zy=\dimen183
)
(C:/Users/tarob/AppData/Roaming/MiKTeX/2.9/tex/generic/pgf/basiclayer/pgfcorepa
thconstruct.code.tex
File: pgfcorepathconstruct.code.tex 2023-01-15 v3.1.10 (3.1.10)
\pgf@path@lastx=\dimen184
\pgf@path@lasty=\dimen185
)
(C:/Users/tarob/AppData/Roaming/MiKTeX/2.9/tex/generic/pgf/basiclayer/pgfcorepa
thusage.code.tex
File: pgfcorepathusage.code.tex 2023-01-15 v3.1.10 (3.1.10)
\pgf@shorten@end@additional=\dimen186
\pgf@shorten@start@additional=\dimen187
)
(C:/Users/tarob/AppData/Roaming/MiKTeX/2.9/tex/generic/pgf/basiclayer/pgfcoresc
opes.code.tex
File: pgfcorescopes.code.tex 2023-01-15 v3.1.10 (3.1.10)
\pgfpic=\box55
\pgf@hbox=\box56
\pgf@layerbox@main=\box57
\pgf@picture@serial@count=\count292
)
(C:/Users/tarob/AppData/Roaming/MiKTeX/2.9/tex/generic/pgf/basiclayer/pgfcoregr
aphicstate.code.tex
File: pgfcoregraphicstate.code.tex 2023-01-15 v3.1.10 (3.1.10)
\pgflinewidth=\dimen188
)
(C:/Users/tarob/AppData/Roaming/MiKTeX/2.9/tex/generic/pgf/basiclayer/pgfcoretr
ansformations.code.tex
File: pgfcoretransformations.code.tex 2023-01-15 v3.1.10 (3.1.10)
\pgf@pt@x=\dimen189
\pgf@pt@y=\dimen190
\pgf@pt@temp=\dimen191
)
(C:/Users/tarob/AppData/Roaming/MiKTeX/2.9/tex/generic/pgf/basiclayer/pgfcorequ
ick.code.tex
File: pgfcorequick.code.tex 2023-01-15 v3.1.10 (3.1.10)
)
(C:/Users/tarob/AppData/Roaming/MiKTeX/2.9/tex/generic/pgf/basiclayer/pgfcoreob
jects.code.tex
File: pgfcoreobjects.code.tex 2023-01-15 v3.1.10 (3.1.10)
)
(C:/Users/tarob/AppData/Roaming/MiKTeX/2.9/tex/generic/pgf/basiclayer/pgfcorepa
thprocessing.code.tex
File: pgfcorepathprocessing.code.tex 2023-01-15 v3.1.10 (3.1.10)
)
(C:/Users/tarob/AppData/Roaming/MiKTeX/2.9/tex/generic/pgf/basiclayer/pgfcorear
rows.code.tex
File: pgfcorearrows.code.tex 2023-01-15 v3.1.10 (3.1.10)
\pgfarrowsep=\dimen192
)
(C:/Users/tarob/AppData/Roaming/MiKTeX/2.9/tex/generic/pgf/basiclayer/pgfcoresh
ade.code.tex
File: pgfcoreshade.code.tex 2023-01-15 v3.1.10 (3.1.10)
\pgf@max=\dimen193
\pgf@sys@shading@range@num=\count293
\pgf@shadingcount=\count294
)
(C:/Users/tarob/AppData/Roaming/MiKTeX/2.9/tex/generic/pgf/basiclayer/pgfcoreim
age.code.tex
File: pgfcoreimage.code.tex 2023-01-15 v3.1.10 (3.1.10)
)
(C:/Users/tarob/AppData/Roaming/MiKTeX/2.9/tex/generic/pgf/basiclayer/pgfcoreex
ternal.code.tex
File: pgfcoreexternal.code.tex 2023-01-15 v3.1.10 (3.1.10)
\pgfexternal@startupbox=\box58
)
(C:/Users/tarob/AppData/Roaming/MiKTeX/2.9/tex/generic/pgf/basiclayer/pgfcorela
yers.code.tex
File: pgfcorelayers.code.tex 2023-01-15 v3.1.10 (3.1.10)
)
(C:/Users/tarob/AppData/Roaming/MiKTeX/2.9/tex/generic/pgf/basiclayer/pgfcoretr
ansparency.code.tex
File: pgfcoretransparency.code.tex 2023-01-15 v3.1.10 (3.1.10)
)
(C:/Users/tarob/AppData/Roaming/MiKTeX/2.9/tex/generic/pgf/basiclayer/pgfcorepa
tterns.code.tex
File: pgfcorepatterns.code.tex 2023-01-15 v3.1.10 (3.1.10)
)
(C:/Users/tarob/AppData/Roaming/MiKTeX/2.9/tex/generic/pgf/basiclayer/pgfcorerd
f.code.tex
File: pgfcorerdf.code.tex 2023-01-15 v3.1.10 (3.1.10)
)))
(C:/Users/tarob/AppData/Roaming/MiKTeX/2.9/tex/generic/pgf/modules/pgfmodulesha
pes.code.tex
File: pgfmoduleshapes.code.tex 2023-01-15 v3.1.10 (3.1.10)
\pgfnodeparttextbox=\box59
)
(C:/Users/tarob/AppData/Roaming/MiKTeX/2.9/tex/generic/pgf/modules/pgfmoduleplo
t.code.tex
File: pgfmoduleplot.code.tex 2023-01-15 v3.1.10 (3.1.10)
)
(C:/Users/tarob/AppData/Roaming/MiKTeX/2.9/tex/latex/pgf/compatibility/pgfcomp-
version-0-65.sty
Package: pgfcomp-version-0-65 2023-01-15 v3.1.10 (3.1.10)
\pgf@nodesepstart=\dimen194
\pgf@nodesepend=\dimen195
)
(C:/Users/tarob/AppData/Roaming/MiKTeX/2.9/tex/latex/pgf/compatibility/pgfcomp-
version-1-18.sty
Package: pgfcomp-version-1-18 2023-01-15 v3.1.10 (3.1.10)
))
(C:/Users/tarob/AppData/Roaming/MiKTeX/2.9/tex/latex/pgf/utilities/pgffor.sty
(C:/Users/tarob/AppData/Roaming/MiKTeX/2.9/tex/latex/pgf/utilities/pgfkeys.sty
(C:/Users/tarob/AppData/Roaming/MiKTeX/2.9/tex/generic/pgf/utilities/pgfkeys.co
de.tex))
(C:/Users/tarob/AppData/Roaming/MiKTeX/2.9/tex/latex/pgf/math/pgfmath.sty
(C:/Users/tarob/AppData/Roaming/MiKTeX/2.9/tex/generic/pgf/math/pgfmath.code.te
x))
(C:/Users/tarob/AppData/Roaming/MiKTeX/2.9/tex/generic/pgf/utilities/pgffor.cod
e.tex
Package: pgffor 2023-01-15 v3.1.10 (3.1.10)
\pgffor@iter=\dimen196
\pgffor@skip=\dimen197
\pgffor@stack=\toks36
\pgffor@toks=\toks37
))
(C:/Users/tarob/AppData/Roaming/MiKTeX/2.9/tex/generic/pgf/frontendlayer/tikz/t
ikz.code.tex
Package: tikz 2023-01-15 v3.1.10 (3.1.10)

(C:/Users/tarob/AppData/Roaming/MiKTeX/2.9/tex/generic/pgf/libraries/pgflibrary
plothandlers.code.tex
File: pgflibraryplothandlers.code.tex 2023-01-15 v3.1.10 (3.1.10)
\pgf@plot@mark@count=\count295
\pgfplotmarksize=\dimen198
)
\tikz@lastx=\dimen199
\tikz@lasty=\dimen256
\tikz@lastxsaved=\dimen257
\tikz@lastysaved=\dimen258
\tikz@lastmovetox=\dimen259
\tikz@lastmovetoy=\dimen260
\tikzleveldistance=\dimen261
\tikzsiblingdistance=\dimen262
\tikz@figbox=\box60
\tikz@figbox@bg=\box61
\tikz@tempbox=\box62
\tikz@tempbox@bg=\box63
\tikztreelevel=\count296
\tikznumberofchildren=\count297
\tikznumberofcurrentchild=\count298
\tikz@fig@count=\count299

(C:/Users/tarob/AppData/Roaming/MiKTeX/2.9/tex/generic/pgf/modules/pgfmodulemat
rix.code.tex
File: pgfmodulematrix.code.tex 2023-01-15 v3.1.10 (3.1.10)
\pgfmatrixcurrentrow=\count300
\pgfmatrixcurrentcolumn=\count301
\pgf@matrix@numberofcolumns=\count302
)
\tikz@expandcount=\count303

(C:/Users/tarob/AppData/Roaming/MiKTeX/2.9/tex/generic/pgf/frontendlayer/tikz/l
ibraries/tikzlibrarytopaths.code.tex
File: tikzlibrarytopaths.code.tex 2023-01-15 v3.1.10 (3.1.10)
)))
(C:/Users/tarob/AppData/Roaming/MiKTeX/2.9/tex/latex/pgfplots/pgfplots.sty
(C:/Users/tarob/AppData/Roaming/MiKTeX/2.9/tex/generic/pgfplots/pgfplots.revisi
on.tex)
Package: pgfplots 2021/05/15 v1.18.1 Data Visualization (1.18.1)

(C:/Users/tarob/AppData/Roaming/MiKTeX/2.9/tex/generic/pgfplots/pgfplots.code.t
ex
(C:/Users/tarob/AppData/Roaming/MiKTeX/2.9/tex/generic/pgfplots/pgfplotscore.co
de.tex
Package pgfplots info on input line 124: Initializing with LUA version Lua 5.3
\pgfplots@luabackend@table=\catcodetable12
\t@pgfplots@toka=\toks38
\t@pgfplots@tokb=\toks39
\t@pgfplots@tokc=\toks40
\pgfplots@tmpa=\dimen263
\c@pgfplots@coordindex=\count304
\c@pgfplots@scanlineindex=\count305

(C:/Users/tarob/AppData/Roaming/MiKTeX/2.9/tex/generic/pgfplots/sys/pgfplotssys
generic.code.tex))
(C:/Users/tarob/AppData/Roaming/MiKTeX/2.9/tex/generic/pgfplots/libs/pgfplotsli
brary.code.tex)
(C:/Users/tarob/AppData/Roaming/MiKTeX/2.9/tex/generic/pgfplots/oldpgfcompatib/
pgfplotsoldpgfsupp_loader.code.tex
(C:/Users/tarob/AppData/Roaming/MiKTeX/2.9/tex/generic/pgf/libraries/pgflibrary
fpu.code.tex)
Package pgfplots: loading complementary utilities for your pgf version...
\t@pgf@toka=\toks41
\t@pgf@tokb=\toks42
\t@pgf@tokc=\toks43

(C:/Users/tarob/AppData/Roaming/MiKTeX/2.9/tex/generic/pgfplots/oldpgfcompatib/
pgfplotsoldpgfsupp_pgfutil-common-lists.tex)
(C:/Users/tarob/AppData/Roaming/MiKTeX/2.9/tex/generic/pgf/libraries/luamath/pg
flibraryluamath.code.tex)
Package pgfplots info on input line 290: luamath library shipped with pgf 3.1.1
0 is up-to-date
)
(C:/Users/tarob/AppData/Roaming/MiKTeX/2.9/tex/generic/pgfplots/util/pgfplotsut
il.code.tex
Package pgfplots info on input line 82: Found new luatex: initializing lua comm
ands instead of write18 (shell-escape)

(C:/Users/tarob/AppData/Roaming/MiKTeX/2.9/tex/generic/pgfplots/liststructure/p
gfplotsliststructure.code.tex)
(C:/Users/tarob/AppData/Roaming/MiKTeX/2.9/tex/generic/pgfplots/liststructure/p
gfplotsliststructureext.code.tex)
(C:/Users/tarob/AppData/Roaming/MiKTeX/2.9/tex/generic/pgfplots/liststructure/p
gfplotsarray.code.tex
\c@pgfplotsarray@tmp=\count306
)
(C:/Users/tarob/AppData/Roaming/MiKTeX/2.9/tex/generic/pgfplots/liststructure/p
gfplotsmatrix.code.tex)
(C:/Users/tarob/AppData/Roaming/MiKTeX/2.9/tex/generic/pgfplots/numtable/pgfplo
tstableshared.code.tex
\c@pgfplotstable@counta=\count307
\t@pgfplotstable@a=\toks44
)
(C:/Users/tarob/AppData/Roaming/MiKTeX/2.9/tex/generic/pgfplots/liststructure/p
gfplotsdeque.code.tex)
(C:/Users/tarob/AppData/Roaming/MiKTeX/2.9/tex/generic/pgfplots/util/pgfplotsbi
nary.code.tex
(C:/Users/tarob/AppData/Roaming/MiKTeX/2.9/tex/generic/pgfplots/util/pgfplotsbi
nary.data.code.tex))
(C:/Users/tarob/AppData/Roaming/MiKTeX/2.9/tex/generic/pgfplots/util/pgfplotsut
il.verb.code.tex)
(C:/Users/tarob/AppData/Roaming/MiKTeX/2.9/tex/generic/pgfplots/libs/pgflibrary
pgfplots.surfshading.code.tex
\c@pgfplotslibrarysurf@no=\count308

(C:/Users/tarob/AppData/Roaming/MiKTeX/2.9/tex/generic/pgfplots/sys/pgflibraryp
gfplots.surfshading.pgfsys-luatex.def)))
(C:/Users/tarob/AppData/Roaming/MiKTeX/2.9/tex/generic/pgfplots/util/pgfplotsco
lormap.code.tex
(C:/Users/tarob/AppData/Roaming/MiKTeX/2.9/tex/generic/pgfplots/util/pgfplotsco
lor.code.tex))
(C:/Users/tarob/AppData/Roaming/MiKTeX/2.9/tex/generic/pgfplots/pgfplotsstacked
plots.code.tex)
(C:/Users/tarob/AppData/Roaming/MiKTeX/2.9/tex/generic/pgfplots/pgfplotsplothan
dlers.code.tex
(C:/Users/tarob/AppData/Roaming/MiKTeX/2.9/tex/generic/pgfplots/pgfplotsmeshplo
thandler.code.tex
(C:/Users/tarob/AppData/Roaming/MiKTeX/2.9/tex/generic/pgfplots/pgfplotsmeshplo
timage.code.tex)))
(C:/Users/tarob/AppData/Roaming/MiKTeX/2.9/tex/generic/pgfplots/pgfplots.scalin
g.code.tex)
(C:/Users/tarob/AppData/Roaming/MiKTeX/2.9/tex/generic/pgfplots/pgfplotscoordpr
ocessing.code.tex)
(C:/Users/tarob/AppData/Roaming/MiKTeX/2.9/tex/generic/pgfplots/pgfplots.errorb
ars.code.tex)
(C:/Users/tarob/AppData/Roaming/MiKTeX/2.9/tex/generic/pgfplots/pgfplots.marker
s.code.tex)
(C:/Users/tarob/AppData/Roaming/MiKTeX/2.9/tex/generic/pgfplots/pgfplotsticks.c
ode.tex)
(C:/Users/tarob/AppData/Roaming/MiKTeX/2.9/tex/generic/pgfplots/pgfplots.paths.
code.tex)
(C:/Users/tarob/AppData/Roaming/MiKTeX/2.9/tex/generic/pgf/frontendlayer/tikz/l
ibraries/tikzlibrarydecorations.code.tex
(C:/Users/tarob/AppData/Roaming/MiKTeX/2.9/tex/generic/pgf/modules/pgfmoduledec
orations.code.tex
\pgfdecoratedcompleteddistance=\dimen264
\pgfdecoratedremainingdistance=\dimen265
\pgfdecoratedinputsegmentcompleteddistance=\dimen266
\pgfdecoratedinputsegmentremainingdistance=\dimen267
\pgf@decorate@distancetomove=\dimen268
\pgf@decorate@repeatstate=\count309
\pgfdecorationsegmentamplitude=\dimen269
\pgfdecorationsegmentlength=\dimen270
)
\tikz@lib@dec@box=\box64
)
(C:/Users/tarob/AppData/Roaming/MiKTeX/2.9/tex/generic/pgf/frontendlayer/tikz/l
ibraries/tikzlibrarydecorations.pathmorphing.code.tex
(C:/Users/tarob/AppData/Roaming/MiKTeX/2.9/tex/generic/pgf/libraries/decoration
s/pgflibrarydecorations.pathmorphing.code.tex))
(C:/Users/tarob/AppData/Roaming/MiKTeX/2.9/tex/generic/pgf/frontendlayer/tikz/l
ibraries/tikzlibrarydecorations.pathreplacing.code.tex
(C:/Users/tarob/AppData/Roaming/MiKTeX/2.9/tex/generic/pgf/libraries/decoration
s/pgflibrarydecorations.pathreplacing.code.tex))
(C:/Users/tarob/AppData/Roaming/MiKTeX/2.9/tex/generic/pgfplots/libs/tikzlibrar
ypgfplots.contourlua.code.tex)
\pgfplots@numplots=\count310
\pgfplots@xmin@reg=\dimen271
\pgfplots@xmax@reg=\dimen272
\pgfplots@ymin@reg=\dimen273
\pgfplots@ymax@reg=\dimen274
\pgfplots@zmin@reg=\dimen275
\pgfplots@zmax@reg=\dimen276
)
(C:/Users/tarob/AppData/Roaming/MiKTeX/2.9/tex/generic/pgf/frontendlayer/tikz/l
ibraries/tikzlibraryplotmarks.code.tex
File: tikzlibraryplotmarks.code.tex 2023-01-15 v3.1.10 (3.1.10)

(C:/Users/tarob/AppData/Roaming/MiKTeX/2.9/tex/generic/pgf/libraries/pgflibrary
plotmarks.code.tex
File: pgflibraryplotmarks.code.tex 2023-01-15 v3.1.10 (3.1.10)
))) ("C:/Program Files/MiKTeX 2.9/tex/latex/base/fontenc.sty"
Package: fontenc 2021/04/29 v2.0v Standard LaTeX package
LaTeX Font Info:    Trying to load font information for T1+lmr on input line 11
2.
("C:/Program Files/MiKTeX 2.9/tex/latex/lm/t1lmr.fd"
File: t1lmr.fd 2015/05/01 v1.6.1 Font defs for Latin Modern
))
("C:/Program Files/MiKTeX 2.9/tex/latex/carlisle/slashed.sty"
Package: slashed 1997/01/16 v0.01 Feynman Slashed Character Notation (DPC)
)
(C:/Users/tarob/AppData/Roaming/MiKTeX/2.9/tex/latex/tools/bm.sty
Package: bm 2022/01/05 v1.2f Bold Symbol Support (DPC/FMi)
\symboldoperators=\mathgroup6
\symboldletters=\mathgroup7
\symboldsymbols=\mathgroup8
Package bm Info: No bold for \OMX/cmex/m/n, using \pmb.
Package bm Info: No bold for \U/msa/m/n, using \pmb.
Package bm Info: No bold for \U/msb/m/n, using \pmb.
LaTeX Font Info:    Redeclaring math alphabet \mathbf on input line 149.
)
(C:/Users/tarob/AppData/Roaming/MiKTeX/2.9/tex/latex/physics/physics.sty
Package: physics 

(C:/Users/tarob/AppData/Roaming/MiKTeX/2.9/tex/latex/l3packages/xparse/xparse.s
ty (C:/Users/tarob/AppData/Roaming/MiKTeX/2.9/tex/latex/l3kernel/expl3.sty
Package: expl3 2023-05-05 L3 programming layer (loader) 

(C:/Users/tarob/AppData/Roaming/MiKTeX/2.9/tex/latex/l3backend/l3backend-luatex
.def
File: l3backend-luatex.def 2023-04-19 L3 backend support: PDF output (LuaTeX)
\l__color_backend_stack_int=\count311
Inserting `l3color' in `luaotfload.parse_color'.
\l__pdf_internal_box=\box65
))
Package: xparse 2023-02-02 L3 Experimental document command parser
))
(C:/Users/tarob/AppData/Roaming/MiKTeX/2.9/tex/latex/doublestroke/dsfont.sty
Package: dsfont 1995/08/01 v0.1 Double stroke roman fonts
)
(C:/Users/tarob/AppData/Roaming/MiKTeX/2.9/tex/latex/cases/cases.sty
Package: cases 2020/03/29 ver 3.2
\numc@numwid=\dimen277
)
(C:/Users/tarob/AppData/Roaming/MiKTeX/2.9/tex/latex/listings/listings.sty
\lst@mode=\count312
\lst@gtempboxa=\box66
\lst@token=\toks45
\lst@length=\count313
\lst@currlwidth=\dimen278
\lst@column=\count314
\lst@pos=\count315
\lst@lostspace=\dimen279
\lst@width=\dimen280
\lst@newlines=\count316
\lst@lineno=\count317
\lst@maxwidth=\dimen281

(C:/Users/tarob/AppData/Roaming/MiKTeX/2.9/tex/latex/listings/lstmisc.sty
File: lstmisc.sty 2023/02/27 1.9 (Carsten Heinz)
\c@lstnumber=\count318
\lst@skipnumbers=\count319
\lst@framebox=\box67
)
(C:/Users/tarob/AppData/Roaming/MiKTeX/2.9/tex/latex/listings/listings.cfg
File: listings.cfg 2023/02/27 1.9 listings configuration
))
Package: listings 2023/02/27 1.9 (Carsten Heinz)

(C:/Users/tarob/AppData/Roaming/MiKTeX/2.9/tex/latex/listings/lstlang1.sty
File: lstlang1.sty 2023/02/27 1.9 listings language file
)
\pgf@layerbox@bg=\box68
\pgf@layerboxsaved@bg=\box69

(C:/Users/tarob/AppData/Roaming/MiKTeX/2.9/tex/latex/isodate/isodate.sty
Package: isodate 2010/01/03 v2.30 Print dates with different formats (HH)

("C:/Program Files/MiKTeX 2.9/tex/latex/base/ifthen.sty"
Package: ifthen 2022/04/13 v1.1d Standard LaTeX ifthen package (DPC)
)
(C:/Users/tarob/AppData/Roaming/MiKTeX/2.9/tex/latex/substr/substr.sty
Package: substr 2009/10/20 v1.2 Handle substrings
\c@su@anzahl=\count320
)
(C:/Users/tarob/AppData/Roaming/MiKTeX/2.9/tex/latex/isodate/english.idf
File: english.idf 2010/01/03 v2.30 Language definitions for isodate package (HH
)

Define commands for English date format
)
\c@iso@tmpmonth=\count321
\c@iso@yeartwo=\count322
\c@iso@slash=\count323
\c@iso@minus=\count324
\c@iso@dot=\count325
\c@iso@@slash=\count326
\c@iso@@minus=\count327
\c@iso@@dot=\count328
) ("C:/Program Files/MiKTeX 2.9/tex/latex/float/float.sty"
Package: float 2001/11/08 v1.3d Float enhancements (AL)
\c@float@type=\count329
\float@exts=\toks46
\float@box=\box70
\@float@everytoks=\toks47
\@floatcapt=\box71
)
(C:/Users/tarob/AppData/Roaming/MiKTeX/2.9/tex/generic/pgf/frontendlayer/tikz/l
ibraries/tikzlibraryshapes.misc.code.tex
File: tikzlibraryshapes.misc.code.tex 2023-01-15 v3.1.10 (3.1.10)

(C:/Users/tarob/AppData/Roaming/MiKTeX/2.9/tex/generic/pgf/libraries/shapes/pgf
libraryshapes.misc.code.tex
File: pgflibraryshapes.misc.code.tex 2023-01-15 v3.1.10 (3.1.10)
))
(C:/Users/tarob/AppData/Roaming/MiKTeX/2.9/tex/generic/pgf/frontendlayer/tikz/l
ibraries/tikzlibraryarrows.code.tex
File: tikzlibraryarrows.code.tex 2023-01-15 v3.1.10 (3.1.10)

(C:/Users/tarob/AppData/Roaming/MiKTeX/2.9/tex/generic/pgf/libraries/pgflibrary
arrows.code.tex
File: pgflibraryarrows.code.tex 2023-01-15 v3.1.10 (3.1.10)
\arrowsize=\dimen282
))
(C:/Users/tarob/AppData/Roaming/MiKTeX/2.9/tex/generic/pgf/frontendlayer/tikz/l
ibraries/tikzlibrarycalc.code.tex
File: tikzlibrarycalc.code.tex 2023-01-15 v3.1.10 (3.1.10)
)
(C:/Users/tarob/AppData/Roaming/MiKTeX/2.9/tex/generic/pgf/frontendlayer/tikz/l
ibraries/tikzlibrarydecorations.markings.code.tex
(C:/Users/tarob/AppData/Roaming/MiKTeX/2.9/tex/generic/pgf/libraries/decoration
s/pgflibrarydecorations.markings.code.tex))
(C:/Users/tarob/AppData/Roaming/MiKTeX/2.9/tex/generic/pgf/frontendlayer/tikz/l
ibraries/tikzlibrarypositioning.code.tex
File: tikzlibrarypositioning.code.tex 2023-01-15 v3.1.10 (3.1.10)
)
(C:/Users/tarob/AppData/Roaming/MiKTeX/2.9/tex/generic/pgf/frontendlayer/tikz/l
ibraries/tikzlibraryfit.code.tex
File: tikzlibraryfit.code.tex 2023-01-15 v3.1.10 (3.1.10)
)
(C:/Users/tarob/AppData/Roaming/MiKTeX/2.9/tex/generic/pgf/frontendlayer/tikz/l
ibraries/tikzlibrarypatterns.code.tex
File: tikzlibrarypatterns.code.tex 2023-01-15 v3.1.10 (3.1.10)

(C:/Users/tarob/AppData/Roaming/MiKTeX/2.9/tex/generic/pgf/libraries/pgflibrary
patterns.code.tex
File: pgflibrarypatterns.code.tex 2023-01-15 v3.1.10 (3.1.10)
)))
(C:/Users/tarob/AppData/Roaming/MiKTeX/2.9/tex/latex/booktabs/booktabs.sty
Package: booktabs 2020/01/12 v1.61803398 Publication quality tables
\heavyrulewidth=\dimen283
\lightrulewidth=\dimen284
\cmidrulewidth=\dimen285
\belowrulesep=\dimen286
\belowbottomsep=\dimen287
\aboverulesep=\dimen288
\abovetopsep=\dimen289
\cmidrulesep=\dimen290
\cmidrulekern=\dimen291
\defaultaddspace=\dimen292
\@cmidla=\count330
\@cmidlb=\count331
\@aboverulesep=\dimen293
\@belowrulesep=\dimen294
\@thisruleclass=\count332
\@lastruleclass=\count333
\@thisrulewidth=\dimen295
)

LaTeX Warning: Unused global option(s):
    [letter].

(./main.aux)
\openout1 = main.aux

LaTeX Font Info:    Checking defaults for OML/cmm/m/it on input line 12.
LaTeX Font Info:    ... okay on input line 12.
LaTeX Font Info:    Checking defaults for OMS/cmsy/m/n on input line 12.
LaTeX Font Info:    ... okay on input line 12.
LaTeX Font Info:    Checking defaults for OT1/cmr/m/n on input line 12.
LaTeX Font Info:    ... okay on input line 12.
LaTeX Font Info:    Checking defaults for T1/cmr/m/n on input line 12.
LaTeX Font Info:    ... okay on input line 12.
LaTeX Font Info:    Checking defaults for TS1/cmr/m/n on input line 12.
LaTeX Font Info:    Trying to load font information for TS1+cmr on input line 1
2.
 ("C:/Program Files/MiKTeX 2.9/tex/latex/base/ts1cmr.fd"
File: ts1cmr.fd 2022/07/10 v2.5l Standard LaTeX font definitions
)
LaTeX Font Info:    ... okay on input line 12.
LaTeX Font Info:    Checking defaults for TU/lmr/m/n on input line 12.
LaTeX Font Info:    ... okay on input line 12.
LaTeX Font Info:    Checking defaults for OMX/cmex/m/n on input line 12.
LaTeX Font Info:    ... okay on input line 12.
LaTeX Font Info:    Checking defaults for U/cmr/m/n on input line 12.
LaTeX Font Info:    ... okay on input line 12.
LaTeX Font Info:    Checking defaults for PD1/pdf/m/n on input line 12.
LaTeX Font Info:    ... okay on input line 12.
LaTeX Font Info:    Checking defaults for PU/pdf/m/n on input line 12.
LaTeX Font Info:    ... okay on input line 12.

(C:/Users/tarob/AppData/Roaming/MiKTeX/2.9/tex/context/base/mkii/supp-pdf.mkii
[Loading MPS to PDF converter (version 2006.09.02).]
\scratchcounter=\count334
\scratchdimen=\dimen296
\scratchbox=\box72
\nofMPsegments=\count335
\nofMParguments=\count336
\everyMPshowfont=\toks48
\MPscratchCnt=\count337
\MPscratchDim=\dimen297
\MPnumerator=\count338
\makeMPintoPDFobject=\count339
\everyMPtoPDFconversion=\toks49
)
(C:/Users/tarob/AppData/Roaming/MiKTeX/2.9/tex/latex/epstopdf-pkg/epstopdf-base
.sty
Package: epstopdf-base 2020-01-24 v2.11 Base part for package epstopdf
Package epstopdf-base Info: Redefining graphics rule for `.eps' on input line 4
85.
 ("C:/Program Files/MiKTeX 2.9/tex/latex/00miktex/epstopdf-sys.cfg"
File: epstopdf-sys.cfg 2021/03/18 v2.0 Configuration of epstopdf for MiKTeX
))
Package hyperref Info: Link coloring ON on input line 12.

(./main.out) (./main.out)
\@outlinefile=\write4

\openout4 = main.out


Package pgfplots Warning: running in backwards compatibility mode (unsuitable t
ick labels; missing features). Consider writing \pgfplotsset{compat=1.18} into 
your preamble.
 on input line 12.

\c@lstlisting=\count340
isodate: babel.sty, (n)german.sty have not been loaded
LaTeX Font Info:    Trying to load font information for T1+lmss on input line 1
4.
("C:/Program Files/MiKTeX 2.9/tex/latex/lm/t1lmss.fd"
File: t1lmss.fd 2015/05/01 v1.6.1 Font defs for Latin Modern
)
LaTeX Font Info:    Trying to load font information for U+msa on input line 14.


("C:/Program Files/MiKTeX 2.9/tex/latex/amsfonts/umsa.fd"
File: umsa.fd 2013/01/14 v3.01 AMS symbols A
)
LaTeX Font Info:    Trying to load font information for U+msb on input line 14.


("C:/Program Files/MiKTeX 2.9/tex/latex/amsfonts/umsb.fd"
File: umsb.fd 2013/01/14 v3.01 AMS symbols B
)

Package JHEP Warning: E-mails are missing.
(JHEP)                Plese use \emailAdd macro to provide e-mails..

[0

{C:/Users/tarob/AppData/Local/MiKTeX/2.9/fonts/map/pdftex/pdftex.map}]
(./main.toc)
\tf@toc=\write5

\openout5 = main.toc
<box-types.png, id=26, 586.19pt x 283.0575pt>
File: box-types.png Graphic file (type png)
<use box-types.png>
Package luatex.def Info: box-types.png  used on input line 29.
(luatex.def)             Requested size: 353.83585pt x 170.8551pt.
<zeromass.png, id=27, 893.3375pt x 214.30063pt>
File: zeromass.png Graphic file (type png)
<use zeromass.png>
Package luatex.def Info: zeromass.png  used on input line 36.
(luatex.def)             Requested size: 398.06111pt x 95.48936pt.
 [1
warning  (pdf backend): ignoring duplicate destination with the name 'figure.1'
<./box-types.png>]
Underfull \hbox (badness 10000) in paragraph at lines 68--73

 []


Underfull \hbox (badness 10000) in paragraph at lines 68--73

 []

[2
warning  (pdf backend): ignoring duplicate destination with the name 'figure.2'
<./zeromass.png>] [3]
<fourmass.png, id=87, 586.19pt x 369.38pt>
File: fourmass.png Graphic file (type png)
<use fourmass.png>
Package luatex.def Info: fourmass.png  used on input line 158.
(luatex.def)             Requested size: 176.91455pt x 111.47993pt.
 [4
warning  (pdf backend): ignoring duplicate destination with the name 'figure.3'
<./fourmass.png>] (./main.aux)
Package rerunfilecheck Info: File `main.out' has not changed.
(rerunfilecheck)             Checksum: 93C71D4B67486B13B0A0926E1ACFB423;386.
)

Here is how much of LuaTeX's memory you used:
 36138 strings out of 478309
 125027,1977958 words of node,token memory allocated
 655 words of node memory still in use:
   6 hlist, 2 vlist, 2 rule, 3 glue, 4 kern, 1 glyph, 40 attribute, 57 glue_spec
, 40 attribute_list, 2 write nodes
   avail lists: 1:1,2:507,3:132,4:38,5:295,6:25,7:3369,8:87,9:907,10:6,11:150
 54938 multiletter control sequences out of 65536+600000
 107 fonts using 6815679 bytes
 99i,11n,90p,745b,356s stack positions out of 10000i,1000n,20000p,200000b,200000s
{C:/Program Files/MiKTeX 2.9/fonts/enc/dvips/lm/lm-ec.enc}<C:/Program Files/MiKT
eX 2.9/fonts/type1/public/amsfonts/cm/cmex10.pfb><C:/Program Files/MiKTeX 2.9/fo
nts/type1/public/amsfonts/cmextra/cmex7.pfb><C:/Program Files/MiKTeX 2.9/fonts/t
ype1/public/amsfonts/cm/cmmi10.pfb><C:/Program Files/MiKTeX 2.9/fonts/type1/publ
ic/amsfonts/cm/cmmi12.pfb><C:/Program Files/MiKTeX 2.9/fonts/type1/public/amsfon
ts/cm/cmmi5.pfb><C:/Program Files/MiKTeX 2.9/fonts/type1/public/amsfonts/cm/cmmi
6.pfb><C:/Program Files/MiKTeX 2.9/fonts/type1/public/amsfonts/cm/cmmi8.pfb><C:/
Program Files/MiKTeX 2.9/fonts/type1/public/amsfonts/cm/cmr10.pfb><C:/Program Fi
les/MiKTeX 2.9/fonts/type1/public/amsfonts/cm/cmr12.pfb><C:/Program Files/MiKTeX
 2.9/fonts/type1/public/amsfonts/cm/cmr17.pfb><C:/Program Files/MiKTeX 2.9/fonts
/type1/public/amsfonts/cm/cmr5.pfb><C:/Program Files/MiKTeX 2.9/fonts/type1/publ
ic/amsfonts/cm/cmr6.pfb><C:/Program Files/MiKTeX 2.9/fonts/type1/public/amsfonts
/cm/cmr7.pfb><C:/Program Files/MiKTeX 2.9/fonts/type1/public/amsfonts/cm/cmr8.pf
b><C:/Program Files/MiKTeX 2.9/fonts/type1/public/amsfonts/cm/cmsy10.pfb><C:/Pro
gram Files/MiKTeX 2.9/fonts/type1/public/amsfonts/cm/cmsy5.pfb><C:/Program Files
/MiKTeX 2.9/fonts/type1/public/amsfonts/cm/cmsy6.pfb><C:/Program Files/MiKTeX 2.
9/fonts/type1/public/amsfonts/cm/cmsy8.pfb><C:/Program Files/MiKTeX 2.9/fonts/ty
pe1/public/lm/lmbx10.pfb><C:/Program Files/MiKTeX 2.9/fonts/type1/public/lm/lmbx
12.pfb><C:/Program Files/MiKTeX 2.9/fonts/type1/public/lm/lmr10.pfb><C:/Program 
Files/MiKTeX 2.9/fonts/type1/public/lm/lmr12.pfb><C:/Program Files/MiKTeX 2.9/fo
nts/type1/public/lm/lmr6.pfb><C:/Program Files/MiKTeX 2.9/fonts/type1/public/lm/
lmr7.pfb><C:/Program Files/MiKTeX 2.9/fonts/type1/public/lm/lmr8.pfb><C:/Program
 Files/MiKTeX 2.9/fonts/type1/public/lm/lmri10.pfb><C:/Program Files/MiKTeX 2.9/
fonts/type1/public/lm/lmri12.pfb><C:/Program Files/MiKTeX 2.9/fonts/type1/public
/lm/lmssbx10.pfb>
Output written on main.pdf (5 pages, 527209 bytes).

PDF statistics: 185 PDF objects out of 1000 (max. 8388607)
 29 named destinations out of 1000 (max. 131072)
 32 words of extra memory for PDF output out of 10000 (max. 100000000)

